[2023-01-09T17:35:52.486+0000] {taskinstance.py:1165} INFO - Dependencies all met for <TaskInstance: get_crypto_dag.DOGE scheduled__2023-01-05T00:00:00+00:00 [queued]>
[2023-01-09T17:35:52.536+0000] {taskinstance.py:1165} INFO - Dependencies all met for <TaskInstance: get_crypto_dag.DOGE scheduled__2023-01-05T00:00:00+00:00 [queued]>
[2023-01-09T17:35:52.537+0000] {taskinstance.py:1362} INFO - 
--------------------------------------------------------------------------------
[2023-01-09T17:35:52.537+0000] {taskinstance.py:1363} INFO - Starting attempt 1 of 1
[2023-01-09T17:35:52.538+0000] {taskinstance.py:1364} INFO - 
--------------------------------------------------------------------------------
[2023-01-09T17:35:52.552+0000] {taskinstance.py:1383} INFO - Executing <Task(_PythonDecoratedOperator): DOGE> on 2023-01-05 00:00:00+00:00
[2023-01-09T17:35:52.555+0000] {standard_task_runner.py:54} INFO - Started process 21 to run task
[2023-01-09T17:35:52.558+0000] {standard_task_runner.py:82} INFO - Running: ['airflow', 'tasks', 'run', 'get_crypto_dag', 'DOGE', 'scheduled__2023-01-05T00:00:00+00:00', '--job-id', '126', '--raw', '--subdir', 'DAGS_FOLDER/get_stocks_dag.py', '--cfg-path', '/tmp/tmpfmncegpb']
[2023-01-09T17:35:52.559+0000] {standard_task_runner.py:83} INFO - Job 126: Subtask DOGE
[2023-01-09T17:35:52.561+0000] {dagbag.py:525} INFO - Filling up the DagBag from /opt/airflow/dags/get_stocks_dag.py
[2023-01-09T17:35:54.360+0000] {logging_mixin.py:117} WARNING - /home/airflow/.local/lib/python3.7/site-packages/airflow/models/dag.py:3425 RemovedInAirflow3Warning: Param `schedule_interval` is deprecated and will be removed in a future release. Please use `schedule` instead.
[2023-01-09T17:35:54.449+0000] {task_command.py:384} INFO - Running <TaskInstance: get_crypto_dag.DOGE scheduled__2023-01-05T00:00:00+00:00 [running]> on host getcryptodagdoge-3ddf2ccd0ff949db834dcd7a05dd21f5
[2023-01-09T17:35:54.561+0000] {taskinstance.py:1592} INFO - Exporting the following env vars:
AIRFLOW_CTX_DAG_OWNER=airflow
AIRFLOW_CTX_DAG_ID=get_crypto_dag
AIRFLOW_CTX_TASK_ID=DOGE
AIRFLOW_CTX_EXECUTION_DATE=2023-01-05T00:00:00+00:00
AIRFLOW_CTX_TRY_NUMBER=1
AIRFLOW_CTX_DAG_RUN_ID=scheduled__2023-01-05T00:00:00+00:00
[2023-01-09T17:35:54.892+0000] {logging_mixin.py:117} INFO - Got error from yahoo api for ticker DOGE, Error: {'code': 'Not Found', 'description': 'No data found, symbol may be delisted'}
[2023-01-09T17:35:54.894+0000] {logging_mixin.py:117} INFO - - DOGE: No data found for this date range, symbol may be delisted
[2023-01-09T17:35:54.901+0000] {python.py:177} INFO - Done. Returned value was: None
[2023-01-09T17:35:54.910+0000] {taskinstance.py:1406} INFO - Marking task as SUCCESS. dag_id=get_crypto_dag, task_id=DOGE, execution_date=20230105T000000, start_date=20230109T173552, end_date=20230109T173554
[2023-01-09T17:35:54.948+0000] {local_task_job.py:164} INFO - Task exited with return code 0
[2023-01-09T17:35:54.966+0000] {local_task_job.py:273} INFO - 0 downstream tasks scheduled from follow-on schedule check
