[2022-12-29T00:16:41.354+0000] {taskinstance.py:1165} INFO - Dependencies all met for <TaskInstance: get_crypto_dag.GOOG scheduled__2022-12-28T00:00:00+00:00 [queued]>
[2022-12-29T00:16:41.366+0000] {taskinstance.py:1165} INFO - Dependencies all met for <TaskInstance: get_crypto_dag.GOOG scheduled__2022-12-28T00:00:00+00:00 [queued]>
[2022-12-29T00:16:41.367+0000] {taskinstance.py:1362} INFO - 
--------------------------------------------------------------------------------
[2022-12-29T00:16:41.367+0000] {taskinstance.py:1363} INFO - Starting attempt 1 of 1
[2022-12-29T00:16:41.368+0000] {taskinstance.py:1364} INFO - 
--------------------------------------------------------------------------------
[2022-12-29T00:16:41.390+0000] {taskinstance.py:1383} INFO - Executing <Task(_PythonDecoratedOperator): GOOG> on 2022-12-28 00:00:00+00:00
[2022-12-29T00:16:41.394+0000] {standard_task_runner.py:54} INFO - Started process 21 to run task
[2022-12-29T00:16:41.396+0000] {standard_task_runner.py:82} INFO - Running: ['airflow', 'tasks', 'run', 'get_crypto_dag', 'GOOG', 'scheduled__2022-12-28T00:00:00+00:00', '--job-id', '76', '--raw', '--subdir', 'DAGS_FOLDER/get_stocks_dag.py', '--cfg-path', '/tmp/tmpxhsvxxcs']
[2022-12-29T00:16:41.398+0000] {standard_task_runner.py:83} INFO - Job 76: Subtask GOOG
[2022-12-29T00:16:41.399+0000] {dagbag.py:525} INFO - Filling up the DagBag from /opt/airflow/dags/get_stocks_dag.py
[2022-12-29T00:16:43.460+0000] {logging_mixin.py:117} WARNING - /home/airflow/.local/lib/python3.7/site-packages/airflow/models/dag.py:3425 RemovedInAirflow3Warning: Param `schedule_interval` is deprecated and will be removed in a future release. Please use `schedule` instead.
[2022-12-29T00:16:43.590+0000] {task_command.py:384} INFO - Running <TaskInstance: get_crypto_dag.GOOG scheduled__2022-12-28T00:00:00+00:00 [running]> on host getcryptodaggoog-b7fe6bfb442749f4b00a2af0d436d7ac
[2022-12-29T00:16:43.778+0000] {taskinstance.py:1592} INFO - Exporting the following env vars:
AIRFLOW_CTX_DAG_OWNER=airflow
AIRFLOW_CTX_DAG_ID=get_crypto_dag
AIRFLOW_CTX_TASK_ID=GOOG
AIRFLOW_CTX_EXECUTION_DATE=2022-12-28T00:00:00+00:00
AIRFLOW_CTX_TRY_NUMBER=1
AIRFLOW_CTX_DAG_RUN_ID=scheduled__2022-12-28T00:00:00+00:00
[2022-12-29T00:16:44.411+0000] {python.py:177} INFO - Done. Returned value was: None
[2022-12-29T00:16:44.451+0000] {taskinstance.py:1406} INFO - Marking task as SUCCESS. dag_id=get_crypto_dag, task_id=GOOG, execution_date=20221228T000000, start_date=20221229T001641, end_date=20221229T001644
[2022-12-29T00:16:44.504+0000] {local_task_job.py:164} INFO - Task exited with return code 0
[2022-12-29T00:16:44.524+0000] {local_task_job.py:273} INFO - 0 downstream tasks scheduled from follow-on schedule check
