[2023-01-13T11:42:26.899+0000] {taskinstance.py:1165} INFO - Dependencies all met for <TaskInstance: get_crypto_dag.TSLA scheduled__2023-01-12T00:00:00+00:00 [queued]>
[2023-01-13T11:42:27.190+0000] {taskinstance.py:1165} INFO - Dependencies all met for <TaskInstance: get_crypto_dag.TSLA scheduled__2023-01-12T00:00:00+00:00 [queued]>
[2023-01-13T11:42:27.191+0000] {taskinstance.py:1362} INFO - 
--------------------------------------------------------------------------------
[2023-01-13T11:42:27.192+0000] {taskinstance.py:1363} INFO - Starting attempt 1 of 1
[2023-01-13T11:42:27.193+0000] {taskinstance.py:1364} INFO - 
--------------------------------------------------------------------------------
[2023-01-13T11:42:27.403+0000] {taskinstance.py:1383} INFO - Executing <Task(_PythonDecoratedOperator): TSLA> on 2023-01-12 00:00:00+00:00
[2023-01-13T11:42:27.409+0000] {standard_task_runner.py:54} INFO - Started process 21 to run task
[2023-01-13T11:42:27.415+0000] {standard_task_runner.py:82} INFO - Running: ['airflow', 'tasks', 'run', 'get_crypto_dag', 'TSLA', 'scheduled__2023-01-12T00:00:00+00:00', '--job-id', '181', '--raw', '--subdir', 'DAGS_FOLDER/get_stocks_dag.py', '--cfg-path', '/tmp/tmpfozflslg']
[2023-01-13T11:42:27.490+0000] {standard_task_runner.py:83} INFO - Job 181: Subtask TSLA
[2023-01-13T11:42:27.493+0000] {dagbag.py:525} INFO - Filling up the DagBag from /opt/airflow/dags/get_stocks_dag.py
[2023-01-13T11:42:33.332+0000] {logging_mixin.py:117} WARNING - /home/airflow/.local/lib/python3.7/site-packages/airflow/models/dag.py:3425 RemovedInAirflow3Warning: Param `schedule_interval` is deprecated and will be removed in a future release. Please use `schedule` instead.
[2023-01-13T11:42:33.592+0000] {task_command.py:384} INFO - Running <TaskInstance: get_crypto_dag.TSLA scheduled__2023-01-12T00:00:00+00:00 [running]> on host getcryptodagtsla-bf1dc39bde0d490186eb144de839fd11
[2023-01-13T11:42:34.031+0000] {taskinstance.py:1592} INFO - Exporting the following env vars:
AIRFLOW_CTX_DAG_OWNER=airflow
AIRFLOW_CTX_DAG_ID=get_crypto_dag
AIRFLOW_CTX_TASK_ID=TSLA
AIRFLOW_CTX_EXECUTION_DATE=2023-01-12T00:00:00+00:00
AIRFLOW_CTX_TRY_NUMBER=1
AIRFLOW_CTX_DAG_RUN_ID=scheduled__2023-01-12T00:00:00+00:00
[2023-01-13T11:42:34.936+0000] {python.py:177} INFO - Done. Returned value was: None
[2023-01-13T11:42:34.960+0000] {taskinstance.py:1406} INFO - Marking task as SUCCESS. dag_id=get_crypto_dag, task_id=TSLA, execution_date=20230112T000000, start_date=20230113T114226, end_date=20230113T114234
[2023-01-13T11:42:35.037+0000] {local_task_job.py:164} INFO - Task exited with return code 0
[2023-01-13T11:42:35.066+0000] {local_task_job.py:273} INFO - 0 downstream tasks scheduled from follow-on schedule check
