[2023-01-03T21:14:09.556+0000] {taskinstance.py:1165} INFO - Dependencies all met for <TaskInstance: get_crypto_dag.GOOG scheduled__2022-12-31T00:00:00+00:00 [queued]>
[2023-01-03T21:14:09.565+0000] {taskinstance.py:1165} INFO - Dependencies all met for <TaskInstance: get_crypto_dag.GOOG scheduled__2022-12-31T00:00:00+00:00 [queued]>
[2023-01-03T21:14:09.566+0000] {taskinstance.py:1362} INFO - 
--------------------------------------------------------------------------------
[2023-01-03T21:14:09.566+0000] {taskinstance.py:1363} INFO - Starting attempt 1 of 1
[2023-01-03T21:14:09.567+0000] {taskinstance.py:1364} INFO - 
--------------------------------------------------------------------------------
[2023-01-03T21:14:09.586+0000] {taskinstance.py:1383} INFO - Executing <Task(_PythonDecoratedOperator): GOOG> on 2022-12-31 00:00:00+00:00
[2023-01-03T21:14:09.590+0000] {standard_task_runner.py:54} INFO - Started process 21 to run task
[2023-01-03T21:14:09.593+0000] {standard_task_runner.py:82} INFO - Running: ['airflow', 'tasks', 'run', 'get_crypto_dag', 'GOOG', 'scheduled__2022-12-31T00:00:00+00:00', '--job-id', '98', '--raw', '--subdir', 'DAGS_FOLDER/get_stocks_dag.py', '--cfg-path', '/tmp/tmpbyicwlbi']
[2023-01-03T21:14:09.594+0000] {standard_task_runner.py:83} INFO - Job 98: Subtask GOOG
[2023-01-03T21:14:09.596+0000] {dagbag.py:525} INFO - Filling up the DagBag from /opt/airflow/dags/get_stocks_dag.py
[2023-01-03T21:14:11.256+0000] {logging_mixin.py:117} WARNING - /home/airflow/.local/lib/python3.7/site-packages/airflow/models/dag.py:3425 RemovedInAirflow3Warning: Param `schedule_interval` is deprecated and will be removed in a future release. Please use `schedule` instead.
[2023-01-03T21:14:11.343+0000] {task_command.py:384} INFO - Running <TaskInstance: get_crypto_dag.GOOG scheduled__2022-12-31T00:00:00+00:00 [running]> on host getcryptodaggoog-eeef221306dd499fa3e2d30089ead2d8
[2023-01-03T21:14:11.454+0000] {taskinstance.py:1592} INFO - Exporting the following env vars:
AIRFLOW_CTX_DAG_OWNER=airflow
AIRFLOW_CTX_DAG_ID=get_crypto_dag
AIRFLOW_CTX_TASK_ID=GOOG
AIRFLOW_CTX_EXECUTION_DATE=2022-12-31T00:00:00+00:00
AIRFLOW_CTX_TRY_NUMBER=1
AIRFLOW_CTX_DAG_RUN_ID=scheduled__2022-12-31T00:00:00+00:00
[2023-01-03T21:14:12.544+0000] {python.py:177} INFO - Done. Returned value was: None
[2023-01-03T21:14:12.555+0000] {taskinstance.py:1406} INFO - Marking task as SUCCESS. dag_id=get_crypto_dag, task_id=GOOG, execution_date=20221231T000000, start_date=20230103T211409, end_date=20230103T211412
[2023-01-03T21:14:12.605+0000] {local_task_job.py:164} INFO - Task exited with return code 0
[2023-01-03T21:14:12.629+0000] {local_task_job.py:273} INFO - 0 downstream tasks scheduled from follow-on schedule check
