[2023-01-13T11:37:32.416+0000] {processor.py:156} INFO - Started process (PID=55) to work on /opt/airflow/dags/get_stocks_dag.py
[2023-01-13T11:37:32.418+0000] {processor.py:758} INFO - Processing file /opt/airflow/dags/get_stocks_dag.py for tasks to queue
[2023-01-13T11:37:32.421+0000] {logging_mixin.py:117} INFO - [2023-01-13T11:37:32.420+0000] {dagbag.py:525} INFO - Filling up the DagBag from /opt/airflow/dags/get_stocks_dag.py
[2023-01-13T11:37:40.369+0000] {logging_mixin.py:117} WARNING - /home/airflow/.local/lib/python3.7/site-packages/airflow/models/dag.py:3425 RemovedInAirflow3Warning: Param `schedule_interval` is deprecated and will be removed in a future release. Please use `schedule` instead.
[2023-01-13T11:37:40.407+0000] {processor.py:768} INFO - DAG(s) dict_keys(['get_crypto_dag']) retrieved from /opt/airflow/dags/get_stocks_dag.py
[2023-01-13T11:37:40.518+0000] {logging_mixin.py:117} INFO - [2023-01-13T11:37:40.517+0000] {dag.py:2573} INFO - Sync 1 DAGs
[2023-01-13T11:37:40.552+0000] {logging_mixin.py:117} INFO - [2023-01-13T11:37:40.552+0000] {dag.py:3328} INFO - Setting next_dagrun for get_crypto_dag to 2023-01-12T00:00:00+00:00, run_after=2023-01-13T00:00:00+00:00
[2023-01-13T11:37:40.583+0000] {processor.py:178} INFO - Processing /opt/airflow/dags/get_stocks_dag.py took 8.178 seconds
[2023-01-13T11:38:11.199+0000] {processor.py:156} INFO - Started process (PID=97) to work on /opt/airflow/dags/get_stocks_dag.py
[2023-01-13T11:38:11.201+0000] {processor.py:758} INFO - Processing file /opt/airflow/dags/get_stocks_dag.py for tasks to queue
[2023-01-13T11:38:11.204+0000] {logging_mixin.py:117} INFO - [2023-01-13T11:38:11.202+0000] {dagbag.py:525} INFO - Filling up the DagBag from /opt/airflow/dags/get_stocks_dag.py
[2023-01-13T11:38:17.698+0000] {logging_mixin.py:117} WARNING - /home/airflow/.local/lib/python3.7/site-packages/airflow/models/dag.py:3425 RemovedInAirflow3Warning: Param `schedule_interval` is deprecated and will be removed in a future release. Please use `schedule` instead.
[2023-01-13T11:38:17.903+0000] {processor.py:768} INFO - DAG(s) dict_keys(['get_crypto_dag']) retrieved from /opt/airflow/dags/get_stocks_dag.py
[2023-01-13T11:38:18.692+0000] {logging_mixin.py:117} INFO - [2023-01-13T11:38:18.690+0000] {dag.py:2573} INFO - Sync 1 DAGs
[2023-01-13T11:38:19.207+0000] {logging_mixin.py:117} INFO - [2023-01-13T11:38:19.206+0000] {dag.py:3328} INFO - Setting next_dagrun for get_crypto_dag to 2023-01-12T00:00:00+00:00, run_after=2023-01-13T00:00:00+00:00
[2023-01-13T11:38:19.594+0000] {processor.py:178} INFO - Processing /opt/airflow/dags/get_stocks_dag.py took 8.402 seconds
[2023-01-13T11:38:51.201+0000] {processor.py:156} INFO - Started process (PID=136) to work on /opt/airflow/dags/get_stocks_dag.py
[2023-01-13T11:38:51.290+0000] {processor.py:758} INFO - Processing file /opt/airflow/dags/get_stocks_dag.py for tasks to queue
[2023-01-13T11:38:51.389+0000] {logging_mixin.py:117} INFO - [2023-01-13T11:38:51.298+0000] {dagbag.py:525} INFO - Filling up the DagBag from /opt/airflow/dags/get_stocks_dag.py
[2023-01-13T11:39:03.196+0000] {logging_mixin.py:117} WARNING - /home/airflow/.local/lib/python3.7/site-packages/airflow/models/dag.py:3425 RemovedInAirflow3Warning: Param `schedule_interval` is deprecated and will be removed in a future release. Please use `schedule` instead.
[2023-01-13T11:39:03.590+0000] {processor.py:768} INFO - DAG(s) dict_keys(['get_crypto_dag']) retrieved from /opt/airflow/dags/get_stocks_dag.py
[2023-01-13T11:39:04.793+0000] {logging_mixin.py:117} INFO - [2023-01-13T11:39:04.792+0000] {dag.py:2573} INFO - Sync 1 DAGs
[2023-01-13T11:39:05.594+0000] {logging_mixin.py:117} INFO - [2023-01-13T11:39:05.593+0000] {dag.py:3328} INFO - Setting next_dagrun for get_crypto_dag to 2023-01-12T00:00:00+00:00, run_after=2023-01-13T00:00:00+00:00
[2023-01-13T11:39:05.990+0000] {processor.py:178} INFO - Processing /opt/airflow/dags/get_stocks_dag.py took 14.899 seconds
[2023-01-13T11:39:37.080+0000] {processor.py:156} INFO - Started process (PID=162) to work on /opt/airflow/dags/get_stocks_dag.py
[2023-01-13T11:39:37.082+0000] {processor.py:758} INFO - Processing file /opt/airflow/dags/get_stocks_dag.py for tasks to queue
[2023-01-13T11:39:37.083+0000] {logging_mixin.py:117} INFO - [2023-01-13T11:39:37.082+0000] {dagbag.py:525} INFO - Filling up the DagBag from /opt/airflow/dags/get_stocks_dag.py
[2023-01-13T11:39:37.528+0000] {logging_mixin.py:117} WARNING - /home/airflow/.local/lib/python3.7/site-packages/airflow/models/dag.py:3425 RemovedInAirflow3Warning: Param `schedule_interval` is deprecated and will be removed in a future release. Please use `schedule` instead.
[2023-01-13T11:39:37.539+0000] {processor.py:768} INFO - DAG(s) dict_keys(['get_crypto_dag']) retrieved from /opt/airflow/dags/get_stocks_dag.py
[2023-01-13T11:39:37.582+0000] {logging_mixin.py:117} INFO - [2023-01-13T11:39:37.581+0000] {dag.py:2573} INFO - Sync 1 DAGs
[2023-01-13T11:39:37.621+0000] {logging_mixin.py:117} INFO - [2023-01-13T11:39:37.621+0000] {dag.py:3328} INFO - Setting next_dagrun for get_crypto_dag to 2023-01-12T00:00:00+00:00, run_after=2023-01-13T00:00:00+00:00
[2023-01-13T11:39:37.652+0000] {processor.py:178} INFO - Processing /opt/airflow/dags/get_stocks_dag.py took 0.575 seconds
[2023-01-13T11:40:08.129+0000] {processor.py:156} INFO - Started process (PID=186) to work on /opt/airflow/dags/get_stocks_dag.py
[2023-01-13T11:40:08.131+0000] {processor.py:758} INFO - Processing file /opt/airflow/dags/get_stocks_dag.py for tasks to queue
[2023-01-13T11:40:08.133+0000] {logging_mixin.py:117} INFO - [2023-01-13T11:40:08.132+0000] {dagbag.py:525} INFO - Filling up the DagBag from /opt/airflow/dags/get_stocks_dag.py
[2023-01-13T11:40:09.080+0000] {logging_mixin.py:117} WARNING - /home/airflow/.local/lib/python3.7/site-packages/airflow/models/dag.py:3425 RemovedInAirflow3Warning: Param `schedule_interval` is deprecated and will be removed in a future release. Please use `schedule` instead.
[2023-01-13T11:40:09.101+0000] {processor.py:768} INFO - DAG(s) dict_keys(['get_crypto_dag']) retrieved from /opt/airflow/dags/get_stocks_dag.py
[2023-01-13T11:40:09.236+0000] {logging_mixin.py:117} INFO - [2023-01-13T11:40:09.235+0000] {dag.py:2573} INFO - Sync 1 DAGs
[2023-01-13T11:40:09.314+0000] {logging_mixin.py:117} INFO - [2023-01-13T11:40:09.313+0000] {dag.py:3328} INFO - Setting next_dagrun for get_crypto_dag to 2023-01-12T00:00:00+00:00, run_after=2023-01-13T00:00:00+00:00
[2023-01-13T11:40:09.368+0000] {processor.py:178} INFO - Processing /opt/airflow/dags/get_stocks_dag.py took 1.245 seconds
[2023-01-13T11:40:39.871+0000] {processor.py:156} INFO - Started process (PID=194) to work on /opt/airflow/dags/get_stocks_dag.py
[2023-01-13T11:40:39.873+0000] {processor.py:758} INFO - Processing file /opt/airflow/dags/get_stocks_dag.py for tasks to queue
[2023-01-13T11:40:39.875+0000] {logging_mixin.py:117} INFO - [2023-01-13T11:40:39.875+0000] {dagbag.py:525} INFO - Filling up the DagBag from /opt/airflow/dags/get_stocks_dag.py
[2023-01-13T11:40:40.561+0000] {logging_mixin.py:117} WARNING - /home/airflow/.local/lib/python3.7/site-packages/airflow/models/dag.py:3425 RemovedInAirflow3Warning: Param `schedule_interval` is deprecated and will be removed in a future release. Please use `schedule` instead.
[2023-01-13T11:40:40.579+0000] {processor.py:768} INFO - DAG(s) dict_keys(['get_crypto_dag']) retrieved from /opt/airflow/dags/get_stocks_dag.py
[2023-01-13T11:40:40.640+0000] {logging_mixin.py:117} INFO - [2023-01-13T11:40:40.639+0000] {dag.py:2573} INFO - Sync 1 DAGs
[2023-01-13T11:40:40.685+0000] {logging_mixin.py:117} INFO - [2023-01-13T11:40:40.684+0000] {dag.py:3328} INFO - Setting next_dagrun for get_crypto_dag to 2023-01-12T00:00:00+00:00, run_after=2023-01-13T00:00:00+00:00
[2023-01-13T11:40:40.731+0000] {processor.py:178} INFO - Processing /opt/airflow/dags/get_stocks_dag.py took 0.867 seconds
[2023-01-13T11:41:11.427+0000] {processor.py:156} INFO - Started process (PID=218) to work on /opt/airflow/dags/get_stocks_dag.py
[2023-01-13T11:41:11.428+0000] {processor.py:758} INFO - Processing file /opt/airflow/dags/get_stocks_dag.py for tasks to queue
[2023-01-13T11:41:11.430+0000] {logging_mixin.py:117} INFO - [2023-01-13T11:41:11.430+0000] {dagbag.py:525} INFO - Filling up the DagBag from /opt/airflow/dags/get_stocks_dag.py
[2023-01-13T11:41:12.310+0000] {logging_mixin.py:117} WARNING - /home/airflow/.local/lib/python3.7/site-packages/airflow/models/dag.py:3425 RemovedInAirflow3Warning: Param `schedule_interval` is deprecated and will be removed in a future release. Please use `schedule` instead.
[2023-01-13T11:41:12.332+0000] {processor.py:768} INFO - DAG(s) dict_keys(['get_crypto_dag']) retrieved from /opt/airflow/dags/get_stocks_dag.py
[2023-01-13T11:41:12.562+0000] {logging_mixin.py:117} INFO - [2023-01-13T11:41:12.561+0000] {dag.py:2573} INFO - Sync 1 DAGs
[2023-01-13T11:41:12.592+0000] {logging_mixin.py:117} INFO - [2023-01-13T11:41:12.591+0000] {dag.py:2594} INFO - Creating ORM DAG for get_crypto_dag
[2023-01-13T11:41:12.618+0000] {logging_mixin.py:117} INFO - [2023-01-13T11:41:12.618+0000] {dag.py:3328} INFO - Setting next_dagrun for get_crypto_dag to 2023-01-12T00:00:00+00:00, run_after=2023-01-13T00:00:00+00:00
[2023-01-13T11:41:12.685+0000] {processor.py:178} INFO - Processing /opt/airflow/dags/get_stocks_dag.py took 1.266 seconds
[2023-01-13T11:41:43.606+0000] {processor.py:156} INFO - Started process (PID=226) to work on /opt/airflow/dags/get_stocks_dag.py
[2023-01-13T11:41:43.689+0000] {processor.py:758} INFO - Processing file /opt/airflow/dags/get_stocks_dag.py for tasks to queue
[2023-01-13T11:41:43.699+0000] {logging_mixin.py:117} INFO - [2023-01-13T11:41:43.698+0000] {dagbag.py:525} INFO - Filling up the DagBag from /opt/airflow/dags/get_stocks_dag.py
[2023-01-13T11:41:46.414+0000] {logging_mixin.py:117} WARNING - /home/airflow/.local/lib/python3.7/site-packages/airflow/models/dag.py:3425 RemovedInAirflow3Warning: Param `schedule_interval` is deprecated and will be removed in a future release. Please use `schedule` instead.
[2023-01-13T11:41:46.432+0000] {processor.py:768} INFO - DAG(s) dict_keys(['get_crypto_dag']) retrieved from /opt/airflow/dags/get_stocks_dag.py
[2023-01-13T11:41:46.625+0000] {logging_mixin.py:117} INFO - [2023-01-13T11:41:46.624+0000] {dag.py:2573} INFO - Sync 1 DAGs
[2023-01-13T11:41:46.811+0000] {logging_mixin.py:117} INFO - [2023-01-13T11:41:46.810+0000] {dag.py:3328} INFO - Setting next_dagrun for get_crypto_dag to 2023-01-13T00:00:00+00:00, run_after=2023-01-14T00:00:00+00:00
[2023-01-13T11:41:47.097+0000] {processor.py:178} INFO - Processing /opt/airflow/dags/get_stocks_dag.py took 3.497 seconds
[2023-01-13T11:42:18.110+0000] {processor.py:156} INFO - Started process (PID=251) to work on /opt/airflow/dags/get_stocks_dag.py
[2023-01-13T11:42:18.112+0000] {processor.py:758} INFO - Processing file /opt/airflow/dags/get_stocks_dag.py for tasks to queue
[2023-01-13T11:42:18.190+0000] {logging_mixin.py:117} INFO - [2023-01-13T11:42:18.189+0000] {dagbag.py:525} INFO - Filling up the DagBag from /opt/airflow/dags/get_stocks_dag.py
[2023-01-13T11:42:20.506+0000] {logging_mixin.py:117} WARNING - /home/airflow/.local/lib/python3.7/site-packages/airflow/models/dag.py:3425 RemovedInAirflow3Warning: Param `schedule_interval` is deprecated and will be removed in a future release. Please use `schedule` instead.
[2023-01-13T11:42:20.526+0000] {processor.py:768} INFO - DAG(s) dict_keys(['get_crypto_dag']) retrieved from /opt/airflow/dags/get_stocks_dag.py
[2023-01-13T11:42:20.793+0000] {logging_mixin.py:117} INFO - [2023-01-13T11:42:20.792+0000] {dag.py:2573} INFO - Sync 1 DAGs
[2023-01-13T11:42:21.003+0000] {logging_mixin.py:117} INFO - [2023-01-13T11:42:21.002+0000] {dag.py:3328} INFO - Setting next_dagrun for get_crypto_dag to 2023-01-13T00:00:00+00:00, run_after=2023-01-14T00:00:00+00:00
[2023-01-13T11:42:21.105+0000] {processor.py:178} INFO - Processing /opt/airflow/dags/get_stocks_dag.py took 3.002 seconds
[2023-01-13T11:42:51.992+0000] {processor.py:156} INFO - Started process (PID=275) to work on /opt/airflow/dags/get_stocks_dag.py
[2023-01-13T11:42:51.994+0000] {processor.py:758} INFO - Processing file /opt/airflow/dags/get_stocks_dag.py for tasks to queue
[2023-01-13T11:42:51.997+0000] {logging_mixin.py:117} INFO - [2023-01-13T11:42:51.996+0000] {dagbag.py:525} INFO - Filling up the DagBag from /opt/airflow/dags/get_stocks_dag.py
[2023-01-13T11:42:52.619+0000] {logging_mixin.py:117} WARNING - /home/airflow/.local/lib/python3.7/site-packages/airflow/models/dag.py:3425 RemovedInAirflow3Warning: Param `schedule_interval` is deprecated and will be removed in a future release. Please use `schedule` instead.
[2023-01-13T11:42:52.631+0000] {processor.py:768} INFO - DAG(s) dict_keys(['get_crypto_dag']) retrieved from /opt/airflow/dags/get_stocks_dag.py
[2023-01-13T11:42:52.683+0000] {logging_mixin.py:117} INFO - [2023-01-13T11:42:52.683+0000] {dag.py:2573} INFO - Sync 1 DAGs
[2023-01-13T11:42:52.744+0000] {logging_mixin.py:117} INFO - [2023-01-13T11:42:52.743+0000] {dag.py:3328} INFO - Setting next_dagrun for get_crypto_dag to 2023-01-13T00:00:00+00:00, run_after=2023-01-14T00:00:00+00:00
[2023-01-13T11:42:52.796+0000] {processor.py:178} INFO - Processing /opt/airflow/dags/get_stocks_dag.py took 0.810 seconds
[2023-01-13T11:43:23.355+0000] {processor.py:156} INFO - Started process (PID=283) to work on /opt/airflow/dags/get_stocks_dag.py
[2023-01-13T11:43:23.356+0000] {processor.py:758} INFO - Processing file /opt/airflow/dags/get_stocks_dag.py for tasks to queue
[2023-01-13T11:43:23.357+0000] {logging_mixin.py:117} INFO - [2023-01-13T11:43:23.357+0000] {dagbag.py:525} INFO - Filling up the DagBag from /opt/airflow/dags/get_stocks_dag.py
[2023-01-13T11:43:23.923+0000] {logging_mixin.py:117} WARNING - /home/airflow/.local/lib/python3.7/site-packages/airflow/models/dag.py:3425 RemovedInAirflow3Warning: Param `schedule_interval` is deprecated and will be removed in a future release. Please use `schedule` instead.
[2023-01-13T11:43:23.937+0000] {processor.py:768} INFO - DAG(s) dict_keys(['get_crypto_dag']) retrieved from /opt/airflow/dags/get_stocks_dag.py
[2023-01-13T11:43:23.989+0000] {logging_mixin.py:117} INFO - [2023-01-13T11:43:23.989+0000] {dag.py:2573} INFO - Sync 1 DAGs
[2023-01-13T11:43:24.035+0000] {logging_mixin.py:117} INFO - [2023-01-13T11:43:24.035+0000] {dag.py:3328} INFO - Setting next_dagrun for get_crypto_dag to 2023-01-13T00:00:00+00:00, run_after=2023-01-14T00:00:00+00:00
[2023-01-13T11:43:24.077+0000] {processor.py:178} INFO - Processing /opt/airflow/dags/get_stocks_dag.py took 0.727 seconds
