[2022-12-28T11:25:37.164+0000] {taskinstance.py:1165} INFO - Dependencies all met for <TaskInstance: get_crypto_dag.TSLA scheduled__2022-12-27T00:00:00+00:00 [queued]>
[2022-12-28T11:25:37.181+0000] {taskinstance.py:1165} INFO - Dependencies all met for <TaskInstance: get_crypto_dag.TSLA scheduled__2022-12-27T00:00:00+00:00 [queued]>
[2022-12-28T11:25:37.182+0000] {taskinstance.py:1362} INFO - 
--------------------------------------------------------------------------------
[2022-12-28T11:25:37.183+0000] {taskinstance.py:1363} INFO - Starting attempt 1 of 1
[2022-12-28T11:25:37.183+0000] {taskinstance.py:1364} INFO - 
--------------------------------------------------------------------------------
[2022-12-28T11:25:37.255+0000] {taskinstance.py:1383} INFO - Executing <Task(_PythonDecoratedOperator): TSLA> on 2022-12-27 00:00:00+00:00
[2022-12-28T11:25:37.259+0000] {standard_task_runner.py:54} INFO - Started process 21 to run task
[2022-12-28T11:25:37.265+0000] {standard_task_runner.py:82} INFO - Running: ['airflow', 'tasks', 'run', 'get_crypto_dag', 'TSLA', 'scheduled__2022-12-27T00:00:00+00:00', '--job-id', '8', '--raw', '--subdir', 'DAGS_FOLDER/get_stocks_dag.py', '--cfg-path', '/tmp/tmp6ie3__l3']
[2022-12-28T11:25:37.267+0000] {standard_task_runner.py:83} INFO - Job 8: Subtask TSLA
[2022-12-28T11:25:37.270+0000] {dagbag.py:525} INFO - Filling up the DagBag from /opt/airflow/dags/get_stocks_dag.py
[2022-12-28T11:25:40.580+0000] {logging_mixin.py:117} WARNING - /home/airflow/.local/lib/python3.7/site-packages/airflow/models/dag.py:3425 RemovedInAirflow3Warning: Param `schedule_interval` is deprecated and will be removed in a future release. Please use `schedule` instead.
[2022-12-28T11:25:40.707+0000] {task_command.py:384} INFO - Running <TaskInstance: get_crypto_dag.TSLA scheduled__2022-12-27T00:00:00+00:00 [running]> on host getcryptodagtsla-52c952fb0e98436abdbf1e23e25ea811
[2022-12-28T11:25:42.922+0000] {taskinstance.py:1592} INFO - Exporting the following env vars:
AIRFLOW_CTX_DAG_OWNER=airflow
AIRFLOW_CTX_DAG_ID=get_crypto_dag
AIRFLOW_CTX_TASK_ID=TSLA
AIRFLOW_CTX_EXECUTION_DATE=2022-12-27T00:00:00+00:00
AIRFLOW_CTX_TRY_NUMBER=1
AIRFLOW_CTX_DAG_RUN_ID=scheduled__2022-12-27T00:00:00+00:00
[2022-12-28T11:25:43.890+0000] {logging_mixin.py:117} INFO - - TSLA: No data found for this date range, symbol may be delisted
[2022-12-28T11:25:43.891+0000] {python.py:177} INFO - Done. Returned value was: None
[2022-12-28T11:25:43.908+0000] {taskinstance.py:1406} INFO - Marking task as SUCCESS. dag_id=get_crypto_dag, task_id=TSLA, execution_date=20221227T000000, start_date=20221228T112537, end_date=20221228T112543
[2022-12-28T11:25:43.950+0000] {local_task_job.py:164} INFO - Task exited with return code 0
[2022-12-28T11:25:43.981+0000] {local_task_job.py:273} INFO - 0 downstream tasks scheduled from follow-on schedule check
[2022-12-28T13:59:20.407+0000] {taskinstance.py:1165} INFO - Dependencies all met for <TaskInstance: get_crypto_dag.TSLA scheduled__2022-12-27T00:00:00+00:00 [queued]>
[2022-12-28T13:59:20.419+0000] {taskinstance.py:1165} INFO - Dependencies all met for <TaskInstance: get_crypto_dag.TSLA scheduled__2022-12-27T00:00:00+00:00 [queued]>
[2022-12-28T13:59:20.420+0000] {taskinstance.py:1362} INFO - 
--------------------------------------------------------------------------------
[2022-12-28T13:59:20.420+0000] {taskinstance.py:1363} INFO - Starting attempt 1 of 1
[2022-12-28T13:59:20.420+0000] {taskinstance.py:1364} INFO - 
--------------------------------------------------------------------------------
[2022-12-28T13:59:20.436+0000] {taskinstance.py:1383} INFO - Executing <Task(_PythonDecoratedOperator): TSLA> on 2022-12-27 00:00:00+00:00
[2022-12-28T13:59:20.445+0000] {standard_task_runner.py:54} INFO - Started process 21 to run task
[2022-12-28T13:59:20.448+0000] {standard_task_runner.py:82} INFO - Running: ['airflow', 'tasks', 'run', 'get_crypto_dag', 'TSLA', 'scheduled__2022-12-27T00:00:00+00:00', '--job-id', '43', '--raw', '--subdir', 'DAGS_FOLDER/get_stocks_dag.py', '--cfg-path', '/tmp/tmp7jrshuly']
[2022-12-28T13:59:20.450+0000] {standard_task_runner.py:83} INFO - Job 43: Subtask TSLA
[2022-12-28T13:59:20.451+0000] {dagbag.py:525} INFO - Filling up the DagBag from /opt/airflow/dags/get_stocks_dag.py
[2022-12-28T13:59:22.578+0000] {logging_mixin.py:117} WARNING - /home/airflow/.local/lib/python3.7/site-packages/airflow/models/dag.py:3425 RemovedInAirflow3Warning: Param `schedule_interval` is deprecated and will be removed in a future release. Please use `schedule` instead.
[2022-12-28T13:59:22.689+0000] {task_command.py:384} INFO - Running <TaskInstance: get_crypto_dag.TSLA scheduled__2022-12-27T00:00:00+00:00 [running]> on host getcryptodagtsla-81241faaf72841e2be493b42b118544f
[2022-12-28T13:59:23.896+0000] {taskinstance.py:1592} INFO - Exporting the following env vars:
AIRFLOW_CTX_DAG_OWNER=airflow
AIRFLOW_CTX_DAG_ID=get_crypto_dag
AIRFLOW_CTX_TASK_ID=TSLA
AIRFLOW_CTX_EXECUTION_DATE=2022-12-27T00:00:00+00:00
AIRFLOW_CTX_TRY_NUMBER=1
AIRFLOW_CTX_DAG_RUN_ID=scheduled__2022-12-27T00:00:00+00:00
[2022-12-28T13:59:24.427+0000] {logging_mixin.py:117} INFO - - TSLA: No data found for this date range, symbol may be delisted
[2022-12-28T13:59:24.428+0000] {python.py:177} INFO - Done. Returned value was: None
[2022-12-28T13:59:24.438+0000] {taskinstance.py:1406} INFO - Marking task as SUCCESS. dag_id=get_crypto_dag, task_id=TSLA, execution_date=20221227T000000, start_date=20221228T135920, end_date=20221228T135924
[2022-12-28T13:59:24.491+0000] {local_task_job.py:164} INFO - Task exited with return code 0
[2022-12-28T13:59:24.514+0000] {local_task_job.py:273} INFO - 0 downstream tasks scheduled from follow-on schedule check
[2022-12-28T23:33:17.571+0000] {taskinstance.py:1165} INFO - Dependencies all met for <TaskInstance: get_crypto_dag.TSLA scheduled__2022-12-27T00:00:00+00:00 [queued]>
[2022-12-28T23:33:17.583+0000] {taskinstance.py:1165} INFO - Dependencies all met for <TaskInstance: get_crypto_dag.TSLA scheduled__2022-12-27T00:00:00+00:00 [queued]>
[2022-12-28T23:33:17.583+0000] {taskinstance.py:1362} INFO - 
--------------------------------------------------------------------------------
[2022-12-28T23:33:17.583+0000] {taskinstance.py:1363} INFO - Starting attempt 1 of 1
[2022-12-28T23:33:17.584+0000] {taskinstance.py:1364} INFO - 
--------------------------------------------------------------------------------
[2022-12-28T23:33:17.600+0000] {taskinstance.py:1383} INFO - Executing <Task(_PythonDecoratedOperator): TSLA> on 2022-12-27 00:00:00+00:00
[2022-12-28T23:33:17.603+0000] {standard_task_runner.py:54} INFO - Started process 21 to run task
[2022-12-28T23:33:17.606+0000] {standard_task_runner.py:82} INFO - Running: ['airflow', 'tasks', 'run', 'get_crypto_dag', 'TSLA', 'scheduled__2022-12-27T00:00:00+00:00', '--job-id', '49', '--raw', '--subdir', 'DAGS_FOLDER/get_stocks_dag.py', '--cfg-path', '/tmp/tmp6nvu27fj']
[2022-12-28T23:33:17.607+0000] {standard_task_runner.py:83} INFO - Job 49: Subtask TSLA
[2022-12-28T23:33:17.609+0000] {dagbag.py:525} INFO - Filling up the DagBag from /opt/airflow/dags/get_stocks_dag.py
[2022-12-28T23:33:19.028+0000] {logging_mixin.py:117} WARNING - /home/airflow/.local/lib/python3.7/site-packages/airflow/models/dag.py:3425 RemovedInAirflow3Warning: Param `schedule_interval` is deprecated and will be removed in a future release. Please use `schedule` instead.
[2022-12-28T23:33:19.109+0000] {task_command.py:384} INFO - Running <TaskInstance: get_crypto_dag.TSLA scheduled__2022-12-27T00:00:00+00:00 [running]> on host getcryptodagtsla-1e7faec004124602924c3511c56ec257
[2022-12-28T23:33:19.254+0000] {taskinstance.py:1592} INFO - Exporting the following env vars:
AIRFLOW_CTX_DAG_OWNER=airflow
AIRFLOW_CTX_DAG_ID=get_crypto_dag
AIRFLOW_CTX_TASK_ID=TSLA
AIRFLOW_CTX_EXECUTION_DATE=2022-12-27T00:00:00+00:00
AIRFLOW_CTX_TRY_NUMBER=1
AIRFLOW_CTX_DAG_RUN_ID=scheduled__2022-12-27T00:00:00+00:00
[2022-12-28T23:33:19.757+0000] {logging_mixin.py:117} INFO - - TSLA: No data found for this date range, symbol may be delisted
[2022-12-28T23:33:19.761+0000] {python.py:177} INFO - Done. Returned value was: None
[2022-12-28T23:33:19.774+0000] {taskinstance.py:1406} INFO - Marking task as SUCCESS. dag_id=get_crypto_dag, task_id=TSLA, execution_date=20221227T000000, start_date=20221228T233317, end_date=20221228T233319
[2022-12-28T23:33:19.826+0000] {local_task_job.py:164} INFO - Task exited with return code 0
[2022-12-28T23:33:19.849+0000] {local_task_job.py:273} INFO - 0 downstream tasks scheduled from follow-on schedule check
[2022-12-28T23:40:47.843+0000] {taskinstance.py:1165} INFO - Dependencies all met for <TaskInstance: get_crypto_dag.TSLA scheduled__2022-12-27T00:00:00+00:00 [queued]>
[2022-12-28T23:40:47.853+0000] {taskinstance.py:1165} INFO - Dependencies all met for <TaskInstance: get_crypto_dag.TSLA scheduled__2022-12-27T00:00:00+00:00 [queued]>
[2022-12-28T23:40:47.854+0000] {taskinstance.py:1362} INFO - 
--------------------------------------------------------------------------------
[2022-12-28T23:40:47.854+0000] {taskinstance.py:1363} INFO - Starting attempt 1 of 1
[2022-12-28T23:40:47.854+0000] {taskinstance.py:1364} INFO - 
--------------------------------------------------------------------------------
[2022-12-28T23:40:47.869+0000] {taskinstance.py:1383} INFO - Executing <Task(_PythonDecoratedOperator): TSLA> on 2022-12-27 00:00:00+00:00
[2022-12-28T23:40:47.871+0000] {standard_task_runner.py:54} INFO - Started process 21 to run task
[2022-12-28T23:40:47.874+0000] {standard_task_runner.py:82} INFO - Running: ['airflow', 'tasks', 'run', 'get_crypto_dag', 'TSLA', 'scheduled__2022-12-27T00:00:00+00:00', '--job-id', '57', '--raw', '--subdir', 'DAGS_FOLDER/get_stocks_dag.py', '--cfg-path', '/tmp/tmp64mv9wm8']
[2022-12-28T23:40:47.875+0000] {standard_task_runner.py:83} INFO - Job 57: Subtask TSLA
[2022-12-28T23:40:47.876+0000] {dagbag.py:525} INFO - Filling up the DagBag from /opt/airflow/dags/get_stocks_dag.py
[2022-12-28T23:40:49.494+0000] {logging_mixin.py:117} WARNING - /home/airflow/.local/lib/python3.7/site-packages/airflow/models/dag.py:3425 RemovedInAirflow3Warning: Param `schedule_interval` is deprecated and will be removed in a future release. Please use `schedule` instead.
[2022-12-28T23:40:49.563+0000] {task_command.py:384} INFO - Running <TaskInstance: get_crypto_dag.TSLA scheduled__2022-12-27T00:00:00+00:00 [running]> on host getcryptodagtsla-a8700f96e07943a589dfb403bb85f8d0
[2022-12-28T23:40:49.660+0000] {taskinstance.py:1592} INFO - Exporting the following env vars:
AIRFLOW_CTX_DAG_OWNER=airflow
AIRFLOW_CTX_DAG_ID=get_crypto_dag
AIRFLOW_CTX_TASK_ID=TSLA
AIRFLOW_CTX_EXECUTION_DATE=2022-12-27T00:00:00+00:00
AIRFLOW_CTX_TRY_NUMBER=1
AIRFLOW_CTX_DAG_RUN_ID=scheduled__2022-12-27T00:00:00+00:00
[2022-12-28T23:40:50.173+0000] {logging_mixin.py:117} INFO - - TSLA: No data found for this date range, symbol may be delisted
[2022-12-28T23:40:50.176+0000] {python.py:177} INFO - Done. Returned value was: None
[2022-12-28T23:40:50.240+0000] {taskinstance.py:1406} INFO - Marking task as SUCCESS. dag_id=get_crypto_dag, task_id=TSLA, execution_date=20221227T000000, start_date=20221228T234047, end_date=20221228T234050
[2022-12-28T23:40:50.285+0000] {local_task_job.py:164} INFO - Task exited with return code 0
[2022-12-28T23:40:50.302+0000] {local_task_job.py:273} INFO - 0 downstream tasks scheduled from follow-on schedule check
[2022-12-28T23:47:06.375+0000] {taskinstance.py:1165} INFO - Dependencies all met for <TaskInstance: get_crypto_dag.TSLA scheduled__2022-12-27T00:00:00+00:00 [queued]>
[2022-12-28T23:47:06.383+0000] {taskinstance.py:1165} INFO - Dependencies all met for <TaskInstance: get_crypto_dag.TSLA scheduled__2022-12-27T00:00:00+00:00 [queued]>
[2022-12-28T23:47:06.384+0000] {taskinstance.py:1362} INFO - 
--------------------------------------------------------------------------------
[2022-12-28T23:47:06.384+0000] {taskinstance.py:1363} INFO - Starting attempt 1 of 1
[2022-12-28T23:47:06.385+0000] {taskinstance.py:1364} INFO - 
--------------------------------------------------------------------------------
[2022-12-28T23:47:06.401+0000] {taskinstance.py:1383} INFO - Executing <Task(_PythonDecoratedOperator): TSLA> on 2022-12-27 00:00:00+00:00
[2022-12-28T23:47:06.403+0000] {standard_task_runner.py:54} INFO - Started process 21 to run task
[2022-12-28T23:47:06.405+0000] {standard_task_runner.py:82} INFO - Running: ['airflow', 'tasks', 'run', 'get_crypto_dag', 'TSLA', 'scheduled__2022-12-27T00:00:00+00:00', '--job-id', '58', '--raw', '--subdir', 'DAGS_FOLDER/get_stocks_dag.py', '--cfg-path', '/tmp/tmp7_fh3sk2']
[2022-12-28T23:47:06.407+0000] {standard_task_runner.py:83} INFO - Job 58: Subtask TSLA
[2022-12-28T23:47:06.408+0000] {dagbag.py:525} INFO - Filling up the DagBag from /opt/airflow/dags/get_stocks_dag.py
[2022-12-28T23:47:06.462+0000] {logging_mixin.py:117} WARNING - /home/airflow/.local/lib/python3.7/site-packages/airflow/models/dag.py:3425 RemovedInAirflow3Warning: Param `schedule_interval` is deprecated and will be removed in a future release. Please use `schedule` instead.
[2022-12-28T23:47:06.569+0000] {task_command.py:384} INFO - Running <TaskInstance: get_crypto_dag.TSLA scheduled__2022-12-27T00:00:00+00:00 [running]> on host getcryptodagtsla-d29c480c320f43c8af4f73b203dd1b89
[2022-12-28T23:47:06.696+0000] {taskinstance.py:1592} INFO - Exporting the following env vars:
AIRFLOW_CTX_DAG_OWNER=airflow
AIRFLOW_CTX_DAG_ID=get_crypto_dag
AIRFLOW_CTX_TASK_ID=TSLA
AIRFLOW_CTX_EXECUTION_DATE=2022-12-27T00:00:00+00:00
AIRFLOW_CTX_TRY_NUMBER=1
AIRFLOW_CTX_DAG_RUN_ID=scheduled__2022-12-27T00:00:00+00:00
[2022-12-28T23:47:08.980+0000] {logging_mixin.py:117} INFO - - TSLA: No data found for this date range, symbol may be delisted
[2022-12-28T23:47:08.984+0000] {python.py:177} INFO - Done. Returned value was: None
[2022-12-28T23:47:08.996+0000] {taskinstance.py:1406} INFO - Marking task as SUCCESS. dag_id=get_crypto_dag, task_id=TSLA, execution_date=20221227T000000, start_date=20221228T234706, end_date=20221228T234708
[2022-12-28T23:47:09.021+0000] {local_task_job.py:164} INFO - Task exited with return code 0
[2022-12-28T23:47:09.041+0000] {local_task_job.py:273} INFO - 0 downstream tasks scheduled from follow-on schedule check
