[2022-12-29T00:16:30.996+0000] {taskinstance.py:1165} INFO - Dependencies all met for <TaskInstance: get_crypto_dag.MSFT scheduled__2022-12-28T00:00:00+00:00 [queued]>
[2022-12-29T00:16:31.007+0000] {taskinstance.py:1165} INFO - Dependencies all met for <TaskInstance: get_crypto_dag.MSFT scheduled__2022-12-28T00:00:00+00:00 [queued]>
[2022-12-29T00:16:31.008+0000] {taskinstance.py:1362} INFO - 
--------------------------------------------------------------------------------
[2022-12-29T00:16:31.008+0000] {taskinstance.py:1363} INFO - Starting attempt 1 of 1
[2022-12-29T00:16:31.008+0000] {taskinstance.py:1364} INFO - 
--------------------------------------------------------------------------------
[2022-12-29T00:16:31.044+0000] {taskinstance.py:1383} INFO - Executing <Task(_PythonDecoratedOperator): MSFT> on 2022-12-28 00:00:00+00:00
[2022-12-29T00:16:31.046+0000] {standard_task_runner.py:54} INFO - Started process 21 to run task
[2022-12-29T00:16:31.049+0000] {standard_task_runner.py:82} INFO - Running: ['airflow', 'tasks', 'run', 'get_crypto_dag', 'MSFT', 'scheduled__2022-12-28T00:00:00+00:00', '--job-id', '75', '--raw', '--subdir', 'DAGS_FOLDER/get_stocks_dag.py', '--cfg-path', '/tmp/tmpw46zdxnx']
[2022-12-29T00:16:31.050+0000] {standard_task_runner.py:83} INFO - Job 75: Subtask MSFT
[2022-12-29T00:16:31.051+0000] {dagbag.py:525} INFO - Filling up the DagBag from /opt/airflow/dags/get_stocks_dag.py
[2022-12-29T00:16:32.523+0000] {logging_mixin.py:117} WARNING - /home/airflow/.local/lib/python3.7/site-packages/airflow/models/dag.py:3425 RemovedInAirflow3Warning: Param `schedule_interval` is deprecated and will be removed in a future release. Please use `schedule` instead.
[2022-12-29T00:16:32.593+0000] {task_command.py:384} INFO - Running <TaskInstance: get_crypto_dag.MSFT scheduled__2022-12-28T00:00:00+00:00 [running]> on host getcryptodagmsft-857c7906426648b2b2f078d004567460
[2022-12-29T00:16:32.698+0000] {taskinstance.py:1592} INFO - Exporting the following env vars:
AIRFLOW_CTX_DAG_OWNER=airflow
AIRFLOW_CTX_DAG_ID=get_crypto_dag
AIRFLOW_CTX_TASK_ID=MSFT
AIRFLOW_CTX_EXECUTION_DATE=2022-12-28T00:00:00+00:00
AIRFLOW_CTX_TRY_NUMBER=1
AIRFLOW_CTX_DAG_RUN_ID=scheduled__2022-12-28T00:00:00+00:00
[2022-12-29T00:16:33.321+0000] {python.py:177} INFO - Done. Returned value was: None
[2022-12-29T00:16:33.343+0000] {taskinstance.py:1406} INFO - Marking task as SUCCESS. dag_id=get_crypto_dag, task_id=MSFT, execution_date=20221228T000000, start_date=20221229T001630, end_date=20221229T001633
[2022-12-29T00:16:33.366+0000] {local_task_job.py:164} INFO - Task exited with return code 0
[2022-12-29T00:16:33.385+0000] {local_task_job.py:273} INFO - 0 downstream tasks scheduled from follow-on schedule check
