[2023-01-09T17:39:01.922+0000] {taskinstance.py:1165} INFO - Dependencies all met for <TaskInstance: get_crypto_dag.MSFT scheduled__2023-01-05T00:00:00+00:00 [queued]>
[2023-01-09T17:39:01.932+0000] {taskinstance.py:1165} INFO - Dependencies all met for <TaskInstance: get_crypto_dag.MSFT scheduled__2023-01-05T00:00:00+00:00 [queued]>
[2023-01-09T17:39:01.933+0000] {taskinstance.py:1362} INFO - 
--------------------------------------------------------------------------------
[2023-01-09T17:39:01.933+0000] {taskinstance.py:1363} INFO - Starting attempt 1 of 1
[2023-01-09T17:39:01.933+0000] {taskinstance.py:1364} INFO - 
--------------------------------------------------------------------------------
[2023-01-09T17:39:01.949+0000] {taskinstance.py:1383} INFO - Executing <Task(_PythonDecoratedOperator): MSFT> on 2023-01-05 00:00:00+00:00
[2023-01-09T17:39:01.952+0000] {standard_task_runner.py:54} INFO - Started process 21 to run task
[2023-01-09T17:39:01.955+0000] {standard_task_runner.py:82} INFO - Running: ['airflow', 'tasks', 'run', 'get_crypto_dag', 'MSFT', 'scheduled__2023-01-05T00:00:00+00:00', '--job-id', '141', '--raw', '--subdir', 'DAGS_FOLDER/get_stocks_dag.py', '--cfg-path', '/tmp/tmp380wpq6g']
[2023-01-09T17:39:01.957+0000] {standard_task_runner.py:83} INFO - Job 141: Subtask MSFT
[2023-01-09T17:39:01.958+0000] {dagbag.py:525} INFO - Filling up the DagBag from /opt/airflow/dags/get_stocks_dag.py
[2023-01-09T17:39:03.441+0000] {logging_mixin.py:117} WARNING - /home/airflow/.local/lib/python3.7/site-packages/airflow/models/dag.py:3425 RemovedInAirflow3Warning: Param `schedule_interval` is deprecated and will be removed in a future release. Please use `schedule` instead.
[2023-01-09T17:39:03.507+0000] {task_command.py:384} INFO - Running <TaskInstance: get_crypto_dag.MSFT scheduled__2023-01-05T00:00:00+00:00 [running]> on host getcryptodagmsft-f0f915d716c446cbb7420b9f9f390da8
[2023-01-09T17:39:03.608+0000] {taskinstance.py:1592} INFO - Exporting the following env vars:
AIRFLOW_CTX_DAG_OWNER=airflow
AIRFLOW_CTX_DAG_ID=get_crypto_dag
AIRFLOW_CTX_TASK_ID=MSFT
AIRFLOW_CTX_EXECUTION_DATE=2023-01-05T00:00:00+00:00
AIRFLOW_CTX_TRY_NUMBER=1
AIRFLOW_CTX_DAG_RUN_ID=scheduled__2023-01-05T00:00:00+00:00
[2023-01-09T17:39:04.372+0000] {python.py:177} INFO - Done. Returned value was: None
[2023-01-09T17:39:04.384+0000] {taskinstance.py:1406} INFO - Marking task as SUCCESS. dag_id=get_crypto_dag, task_id=MSFT, execution_date=20230105T000000, start_date=20230109T173901, end_date=20230109T173904
[2023-01-09T17:39:04.471+0000] {local_task_job.py:164} INFO - Task exited with return code 0
[2023-01-09T17:39:04.490+0000] {local_task_job.py:273} INFO - 0 downstream tasks scheduled from follow-on schedule check
