[2023-01-03T21:13:49.089+0000] {taskinstance.py:1165} INFO - Dependencies all met for <TaskInstance: get_crypto_dag.MSFT scheduled__2022-12-30T00:00:00+00:00 [queued]>
[2023-01-03T21:13:49.099+0000] {taskinstance.py:1165} INFO - Dependencies all met for <TaskInstance: get_crypto_dag.MSFT scheduled__2022-12-30T00:00:00+00:00 [queued]>
[2023-01-03T21:13:49.099+0000] {taskinstance.py:1362} INFO - 
--------------------------------------------------------------------------------
[2023-01-03T21:13:49.100+0000] {taskinstance.py:1363} INFO - Starting attempt 1 of 1
[2023-01-03T21:13:49.100+0000] {taskinstance.py:1364} INFO - 
--------------------------------------------------------------------------------
[2023-01-03T21:13:49.114+0000] {taskinstance.py:1383} INFO - Executing <Task(_PythonDecoratedOperator): MSFT> on 2022-12-30 00:00:00+00:00
[2023-01-03T21:13:49.116+0000] {standard_task_runner.py:54} INFO - Started process 21 to run task
[2023-01-03T21:13:49.119+0000] {standard_task_runner.py:82} INFO - Running: ['airflow', 'tasks', 'run', 'get_crypto_dag', 'MSFT', 'scheduled__2022-12-30T00:00:00+00:00', '--job-id', '95', '--raw', '--subdir', 'DAGS_FOLDER/get_stocks_dag.py', '--cfg-path', '/tmp/tmp7d5uj4jt']
[2023-01-03T21:13:49.120+0000] {standard_task_runner.py:83} INFO - Job 95: Subtask MSFT
[2023-01-03T21:13:49.121+0000] {dagbag.py:525} INFO - Filling up the DagBag from /opt/airflow/dags/get_stocks_dag.py
[2023-01-03T21:13:50.200+0000] {logging_mixin.py:117} WARNING - /home/airflow/.local/lib/python3.7/site-packages/airflow/models/dag.py:3425 RemovedInAirflow3Warning: Param `schedule_interval` is deprecated and will be removed in a future release. Please use `schedule` instead.
[2023-01-03T21:13:50.270+0000] {task_command.py:384} INFO - Running <TaskInstance: get_crypto_dag.MSFT scheduled__2022-12-30T00:00:00+00:00 [running]> on host getcryptodagmsft-33f4c1c64bf746a5814dfed7fc490829
[2023-01-03T21:13:50.368+0000] {taskinstance.py:1592} INFO - Exporting the following env vars:
AIRFLOW_CTX_DAG_OWNER=airflow
AIRFLOW_CTX_DAG_ID=get_crypto_dag
AIRFLOW_CTX_TASK_ID=MSFT
AIRFLOW_CTX_EXECUTION_DATE=2022-12-30T00:00:00+00:00
AIRFLOW_CTX_TRY_NUMBER=1
AIRFLOW_CTX_DAG_RUN_ID=scheduled__2022-12-30T00:00:00+00:00
[2023-01-03T21:13:51.164+0000] {python.py:177} INFO - Done. Returned value was: None
[2023-01-03T21:13:51.174+0000] {taskinstance.py:1406} INFO - Marking task as SUCCESS. dag_id=get_crypto_dag, task_id=MSFT, execution_date=20221230T000000, start_date=20230103T211349, end_date=20230103T211351
[2023-01-03T21:13:51.223+0000] {local_task_job.py:164} INFO - Task exited with return code 0
[2023-01-03T21:13:51.254+0000] {local_task_job.py:273} INFO - 0 downstream tasks scheduled from follow-on schedule check
