[2023-01-09T17:36:33.870+0000] {taskinstance.py:1165} INFO - Dependencies all met for <TaskInstance: get_crypto_dag.ETH scheduled__2023-01-07T00:00:00+00:00 [queued]>
[2023-01-09T17:36:33.881+0000] {taskinstance.py:1165} INFO - Dependencies all met for <TaskInstance: get_crypto_dag.ETH scheduled__2023-01-07T00:00:00+00:00 [queued]>
[2023-01-09T17:36:33.881+0000] {taskinstance.py:1362} INFO - 
--------------------------------------------------------------------------------
[2023-01-09T17:36:33.882+0000] {taskinstance.py:1363} INFO - Starting attempt 1 of 1
[2023-01-09T17:36:33.882+0000] {taskinstance.py:1364} INFO - 
--------------------------------------------------------------------------------
[2023-01-09T17:36:33.897+0000] {taskinstance.py:1383} INFO - Executing <Task(_PythonDecoratedOperator): ETH> on 2023-01-07 00:00:00+00:00
[2023-01-09T17:36:33.900+0000] {standard_task_runner.py:54} INFO - Started process 21 to run task
[2023-01-09T17:36:33.902+0000] {standard_task_runner.py:82} INFO - Running: ['airflow', 'tasks', 'run', 'get_crypto_dag', 'ETH', 'scheduled__2023-01-07T00:00:00+00:00', '--job-id', '133', '--raw', '--subdir', 'DAGS_FOLDER/get_stocks_dag.py', '--cfg-path', '/tmp/tmpc3ukjw49']
[2023-01-09T17:36:33.904+0000] {standard_task_runner.py:83} INFO - Job 133: Subtask ETH
[2023-01-09T17:36:33.905+0000] {dagbag.py:525} INFO - Filling up the DagBag from /opt/airflow/dags/get_stocks_dag.py
[2023-01-09T17:36:35.512+0000] {logging_mixin.py:117} WARNING - /home/airflow/.local/lib/python3.7/site-packages/airflow/models/dag.py:3425 RemovedInAirflow3Warning: Param `schedule_interval` is deprecated and will be removed in a future release. Please use `schedule` instead.
[2023-01-09T17:36:35.600+0000] {task_command.py:384} INFO - Running <TaskInstance: get_crypto_dag.ETH scheduled__2023-01-07T00:00:00+00:00 [running]> on host getcryptodageth-5fe4220b7f614c819cad85a79bbe1dc2
[2023-01-09T17:36:35.710+0000] {taskinstance.py:1592} INFO - Exporting the following env vars:
AIRFLOW_CTX_DAG_OWNER=airflow
AIRFLOW_CTX_DAG_ID=get_crypto_dag
AIRFLOW_CTX_TASK_ID=ETH
AIRFLOW_CTX_EXECUTION_DATE=2023-01-07T00:00:00+00:00
AIRFLOW_CTX_TRY_NUMBER=1
AIRFLOW_CTX_DAG_RUN_ID=scheduled__2023-01-07T00:00:00+00:00
[2023-01-09T17:36:36.316+0000] {logging_mixin.py:117} INFO - Got error from yahoo api for ticker ETH, Error: {'code': 'Not Found', 'description': 'No data found, symbol may be delisted'}
[2023-01-09T17:36:36.317+0000] {logging_mixin.py:117} INFO - - ETH: No data found for this date range, symbol may be delisted
[2023-01-09T17:36:36.323+0000] {python.py:177} INFO - Done. Returned value was: None
[2023-01-09T17:36:36.332+0000] {taskinstance.py:1406} INFO - Marking task as SUCCESS. dag_id=get_crypto_dag, task_id=ETH, execution_date=20230107T000000, start_date=20230109T173633, end_date=20230109T173636
[2023-01-09T17:36:36.371+0000] {local_task_job.py:164} INFO - Task exited with return code 0
[2023-01-09T17:36:36.389+0000] {local_task_job.py:273} INFO - 0 downstream tasks scheduled from follow-on schedule check
