[2023-01-09T17:36:21.083+0000] {taskinstance.py:1165} INFO - Dependencies all met for <TaskInstance: get_crypto_dag.AVAX scheduled__2023-01-06T00:00:00+00:00 [queued]>
[2023-01-09T17:36:21.093+0000] {taskinstance.py:1165} INFO - Dependencies all met for <TaskInstance: get_crypto_dag.AVAX scheduled__2023-01-06T00:00:00+00:00 [queued]>
[2023-01-09T17:36:21.093+0000] {taskinstance.py:1362} INFO - 
--------------------------------------------------------------------------------
[2023-01-09T17:36:21.093+0000] {taskinstance.py:1363} INFO - Starting attempt 1 of 1
[2023-01-09T17:36:21.094+0000] {taskinstance.py:1364} INFO - 
--------------------------------------------------------------------------------
[2023-01-09T17:36:21.108+0000] {taskinstance.py:1383} INFO - Executing <Task(_PythonDecoratedOperator): AVAX> on 2023-01-06 00:00:00+00:00
[2023-01-09T17:36:21.110+0000] {standard_task_runner.py:54} INFO - Started process 21 to run task
[2023-01-09T17:36:21.113+0000] {standard_task_runner.py:82} INFO - Running: ['airflow', 'tasks', 'run', 'get_crypto_dag', 'AVAX', 'scheduled__2023-01-06T00:00:00+00:00', '--job-id', '131', '--raw', '--subdir', 'DAGS_FOLDER/get_stocks_dag.py', '--cfg-path', '/tmp/tmpq8g39nw4']
[2023-01-09T17:36:21.114+0000] {standard_task_runner.py:83} INFO - Job 131: Subtask AVAX
[2023-01-09T17:36:21.115+0000] {dagbag.py:525} INFO - Filling up the DagBag from /opt/airflow/dags/get_stocks_dag.py
[2023-01-09T17:36:22.792+0000] {logging_mixin.py:117} WARNING - /home/airflow/.local/lib/python3.7/site-packages/airflow/models/dag.py:3425 RemovedInAirflow3Warning: Param `schedule_interval` is deprecated and will be removed in a future release. Please use `schedule` instead.
[2023-01-09T17:36:22.932+0000] {task_command.py:384} INFO - Running <TaskInstance: get_crypto_dag.AVAX scheduled__2023-01-06T00:00:00+00:00 [running]> on host getcryptodagavax-6fe08304890a400486a86f5ec1345b48
[2023-01-09T17:36:23.039+0000] {taskinstance.py:1592} INFO - Exporting the following env vars:
AIRFLOW_CTX_DAG_OWNER=airflow
AIRFLOW_CTX_DAG_ID=get_crypto_dag
AIRFLOW_CTX_TASK_ID=AVAX
AIRFLOW_CTX_EXECUTION_DATE=2023-01-06T00:00:00+00:00
AIRFLOW_CTX_TRY_NUMBER=1
AIRFLOW_CTX_DAG_RUN_ID=scheduled__2023-01-06T00:00:00+00:00
[2023-01-09T17:36:23.366+0000] {logging_mixin.py:117} INFO - Got error from yahoo api for ticker AVAX, Error: {'code': 'Not Found', 'description': 'No data found, symbol may be delisted'}
[2023-01-09T17:36:23.367+0000] {logging_mixin.py:117} INFO - - AVAX: No data found for this date range, symbol may be delisted
[2023-01-09T17:36:23.374+0000] {python.py:177} INFO - Done. Returned value was: None
[2023-01-09T17:36:23.388+0000] {taskinstance.py:1406} INFO - Marking task as SUCCESS. dag_id=get_crypto_dag, task_id=AVAX, execution_date=20230106T000000, start_date=20230109T173621, end_date=20230109T173623
[2023-01-09T17:36:23.430+0000] {local_task_job.py:164} INFO - Task exited with return code 0
[2023-01-09T17:36:23.459+0000] {local_task_job.py:273} INFO - 0 downstream tasks scheduled from follow-on schedule check
