[2023-01-09T17:33:53.871+0000] {taskinstance.py:1165} INFO - Dependencies all met for <TaskInstance: get_crypto_dag.DOGE scheduled__2023-01-08T00:00:00+00:00 [queued]>
[2023-01-09T17:33:53.927+0000] {taskinstance.py:1165} INFO - Dependencies all met for <TaskInstance: get_crypto_dag.DOGE scheduled__2023-01-08T00:00:00+00:00 [queued]>
[2023-01-09T17:33:53.927+0000] {taskinstance.py:1362} INFO - 
--------------------------------------------------------------------------------
[2023-01-09T17:33:53.928+0000] {taskinstance.py:1363} INFO - Starting attempt 1 of 1
[2023-01-09T17:33:53.928+0000] {taskinstance.py:1364} INFO - 
--------------------------------------------------------------------------------
[2023-01-09T17:33:53.946+0000] {taskinstance.py:1383} INFO - Executing <Task(_PythonDecoratedOperator): DOGE> on 2023-01-08 00:00:00+00:00
[2023-01-09T17:33:53.950+0000] {standard_task_runner.py:54} INFO - Started process 22 to run task
[2023-01-09T17:33:53.953+0000] {standard_task_runner.py:82} INFO - Running: ['airflow', 'tasks', 'run', 'get_crypto_dag', 'DOGE', 'scheduled__2023-01-08T00:00:00+00:00', '--job-id', '122', '--raw', '--subdir', 'DAGS_FOLDER/get_stocks_dag.py', '--cfg-path', '/tmp/tmph_um4x0o']
[2023-01-09T17:33:53.954+0000] {standard_task_runner.py:83} INFO - Job 122: Subtask DOGE
[2023-01-09T17:33:53.955+0000] {dagbag.py:525} INFO - Filling up the DagBag from /opt/airflow/dags/get_stocks_dag.py
[2023-01-09T17:33:55.252+0000] {logging_mixin.py:117} WARNING - /home/airflow/.local/lib/python3.7/site-packages/airflow/models/dag.py:3425 RemovedInAirflow3Warning: Param `schedule_interval` is deprecated and will be removed in a future release. Please use `schedule` instead.
[2023-01-09T17:33:55.332+0000] {task_command.py:384} INFO - Running <TaskInstance: get_crypto_dag.DOGE scheduled__2023-01-08T00:00:00+00:00 [running]> on host getcryptodagdoge-9bc91bdfeaec4af7a057f5033b9a8892
[2023-01-09T17:33:55.449+0000] {taskinstance.py:1592} INFO - Exporting the following env vars:
AIRFLOW_CTX_DAG_OWNER=airflow
AIRFLOW_CTX_DAG_ID=get_crypto_dag
AIRFLOW_CTX_TASK_ID=DOGE
AIRFLOW_CTX_EXECUTION_DATE=2023-01-08T00:00:00+00:00
AIRFLOW_CTX_TRY_NUMBER=1
AIRFLOW_CTX_DAG_RUN_ID=scheduled__2023-01-08T00:00:00+00:00
[2023-01-09T17:33:55.826+0000] {logging_mixin.py:117} INFO - Got error from yahoo api for ticker DOGE, Error: {'code': 'Not Found', 'description': 'No data found, symbol may be delisted'}
[2023-01-09T17:33:55.828+0000] {logging_mixin.py:117} INFO - - DOGE: No data found for this date range, symbol may be delisted
[2023-01-09T17:33:55.834+0000] {python.py:177} INFO - Done. Returned value was: None
[2023-01-09T17:33:55.846+0000] {taskinstance.py:1406} INFO - Marking task as SUCCESS. dag_id=get_crypto_dag, task_id=DOGE, execution_date=20230108T000000, start_date=20230109T173353, end_date=20230109T173355
[2023-01-09T17:33:55.872+0000] {local_task_job.py:164} INFO - Task exited with return code 0
[2023-01-09T17:33:55.944+0000] {local_task_job.py:273} INFO - 0 downstream tasks scheduled from follow-on schedule check
[2023-01-09T17:37:05.493+0000] {taskinstance.py:1165} INFO - Dependencies all met for <TaskInstance: get_crypto_dag.DOGE scheduled__2023-01-08T00:00:00+00:00 [queued]>
[2023-01-09T17:37:05.502+0000] {taskinstance.py:1165} INFO - Dependencies all met for <TaskInstance: get_crypto_dag.DOGE scheduled__2023-01-08T00:00:00+00:00 [queued]>
[2023-01-09T17:37:05.502+0000] {taskinstance.py:1362} INFO - 
--------------------------------------------------------------------------------
[2023-01-09T17:37:05.503+0000] {taskinstance.py:1363} INFO - Starting attempt 1 of 1
[2023-01-09T17:37:05.503+0000] {taskinstance.py:1364} INFO - 
--------------------------------------------------------------------------------
[2023-01-09T17:37:05.516+0000] {taskinstance.py:1383} INFO - Executing <Task(_PythonDecoratedOperator): DOGE> on 2023-01-08 00:00:00+00:00
[2023-01-09T17:37:05.521+0000] {standard_task_runner.py:54} INFO - Started process 21 to run task
[2023-01-09T17:37:05.524+0000] {standard_task_runner.py:82} INFO - Running: ['airflow', 'tasks', 'run', 'get_crypto_dag', 'DOGE', 'scheduled__2023-01-08T00:00:00+00:00', '--job-id', '138', '--raw', '--subdir', 'DAGS_FOLDER/get_stocks_dag.py', '--cfg-path', '/tmp/tmppbxrxp55']
[2023-01-09T17:37:05.526+0000] {standard_task_runner.py:83} INFO - Job 138: Subtask DOGE
[2023-01-09T17:37:05.527+0000] {dagbag.py:525} INFO - Filling up the DagBag from /opt/airflow/dags/get_stocks_dag.py
[2023-01-09T17:37:06.706+0000] {logging_mixin.py:117} WARNING - /home/airflow/.local/lib/python3.7/site-packages/airflow/models/dag.py:3425 RemovedInAirflow3Warning: Param `schedule_interval` is deprecated and will be removed in a future release. Please use `schedule` instead.
[2023-01-09T17:37:06.783+0000] {task_command.py:384} INFO - Running <TaskInstance: get_crypto_dag.DOGE scheduled__2023-01-08T00:00:00+00:00 [running]> on host getcryptodagdoge-6c0ba95922054913925e84935e7daec8
[2023-01-09T17:37:06.885+0000] {taskinstance.py:1592} INFO - Exporting the following env vars:
AIRFLOW_CTX_DAG_OWNER=airflow
AIRFLOW_CTX_DAG_ID=get_crypto_dag
AIRFLOW_CTX_TASK_ID=DOGE
AIRFLOW_CTX_EXECUTION_DATE=2023-01-08T00:00:00+00:00
AIRFLOW_CTX_TRY_NUMBER=1
AIRFLOW_CTX_DAG_RUN_ID=scheduled__2023-01-08T00:00:00+00:00
[2023-01-09T17:37:07.212+0000] {logging_mixin.py:117} INFO - Got error from yahoo api for ticker DOGE, Error: {'code': 'Not Found', 'description': 'No data found, symbol may be delisted'}
[2023-01-09T17:37:07.213+0000] {logging_mixin.py:117} INFO - - DOGE: No data found for this date range, symbol may be delisted
[2023-01-09T17:37:07.220+0000] {python.py:177} INFO - Done. Returned value was: None
[2023-01-09T17:37:07.231+0000] {taskinstance.py:1406} INFO - Marking task as SUCCESS. dag_id=get_crypto_dag, task_id=DOGE, execution_date=20230108T000000, start_date=20230109T173705, end_date=20230109T173707
[2023-01-09T17:37:07.251+0000] {local_task_job.py:164} INFO - Task exited with return code 0
[2023-01-09T17:37:07.272+0000] {local_task_job.py:273} INFO - 0 downstream tasks scheduled from follow-on schedule check
