[2023-01-09T17:33:41.935+0000] {taskinstance.py:1165} INFO - Dependencies all met for <TaskInstance: get_crypto_dag.BTC scheduled__2023-01-08T00:00:00+00:00 [queued]>
[2023-01-09T17:33:41.943+0000] {taskinstance.py:1165} INFO - Dependencies all met for <TaskInstance: get_crypto_dag.BTC scheduled__2023-01-08T00:00:00+00:00 [queued]>
[2023-01-09T17:33:41.943+0000] {taskinstance.py:1362} INFO - 
--------------------------------------------------------------------------------
[2023-01-09T17:33:41.943+0000] {taskinstance.py:1363} INFO - Starting attempt 1 of 1
[2023-01-09T17:33:41.944+0000] {taskinstance.py:1364} INFO - 
--------------------------------------------------------------------------------
[2023-01-09T17:33:41.957+0000] {taskinstance.py:1383} INFO - Executing <Task(_PythonDecoratedOperator): BTC> on 2023-01-08 00:00:00+00:00
[2023-01-09T17:33:41.959+0000] {standard_task_runner.py:54} INFO - Started process 21 to run task
[2023-01-09T17:33:41.962+0000] {standard_task_runner.py:82} INFO - Running: ['airflow', 'tasks', 'run', 'get_crypto_dag', 'BTC', 'scheduled__2023-01-08T00:00:00+00:00', '--job-id', '120', '--raw', '--subdir', 'DAGS_FOLDER/get_stocks_dag.py', '--cfg-path', '/tmp/tmppdy_orsq']
[2023-01-09T17:33:41.964+0000] {standard_task_runner.py:83} INFO - Job 120: Subtask BTC
[2023-01-09T17:33:41.965+0000] {dagbag.py:525} INFO - Filling up the DagBag from /opt/airflow/dags/get_stocks_dag.py
[2023-01-09T17:33:43.429+0000] {logging_mixin.py:117} WARNING - /home/airflow/.local/lib/python3.7/site-packages/airflow/models/dag.py:3425 RemovedInAirflow3Warning: Param `schedule_interval` is deprecated and will be removed in a future release. Please use `schedule` instead.
[2023-01-09T17:33:43.566+0000] {task_command.py:384} INFO - Running <TaskInstance: get_crypto_dag.BTC scheduled__2023-01-08T00:00:00+00:00 [running]> on host getcryptodagbtc-de0135011e02462fa8414c9f40d61133
[2023-01-09T17:33:43.751+0000] {taskinstance.py:1592} INFO - Exporting the following env vars:
AIRFLOW_CTX_DAG_OWNER=airflow
AIRFLOW_CTX_DAG_ID=get_crypto_dag
AIRFLOW_CTX_TASK_ID=BTC
AIRFLOW_CTX_EXECUTION_DATE=2023-01-08T00:00:00+00:00
AIRFLOW_CTX_TRY_NUMBER=1
AIRFLOW_CTX_DAG_RUN_ID=scheduled__2023-01-08T00:00:00+00:00
[2023-01-09T17:33:44.529+0000] {logging_mixin.py:117} INFO - - BTC: No data found for this date range, symbol may be delisted
[2023-01-09T17:33:44.533+0000] {python.py:177} INFO - Done. Returned value was: None
[2023-01-09T17:33:44.547+0000] {taskinstance.py:1406} INFO - Marking task as SUCCESS. dag_id=get_crypto_dag, task_id=BTC, execution_date=20230108T000000, start_date=20230109T173341, end_date=20230109T173344
[2023-01-09T17:33:44.566+0000] {local_task_job.py:164} INFO - Task exited with return code 0
[2023-01-09T17:33:44.647+0000] {local_task_job.py:273} INFO - 0 downstream tasks scheduled from follow-on schedule check
[2023-01-09T17:36:53.556+0000] {taskinstance.py:1165} INFO - Dependencies all met for <TaskInstance: get_crypto_dag.BTC scheduled__2023-01-08T00:00:00+00:00 [queued]>
[2023-01-09T17:36:53.566+0000] {taskinstance.py:1165} INFO - Dependencies all met for <TaskInstance: get_crypto_dag.BTC scheduled__2023-01-08T00:00:00+00:00 [queued]>
[2023-01-09T17:36:53.566+0000] {taskinstance.py:1362} INFO - 
--------------------------------------------------------------------------------
[2023-01-09T17:36:53.567+0000] {taskinstance.py:1363} INFO - Starting attempt 1 of 1
[2023-01-09T17:36:53.567+0000] {taskinstance.py:1364} INFO - 
--------------------------------------------------------------------------------
[2023-01-09T17:36:53.584+0000] {taskinstance.py:1383} INFO - Executing <Task(_PythonDecoratedOperator): BTC> on 2023-01-08 00:00:00+00:00
[2023-01-09T17:36:53.629+0000] {standard_task_runner.py:54} INFO - Started process 21 to run task
[2023-01-09T17:36:53.633+0000] {standard_task_runner.py:82} INFO - Running: ['airflow', 'tasks', 'run', 'get_crypto_dag', 'BTC', 'scheduled__2023-01-08T00:00:00+00:00', '--job-id', '136', '--raw', '--subdir', 'DAGS_FOLDER/get_stocks_dag.py', '--cfg-path', '/tmp/tmp5mn03hxh']
[2023-01-09T17:36:53.634+0000] {standard_task_runner.py:83} INFO - Job 136: Subtask BTC
[2023-01-09T17:36:53.636+0000] {dagbag.py:525} INFO - Filling up the DagBag from /opt/airflow/dags/get_stocks_dag.py
[2023-01-09T17:36:55.349+0000] {logging_mixin.py:117} WARNING - /home/airflow/.local/lib/python3.7/site-packages/airflow/models/dag.py:3425 RemovedInAirflow3Warning: Param `schedule_interval` is deprecated and will be removed in a future release. Please use `schedule` instead.
[2023-01-09T17:36:55.468+0000] {task_command.py:384} INFO - Running <TaskInstance: get_crypto_dag.BTC scheduled__2023-01-08T00:00:00+00:00 [running]> on host getcryptodagbtc-0fbba06b9a514c67bc7b9dc6a6ecea69
[2023-01-09T17:36:55.658+0000] {taskinstance.py:1592} INFO - Exporting the following env vars:
AIRFLOW_CTX_DAG_OWNER=airflow
AIRFLOW_CTX_DAG_ID=get_crypto_dag
AIRFLOW_CTX_TASK_ID=BTC
AIRFLOW_CTX_EXECUTION_DATE=2023-01-08T00:00:00+00:00
AIRFLOW_CTX_TRY_NUMBER=1
AIRFLOW_CTX_DAG_RUN_ID=scheduled__2023-01-08T00:00:00+00:00
[2023-01-09T17:36:56.309+0000] {logging_mixin.py:117} INFO - - BTC: No data found for this date range, symbol may be delisted
[2023-01-09T17:36:56.313+0000] {python.py:177} INFO - Done. Returned value was: None
[2023-01-09T17:36:56.323+0000] {taskinstance.py:1406} INFO - Marking task as SUCCESS. dag_id=get_crypto_dag, task_id=BTC, execution_date=20230108T000000, start_date=20230109T173653, end_date=20230109T173656
[2023-01-09T17:36:56.349+0000] {local_task_job.py:164} INFO - Task exited with return code 0
[2023-01-09T17:36:56.368+0000] {local_task_job.py:273} INFO - 0 downstream tasks scheduled from follow-on schedule check
