[2023-01-09T17:39:25.540+0000] {taskinstance.py:1165} INFO - Dependencies all met for <TaskInstance: get_crypto_dag.MSFT scheduled__2023-01-06T00:00:00+00:00 [queued]>
[2023-01-09T17:39:25.548+0000] {taskinstance.py:1165} INFO - Dependencies all met for <TaskInstance: get_crypto_dag.MSFT scheduled__2023-01-06T00:00:00+00:00 [queued]>
[2023-01-09T17:39:25.548+0000] {taskinstance.py:1362} INFO - 
--------------------------------------------------------------------------------
[2023-01-09T17:39:25.549+0000] {taskinstance.py:1363} INFO - Starting attempt 1 of 1
[2023-01-09T17:39:25.549+0000] {taskinstance.py:1364} INFO - 
--------------------------------------------------------------------------------
[2023-01-09T17:39:25.561+0000] {taskinstance.py:1383} INFO - Executing <Task(_PythonDecoratedOperator): MSFT> on 2023-01-06 00:00:00+00:00
[2023-01-09T17:39:25.565+0000] {standard_task_runner.py:54} INFO - Started process 21 to run task
[2023-01-09T17:39:25.568+0000] {standard_task_runner.py:82} INFO - Running: ['airflow', 'tasks', 'run', 'get_crypto_dag', 'MSFT', 'scheduled__2023-01-06T00:00:00+00:00', '--job-id', '145', '--raw', '--subdir', 'DAGS_FOLDER/get_stocks_dag.py', '--cfg-path', '/tmp/tmpzpgv_o7p']
[2023-01-09T17:39:25.569+0000] {standard_task_runner.py:83} INFO - Job 145: Subtask MSFT
[2023-01-09T17:39:25.570+0000] {dagbag.py:525} INFO - Filling up the DagBag from /opt/airflow/dags/get_stocks_dag.py
[2023-01-09T17:39:26.576+0000] {logging_mixin.py:117} WARNING - /home/airflow/.local/lib/python3.7/site-packages/airflow/models/dag.py:3425 RemovedInAirflow3Warning: Param `schedule_interval` is deprecated and will be removed in a future release. Please use `schedule` instead.
[2023-01-09T17:39:26.646+0000] {task_command.py:384} INFO - Running <TaskInstance: get_crypto_dag.MSFT scheduled__2023-01-06T00:00:00+00:00 [running]> on host getcryptodagmsft-2ae2adca6a3744f1b12dc8b19540e9ff
[2023-01-09T17:39:26.757+0000] {taskinstance.py:1592} INFO - Exporting the following env vars:
AIRFLOW_CTX_DAG_OWNER=airflow
AIRFLOW_CTX_DAG_ID=get_crypto_dag
AIRFLOW_CTX_TASK_ID=MSFT
AIRFLOW_CTX_EXECUTION_DATE=2023-01-06T00:00:00+00:00
AIRFLOW_CTX_TRY_NUMBER=1
AIRFLOW_CTX_DAG_RUN_ID=scheduled__2023-01-06T00:00:00+00:00
[2023-01-09T17:39:27.516+0000] {python.py:177} INFO - Done. Returned value was: None
[2023-01-09T17:39:27.526+0000] {taskinstance.py:1406} INFO - Marking task as SUCCESS. dag_id=get_crypto_dag, task_id=MSFT, execution_date=20230106T000000, start_date=20230109T173925, end_date=20230109T173927
[2023-01-09T17:39:27.572+0000] {local_task_job.py:164} INFO - Task exited with return code 0
[2023-01-09T17:39:27.590+0000] {local_task_job.py:273} INFO - 0 downstream tasks scheduled from follow-on schedule check
