[2023-01-09T17:36:03.373+0000] {taskinstance.py:1165} INFO - Dependencies all met for <TaskInstance: get_crypto_dag.BTC scheduled__2023-01-06T00:00:00+00:00 [queued]>
[2023-01-09T17:36:03.382+0000] {taskinstance.py:1165} INFO - Dependencies all met for <TaskInstance: get_crypto_dag.BTC scheduled__2023-01-06T00:00:00+00:00 [queued]>
[2023-01-09T17:36:03.382+0000] {taskinstance.py:1362} INFO - 
--------------------------------------------------------------------------------
[2023-01-09T17:36:03.382+0000] {taskinstance.py:1363} INFO - Starting attempt 1 of 1
[2023-01-09T17:36:03.383+0000] {taskinstance.py:1364} INFO - 
--------------------------------------------------------------------------------
[2023-01-09T17:36:03.395+0000] {taskinstance.py:1383} INFO - Executing <Task(_PythonDecoratedOperator): BTC> on 2023-01-06 00:00:00+00:00
[2023-01-09T17:36:03.398+0000] {standard_task_runner.py:54} INFO - Started process 22 to run task
[2023-01-09T17:36:03.401+0000] {standard_task_runner.py:82} INFO - Running: ['airflow', 'tasks', 'run', 'get_crypto_dag', 'BTC', 'scheduled__2023-01-06T00:00:00+00:00', '--job-id', '128', '--raw', '--subdir', 'DAGS_FOLDER/get_stocks_dag.py', '--cfg-path', '/tmp/tmpu462zjxh']
[2023-01-09T17:36:03.402+0000] {standard_task_runner.py:83} INFO - Job 128: Subtask BTC
[2023-01-09T17:36:03.403+0000] {dagbag.py:525} INFO - Filling up the DagBag from /opt/airflow/dags/get_stocks_dag.py
[2023-01-09T17:36:04.943+0000] {logging_mixin.py:117} WARNING - /home/airflow/.local/lib/python3.7/site-packages/airflow/models/dag.py:3425 RemovedInAirflow3Warning: Param `schedule_interval` is deprecated and will be removed in a future release. Please use `schedule` instead.
[2023-01-09T17:36:05.016+0000] {task_command.py:384} INFO - Running <TaskInstance: get_crypto_dag.BTC scheduled__2023-01-06T00:00:00+00:00 [running]> on host getcryptodagbtc-e2c76dc3a1fb44b595b9ee297529afbd
[2023-01-09T17:36:05.109+0000] {taskinstance.py:1592} INFO - Exporting the following env vars:
AIRFLOW_CTX_DAG_OWNER=airflow
AIRFLOW_CTX_DAG_ID=get_crypto_dag
AIRFLOW_CTX_TASK_ID=BTC
AIRFLOW_CTX_EXECUTION_DATE=2023-01-06T00:00:00+00:00
AIRFLOW_CTX_TRY_NUMBER=1
AIRFLOW_CTX_DAG_RUN_ID=scheduled__2023-01-06T00:00:00+00:00
[2023-01-09T17:36:05.783+0000] {logging_mixin.py:117} INFO - - BTC: No data found for this date range, symbol may be delisted
[2023-01-09T17:36:05.787+0000] {python.py:177} INFO - Done. Returned value was: None
[2023-01-09T17:36:05.797+0000] {taskinstance.py:1406} INFO - Marking task as SUCCESS. dag_id=get_crypto_dag, task_id=BTC, execution_date=20230106T000000, start_date=20230109T173603, end_date=20230109T173605
[2023-01-09T17:36:05.851+0000] {local_task_job.py:164} INFO - Task exited with return code 0
[2023-01-09T17:36:05.869+0000] {local_task_job.py:273} INFO - 0 downstream tasks scheduled from follow-on schedule check
