[2023-01-09T17:33:48.408+0000] {taskinstance.py:1165} INFO - Dependencies all met for <TaskInstance: get_crypto_dag.ETH scheduled__2023-01-08T00:00:00+00:00 [queued]>
[2023-01-09T17:33:48.432+0000] {taskinstance.py:1165} INFO - Dependencies all met for <TaskInstance: get_crypto_dag.ETH scheduled__2023-01-08T00:00:00+00:00 [queued]>
[2023-01-09T17:33:48.433+0000] {taskinstance.py:1362} INFO - 
--------------------------------------------------------------------------------
[2023-01-09T17:33:48.433+0000] {taskinstance.py:1363} INFO - Starting attempt 1 of 1
[2023-01-09T17:33:48.433+0000] {taskinstance.py:1364} INFO - 
--------------------------------------------------------------------------------
[2023-01-09T17:33:48.449+0000] {taskinstance.py:1383} INFO - Executing <Task(_PythonDecoratedOperator): ETH> on 2023-01-08 00:00:00+00:00
[2023-01-09T17:33:48.451+0000] {standard_task_runner.py:54} INFO - Started process 21 to run task
[2023-01-09T17:33:48.454+0000] {standard_task_runner.py:82} INFO - Running: ['airflow', 'tasks', 'run', 'get_crypto_dag', 'ETH', 'scheduled__2023-01-08T00:00:00+00:00', '--job-id', '121', '--raw', '--subdir', 'DAGS_FOLDER/get_stocks_dag.py', '--cfg-path', '/tmp/tmpk8jq7d5i']
[2023-01-09T17:33:48.456+0000] {standard_task_runner.py:83} INFO - Job 121: Subtask ETH
[2023-01-09T17:33:48.457+0000] {dagbag.py:525} INFO - Filling up the DagBag from /opt/airflow/dags/get_stocks_dag.py
[2023-01-09T17:33:49.917+0000] {logging_mixin.py:117} WARNING - /home/airflow/.local/lib/python3.7/site-packages/airflow/models/dag.py:3425 RemovedInAirflow3Warning: Param `schedule_interval` is deprecated and will be removed in a future release. Please use `schedule` instead.
[2023-01-09T17:33:49.994+0000] {task_command.py:384} INFO - Running <TaskInstance: get_crypto_dag.ETH scheduled__2023-01-08T00:00:00+00:00 [running]> on host getcryptodageth-1ff9ead4ca2a4059b6665f0dddcb7d6d
[2023-01-09T17:33:50.100+0000] {taskinstance.py:1592} INFO - Exporting the following env vars:
AIRFLOW_CTX_DAG_OWNER=airflow
AIRFLOW_CTX_DAG_ID=get_crypto_dag
AIRFLOW_CTX_TASK_ID=ETH
AIRFLOW_CTX_EXECUTION_DATE=2023-01-08T00:00:00+00:00
AIRFLOW_CTX_TRY_NUMBER=1
AIRFLOW_CTX_DAG_RUN_ID=scheduled__2023-01-08T00:00:00+00:00
[2023-01-09T17:33:50.432+0000] {logging_mixin.py:117} INFO - Got error from yahoo api for ticker ETH, Error: {'code': 'Not Found', 'description': 'No data found, symbol may be delisted'}
[2023-01-09T17:33:50.433+0000] {logging_mixin.py:117} INFO - - ETH: No data found for this date range, symbol may be delisted
[2023-01-09T17:33:50.439+0000] {python.py:177} INFO - Done. Returned value was: None
[2023-01-09T17:33:50.449+0000] {taskinstance.py:1406} INFO - Marking task as SUCCESS. dag_id=get_crypto_dag, task_id=ETH, execution_date=20230108T000000, start_date=20230109T173348, end_date=20230109T173350
[2023-01-09T17:33:50.490+0000] {local_task_job.py:164} INFO - Task exited with return code 0
[2023-01-09T17:33:50.509+0000] {local_task_job.py:273} INFO - 0 downstream tasks scheduled from follow-on schedule check
[2023-01-09T17:36:58.614+0000] {taskinstance.py:1165} INFO - Dependencies all met for <TaskInstance: get_crypto_dag.ETH scheduled__2023-01-08T00:00:00+00:00 [queued]>
[2023-01-09T17:36:58.624+0000] {taskinstance.py:1165} INFO - Dependencies all met for <TaskInstance: get_crypto_dag.ETH scheduled__2023-01-08T00:00:00+00:00 [queued]>
[2023-01-09T17:36:58.625+0000] {taskinstance.py:1362} INFO - 
--------------------------------------------------------------------------------
[2023-01-09T17:36:58.625+0000] {taskinstance.py:1363} INFO - Starting attempt 1 of 1
[2023-01-09T17:36:58.626+0000] {taskinstance.py:1364} INFO - 
--------------------------------------------------------------------------------
[2023-01-09T17:36:58.641+0000] {taskinstance.py:1383} INFO - Executing <Task(_PythonDecoratedOperator): ETH> on 2023-01-08 00:00:00+00:00
[2023-01-09T17:36:58.645+0000] {standard_task_runner.py:54} INFO - Started process 21 to run task
[2023-01-09T17:36:58.648+0000] {standard_task_runner.py:82} INFO - Running: ['airflow', 'tasks', 'run', 'get_crypto_dag', 'ETH', 'scheduled__2023-01-08T00:00:00+00:00', '--job-id', '137', '--raw', '--subdir', 'DAGS_FOLDER/get_stocks_dag.py', '--cfg-path', '/tmp/tmp90a1jr1i']
[2023-01-09T17:36:58.650+0000] {standard_task_runner.py:83} INFO - Job 137: Subtask ETH
[2023-01-09T17:36:58.651+0000] {dagbag.py:525} INFO - Filling up the DagBag from /opt/airflow/dags/get_stocks_dag.py
[2023-01-09T17:36:59.975+0000] {logging_mixin.py:117} WARNING - /home/airflow/.local/lib/python3.7/site-packages/airflow/models/dag.py:3425 RemovedInAirflow3Warning: Param `schedule_interval` is deprecated and will be removed in a future release. Please use `schedule` instead.
[2023-01-09T17:37:00.071+0000] {task_command.py:384} INFO - Running <TaskInstance: get_crypto_dag.ETH scheduled__2023-01-08T00:00:00+00:00 [running]> on host getcryptodageth-9327c3c8e699412ebdf4f963c04320d8
[2023-01-09T17:37:00.335+0000] {taskinstance.py:1592} INFO - Exporting the following env vars:
AIRFLOW_CTX_DAG_OWNER=airflow
AIRFLOW_CTX_DAG_ID=get_crypto_dag
AIRFLOW_CTX_TASK_ID=ETH
AIRFLOW_CTX_EXECUTION_DATE=2023-01-08T00:00:00+00:00
AIRFLOW_CTX_TRY_NUMBER=1
AIRFLOW_CTX_DAG_RUN_ID=scheduled__2023-01-08T00:00:00+00:00
[2023-01-09T17:37:00.649+0000] {logging_mixin.py:117} INFO - Got error from yahoo api for ticker ETH, Error: {'code': 'Not Found', 'description': 'No data found, symbol may be delisted'}
[2023-01-09T17:37:00.650+0000] {logging_mixin.py:117} INFO - - ETH: No data found for this date range, symbol may be delisted
[2023-01-09T17:37:00.657+0000] {python.py:177} INFO - Done. Returned value was: None
[2023-01-09T17:37:00.667+0000] {taskinstance.py:1406} INFO - Marking task as SUCCESS. dag_id=get_crypto_dag, task_id=ETH, execution_date=20230108T000000, start_date=20230109T173658, end_date=20230109T173700
[2023-01-09T17:37:00.712+0000] {local_task_job.py:164} INFO - Task exited with return code 0
[2023-01-09T17:37:00.733+0000] {local_task_job.py:273} INFO - 0 downstream tasks scheduled from follow-on schedule check
