[2023-01-13T11:41:44.728+0000] {taskinstance.py:1165} INFO - Dependencies all met for <TaskInstance: get_crypto_dag.AAPL scheduled__2023-01-12T00:00:00+00:00 [queued]>
[2023-01-13T11:41:44.806+0000] {taskinstance.py:1165} INFO - Dependencies all met for <TaskInstance: get_crypto_dag.AAPL scheduled__2023-01-12T00:00:00+00:00 [queued]>
[2023-01-13T11:41:44.807+0000] {taskinstance.py:1362} INFO - 
--------------------------------------------------------------------------------
[2023-01-13T11:41:44.808+0000] {taskinstance.py:1363} INFO - Starting attempt 1 of 1
[2023-01-13T11:41:44.809+0000] {taskinstance.py:1364} INFO - 
--------------------------------------------------------------------------------
[2023-01-13T11:41:44.995+0000] {taskinstance.py:1383} INFO - Executing <Task(_PythonDecoratedOperator): AAPL> on 2023-01-12 00:00:00+00:00
[2023-01-13T11:41:45.000+0000] {standard_task_runner.py:54} INFO - Started process 21 to run task
[2023-01-13T11:41:45.009+0000] {standard_task_runner.py:82} INFO - Running: ['airflow', 'tasks', 'run', 'get_crypto_dag', 'AAPL', 'scheduled__2023-01-12T00:00:00+00:00', '--job-id', '178', '--raw', '--subdir', 'DAGS_FOLDER/get_stocks_dag.py', '--cfg-path', '/tmp/tmp7j37uhl6']
[2023-01-13T11:41:45.012+0000] {standard_task_runner.py:83} INFO - Job 178: Subtask AAPL
[2023-01-13T11:41:45.015+0000] {dagbag.py:525} INFO - Filling up the DagBag from /opt/airflow/dags/get_stocks_dag.py
[2023-01-13T11:41:51.230+0000] {logging_mixin.py:117} WARNING - /home/airflow/.local/lib/python3.7/site-packages/airflow/models/dag.py:3425 RemovedInAirflow3Warning: Param `schedule_interval` is deprecated and will be removed in a future release. Please use `schedule` instead.
[2023-01-13T11:41:51.707+0000] {task_command.py:384} INFO - Running <TaskInstance: get_crypto_dag.AAPL scheduled__2023-01-12T00:00:00+00:00 [running]> on host getcryptodagaapl-913b0e1e03c94d3d98bea2e3abd73ae7
[2023-01-13T11:41:52.215+0000] {taskinstance.py:1592} INFO - Exporting the following env vars:
AIRFLOW_CTX_DAG_OWNER=airflow
AIRFLOW_CTX_DAG_ID=get_crypto_dag
AIRFLOW_CTX_TASK_ID=AAPL
AIRFLOW_CTX_EXECUTION_DATE=2023-01-12T00:00:00+00:00
AIRFLOW_CTX_TRY_NUMBER=1
AIRFLOW_CTX_DAG_RUN_ID=scheduled__2023-01-12T00:00:00+00:00
[2023-01-13T11:41:53.506+0000] {python.py:177} INFO - Done. Returned value was: None
[2023-01-13T11:41:53.533+0000] {taskinstance.py:1406} INFO - Marking task as SUCCESS. dag_id=get_crypto_dag, task_id=AAPL, execution_date=20230112T000000, start_date=20230113T114144, end_date=20230113T114153
[2023-01-13T11:41:53.653+0000] {local_task_job.py:164} INFO - Task exited with return code 0
[2023-01-13T11:41:53.792+0000] {local_task_job.py:273} INFO - 0 downstream tasks scheduled from follow-on schedule check
