[2023-01-03T20:24:08.926+0000] {taskinstance.py:1165} INFO - Dependencies all met for <TaskInstance: get_crypto_dag.TSLA scheduled__2023-01-02T00:00:00+00:00 [queued]>
[2023-01-03T20:24:08.937+0000] {taskinstance.py:1165} INFO - Dependencies all met for <TaskInstance: get_crypto_dag.TSLA scheduled__2023-01-02T00:00:00+00:00 [queued]>
[2023-01-03T20:24:08.937+0000] {taskinstance.py:1362} INFO - 
--------------------------------------------------------------------------------
[2023-01-03T20:24:08.937+0000] {taskinstance.py:1363} INFO - Starting attempt 1 of 1
[2023-01-03T20:24:08.938+0000] {taskinstance.py:1364} INFO - 
--------------------------------------------------------------------------------
[2023-01-03T20:24:08.951+0000] {taskinstance.py:1383} INFO - Executing <Task(_PythonDecoratedOperator): TSLA> on 2023-01-02 00:00:00+00:00
[2023-01-03T20:24:08.953+0000] {standard_task_runner.py:54} INFO - Started process 21 to run task
[2023-01-03T20:24:08.956+0000] {standard_task_runner.py:82} INFO - Running: ['airflow', 'tasks', 'run', 'get_crypto_dag', 'TSLA', 'scheduled__2023-01-02T00:00:00+00:00', '--job-id', '85', '--raw', '--subdir', 'DAGS_FOLDER/get_stocks_dag.py', '--cfg-path', '/tmp/tmpls51mlm3']
[2023-01-03T20:24:08.957+0000] {standard_task_runner.py:83} INFO - Job 85: Subtask TSLA
[2023-01-03T20:24:08.958+0000] {dagbag.py:525} INFO - Filling up the DagBag from /opt/airflow/dags/get_stocks_dag.py
[2023-01-03T20:24:10.093+0000] {logging_mixin.py:117} WARNING - /home/airflow/.local/lib/python3.7/site-packages/airflow/models/dag.py:3425 RemovedInAirflow3Warning: Param `schedule_interval` is deprecated and will be removed in a future release. Please use `schedule` instead.
[2023-01-03T20:24:10.172+0000] {task_command.py:384} INFO - Running <TaskInstance: get_crypto_dag.TSLA scheduled__2023-01-02T00:00:00+00:00 [running]> on host getcryptodagtsla-45af24fda13f415eab86f174f2019c7e
[2023-01-03T20:24:10.273+0000] {taskinstance.py:1592} INFO - Exporting the following env vars:
AIRFLOW_CTX_DAG_OWNER=airflow
AIRFLOW_CTX_DAG_ID=get_crypto_dag
AIRFLOW_CTX_TASK_ID=TSLA
AIRFLOW_CTX_EXECUTION_DATE=2023-01-02T00:00:00+00:00
AIRFLOW_CTX_TRY_NUMBER=1
AIRFLOW_CTX_DAG_RUN_ID=scheduled__2023-01-02T00:00:00+00:00
[2023-01-03T20:24:10.981+0000] {logging_mixin.py:117} INFO - - TSLA: No data found for this date range, symbol may be delisted
[2023-01-03T20:24:10.984+0000] {python.py:177} INFO - Done. Returned value was: None
[2023-01-03T20:24:10.995+0000] {taskinstance.py:1406} INFO - Marking task as SUCCESS. dag_id=get_crypto_dag, task_id=TSLA, execution_date=20230102T000000, start_date=20230103T202408, end_date=20230103T202410
[2023-01-03T20:24:11.023+0000] {local_task_job.py:164} INFO - Task exited with return code 0
[2023-01-03T20:24:11.042+0000] {local_task_job.py:273} INFO - 0 downstream tasks scheduled from follow-on schedule check
[2023-01-03T20:29:48.287+0000] {taskinstance.py:1165} INFO - Dependencies all met for <TaskInstance: get_crypto_dag.TSLA scheduled__2023-01-02T00:00:00+00:00 [queued]>
[2023-01-03T20:29:48.298+0000] {taskinstance.py:1165} INFO - Dependencies all met for <TaskInstance: get_crypto_dag.TSLA scheduled__2023-01-02T00:00:00+00:00 [queued]>
[2023-01-03T20:29:48.299+0000] {taskinstance.py:1362} INFO - 
--------------------------------------------------------------------------------
[2023-01-03T20:29:48.299+0000] {taskinstance.py:1363} INFO - Starting attempt 1 of 1
[2023-01-03T20:29:48.299+0000] {taskinstance.py:1364} INFO - 
--------------------------------------------------------------------------------
[2023-01-03T20:29:48.312+0000] {taskinstance.py:1383} INFO - Executing <Task(_PythonDecoratedOperator): TSLA> on 2023-01-02 00:00:00+00:00
[2023-01-03T20:29:48.315+0000] {standard_task_runner.py:54} INFO - Started process 21 to run task
[2023-01-03T20:29:48.318+0000] {standard_task_runner.py:82} INFO - Running: ['airflow', 'tasks', 'run', 'get_crypto_dag', 'TSLA', 'scheduled__2023-01-02T00:00:00+00:00', '--job-id', '89', '--raw', '--subdir', 'DAGS_FOLDER/get_stocks_dag.py', '--cfg-path', '/tmp/tmpfawg93zr']
[2023-01-03T20:29:48.319+0000] {standard_task_runner.py:83} INFO - Job 89: Subtask TSLA
[2023-01-03T20:29:48.320+0000] {dagbag.py:525} INFO - Filling up the DagBag from /opt/airflow/dags/get_stocks_dag.py
[2023-01-03T20:29:49.440+0000] {logging_mixin.py:117} WARNING - /home/airflow/.local/lib/python3.7/site-packages/airflow/models/dag.py:3425 RemovedInAirflow3Warning: Param `schedule_interval` is deprecated and will be removed in a future release. Please use `schedule` instead.
[2023-01-03T20:29:49.512+0000] {task_command.py:384} INFO - Running <TaskInstance: get_crypto_dag.TSLA scheduled__2023-01-02T00:00:00+00:00 [running]> on host getcryptodagtsla-37f8e40638f1404ca80ff4e5a26f63d0
[2023-01-03T20:29:49.604+0000] {taskinstance.py:1592} INFO - Exporting the following env vars:
AIRFLOW_CTX_DAG_OWNER=airflow
AIRFLOW_CTX_DAG_ID=get_crypto_dag
AIRFLOW_CTX_TASK_ID=TSLA
AIRFLOW_CTX_EXECUTION_DATE=2023-01-02T00:00:00+00:00
AIRFLOW_CTX_TRY_NUMBER=1
AIRFLOW_CTX_DAG_RUN_ID=scheduled__2023-01-02T00:00:00+00:00
[2023-01-03T20:29:50.239+0000] {logging_mixin.py:117} INFO - - TSLA: No data found for this date range, symbol may be delisted
[2023-01-03T20:29:50.242+0000] {python.py:177} INFO - Done. Returned value was: None
[2023-01-03T20:29:50.252+0000] {taskinstance.py:1406} INFO - Marking task as SUCCESS. dag_id=get_crypto_dag, task_id=TSLA, execution_date=20230102T000000, start_date=20230103T202948, end_date=20230103T202950
[2023-01-03T20:29:50.283+0000] {local_task_job.py:164} INFO - Task exited with return code 0
[2023-01-03T20:29:50.298+0000] {local_task_job.py:273} INFO - 0 downstream tasks scheduled from follow-on schedule check
[2023-01-03T20:35:11.691+0000] {taskinstance.py:1165} INFO - Dependencies all met for <TaskInstance: get_crypto_dag.TSLA scheduled__2023-01-02T00:00:00+00:00 [queued]>
[2023-01-03T20:35:11.699+0000] {taskinstance.py:1165} INFO - Dependencies all met for <TaskInstance: get_crypto_dag.TSLA scheduled__2023-01-02T00:00:00+00:00 [queued]>
[2023-01-03T20:35:11.700+0000] {taskinstance.py:1362} INFO - 
--------------------------------------------------------------------------------
[2023-01-03T20:35:11.700+0000] {taskinstance.py:1363} INFO - Starting attempt 1 of 1
[2023-01-03T20:35:11.700+0000] {taskinstance.py:1364} INFO - 
--------------------------------------------------------------------------------
[2023-01-03T20:35:11.714+0000] {taskinstance.py:1383} INFO - Executing <Task(_PythonDecoratedOperator): TSLA> on 2023-01-02 00:00:00+00:00
[2023-01-03T20:35:11.716+0000] {standard_task_runner.py:54} INFO - Started process 21 to run task
[2023-01-03T20:35:11.719+0000] {standard_task_runner.py:82} INFO - Running: ['airflow', 'tasks', 'run', 'get_crypto_dag', 'TSLA', 'scheduled__2023-01-02T00:00:00+00:00', '--job-id', '91', '--raw', '--subdir', 'DAGS_FOLDER/get_stocks_dag.py', '--cfg-path', '/tmp/tmpj9n1drl8']
[2023-01-03T20:35:11.737+0000] {standard_task_runner.py:83} INFO - Job 91: Subtask TSLA
[2023-01-03T20:35:11.739+0000] {dagbag.py:525} INFO - Filling up the DagBag from /opt/airflow/dags/get_stocks_dag.py
[2023-01-03T20:35:12.862+0000] {logging_mixin.py:117} WARNING - /home/airflow/.local/lib/python3.7/site-packages/airflow/models/dag.py:3425 RemovedInAirflow3Warning: Param `schedule_interval` is deprecated and will be removed in a future release. Please use `schedule` instead.
[2023-01-03T20:35:12.948+0000] {task_command.py:384} INFO - Running <TaskInstance: get_crypto_dag.TSLA scheduled__2023-01-02T00:00:00+00:00 [running]> on host getcryptodagtsla-63a808f0ff834df3a14134eab6cd4004
[2023-01-03T20:35:13.040+0000] {taskinstance.py:1592} INFO - Exporting the following env vars:
AIRFLOW_CTX_DAG_OWNER=airflow
AIRFLOW_CTX_DAG_ID=get_crypto_dag
AIRFLOW_CTX_TASK_ID=TSLA
AIRFLOW_CTX_EXECUTION_DATE=2023-01-02T00:00:00+00:00
AIRFLOW_CTX_TRY_NUMBER=1
AIRFLOW_CTX_DAG_RUN_ID=scheduled__2023-01-02T00:00:00+00:00
[2023-01-03T20:35:13.755+0000] {logging_mixin.py:117} INFO - - TSLA: No data found for this date range, symbol may be delisted
[2023-01-03T20:35:13.758+0000] {python.py:177} INFO - Done. Returned value was: None
[2023-01-03T20:35:13.769+0000] {taskinstance.py:1406} INFO - Marking task as SUCCESS. dag_id=get_crypto_dag, task_id=TSLA, execution_date=20230102T000000, start_date=20230103T203511, end_date=20230103T203513
[2023-01-03T20:35:13.825+0000] {local_task_job.py:164} INFO - Task exited with return code 0
[2023-01-03T20:35:13.846+0000] {local_task_job.py:273} INFO - 0 downstream tasks scheduled from follow-on schedule check
[2023-01-03T21:15:18.440+0000] {taskinstance.py:1165} INFO - Dependencies all met for <TaskInstance: get_crypto_dag.TSLA scheduled__2023-01-02T00:00:00+00:00 [queued]>
[2023-01-03T21:15:18.449+0000] {taskinstance.py:1165} INFO - Dependencies all met for <TaskInstance: get_crypto_dag.TSLA scheduled__2023-01-02T00:00:00+00:00 [queued]>
[2023-01-03T21:15:18.450+0000] {taskinstance.py:1362} INFO - 
--------------------------------------------------------------------------------
[2023-01-03T21:15:18.450+0000] {taskinstance.py:1363} INFO - Starting attempt 1 of 1
[2023-01-03T21:15:18.451+0000] {taskinstance.py:1364} INFO - 
--------------------------------------------------------------------------------
[2023-01-03T21:15:18.462+0000] {taskinstance.py:1383} INFO - Executing <Task(_PythonDecoratedOperator): TSLA> on 2023-01-02 00:00:00+00:00
[2023-01-03T21:15:18.467+0000] {standard_task_runner.py:54} INFO - Started process 21 to run task
[2023-01-03T21:15:18.470+0000] {standard_task_runner.py:82} INFO - Running: ['airflow', 'tasks', 'run', 'get_crypto_dag', 'TSLA', 'scheduled__2023-01-02T00:00:00+00:00', '--job-id', '109', '--raw', '--subdir', 'DAGS_FOLDER/get_stocks_dag.py', '--cfg-path', '/tmp/tmpt39gn9uz']
[2023-01-03T21:15:18.471+0000] {standard_task_runner.py:83} INFO - Job 109: Subtask TSLA
[2023-01-03T21:15:18.472+0000] {dagbag.py:525} INFO - Filling up the DagBag from /opt/airflow/dags/get_stocks_dag.py
[2023-01-03T21:15:19.523+0000] {logging_mixin.py:117} WARNING - /home/airflow/.local/lib/python3.7/site-packages/airflow/models/dag.py:3425 RemovedInAirflow3Warning: Param `schedule_interval` is deprecated and will be removed in a future release. Please use `schedule` instead.
[2023-01-03T21:15:19.607+0000] {task_command.py:384} INFO - Running <TaskInstance: get_crypto_dag.TSLA scheduled__2023-01-02T00:00:00+00:00 [running]> on host getcryptodagtsla-0bbf10f49a494af390504b83c447eed0
[2023-01-03T21:15:19.762+0000] {taskinstance.py:1592} INFO - Exporting the following env vars:
AIRFLOW_CTX_DAG_OWNER=airflow
AIRFLOW_CTX_DAG_ID=get_crypto_dag
AIRFLOW_CTX_TASK_ID=TSLA
AIRFLOW_CTX_EXECUTION_DATE=2023-01-02T00:00:00+00:00
AIRFLOW_CTX_TRY_NUMBER=1
AIRFLOW_CTX_DAG_RUN_ID=scheduled__2023-01-02T00:00:00+00:00
[2023-01-03T21:15:20.581+0000] {logging_mixin.py:117} INFO - - TSLA: No data found for this date range, symbol may be delisted
[2023-01-03T21:15:20.591+0000] {python.py:177} INFO - Done. Returned value was: None
[2023-01-03T21:15:20.602+0000] {taskinstance.py:1406} INFO - Marking task as SUCCESS. dag_id=get_crypto_dag, task_id=TSLA, execution_date=20230102T000000, start_date=20230103T211518, end_date=20230103T211520
[2023-01-03T21:15:20.660+0000] {local_task_job.py:164} INFO - Task exited with return code 0
[2023-01-03T21:15:20.682+0000] {local_task_job.py:273} INFO - 0 downstream tasks scheduled from follow-on schedule check
