[2023-01-09T17:39:19.653+0000] {taskinstance.py:1165} INFO - Dependencies all met for <TaskInstance: get_crypto_dag.AAPL scheduled__2023-01-06T00:00:00+00:00 [queued]>
[2023-01-09T17:39:19.661+0000] {taskinstance.py:1165} INFO - Dependencies all met for <TaskInstance: get_crypto_dag.AAPL scheduled__2023-01-06T00:00:00+00:00 [queued]>
[2023-01-09T17:39:19.662+0000] {taskinstance.py:1362} INFO - 
--------------------------------------------------------------------------------
[2023-01-09T17:39:19.662+0000] {taskinstance.py:1363} INFO - Starting attempt 1 of 1
[2023-01-09T17:39:19.663+0000] {taskinstance.py:1364} INFO - 
--------------------------------------------------------------------------------
[2023-01-09T17:39:19.678+0000] {taskinstance.py:1383} INFO - Executing <Task(_PythonDecoratedOperator): AAPL> on 2023-01-06 00:00:00+00:00
[2023-01-09T17:39:19.681+0000] {standard_task_runner.py:54} INFO - Started process 21 to run task
[2023-01-09T17:39:19.685+0000] {standard_task_runner.py:82} INFO - Running: ['airflow', 'tasks', 'run', 'get_crypto_dag', 'AAPL', 'scheduled__2023-01-06T00:00:00+00:00', '--job-id', '144', '--raw', '--subdir', 'DAGS_FOLDER/get_stocks_dag.py', '--cfg-path', '/tmp/tmp90ifqn06']
[2023-01-09T17:39:19.726+0000] {standard_task_runner.py:83} INFO - Job 144: Subtask AAPL
[2023-01-09T17:39:19.728+0000] {dagbag.py:525} INFO - Filling up the DagBag from /opt/airflow/dags/get_stocks_dag.py
[2023-01-09T17:39:21.037+0000] {logging_mixin.py:117} WARNING - /home/airflow/.local/lib/python3.7/site-packages/airflow/models/dag.py:3425 RemovedInAirflow3Warning: Param `schedule_interval` is deprecated and will be removed in a future release. Please use `schedule` instead.
[2023-01-09T17:39:21.159+0000] {task_command.py:384} INFO - Running <TaskInstance: get_crypto_dag.AAPL scheduled__2023-01-06T00:00:00+00:00 [running]> on host getcryptodagaapl-c9c298e25ad84f4baa7dbe9d1ff716a1
[2023-01-09T17:39:21.290+0000] {taskinstance.py:1592} INFO - Exporting the following env vars:
AIRFLOW_CTX_DAG_OWNER=airflow
AIRFLOW_CTX_DAG_ID=get_crypto_dag
AIRFLOW_CTX_TASK_ID=AAPL
AIRFLOW_CTX_EXECUTION_DATE=2023-01-06T00:00:00+00:00
AIRFLOW_CTX_TRY_NUMBER=1
AIRFLOW_CTX_DAG_RUN_ID=scheduled__2023-01-06T00:00:00+00:00
[2023-01-09T17:39:22.259+0000] {python.py:177} INFO - Done. Returned value was: None
[2023-01-09T17:39:22.269+0000] {taskinstance.py:1406} INFO - Marking task as SUCCESS. dag_id=get_crypto_dag, task_id=AAPL, execution_date=20230106T000000, start_date=20230109T173919, end_date=20230109T173922
[2023-01-09T17:39:22.310+0000] {local_task_job.py:164} INFO - Task exited with return code 0
[2023-01-09T17:39:22.343+0000] {local_task_job.py:273} INFO - 0 downstream tasks scheduled from follow-on schedule check
