[2023-01-03T21:14:28.606+0000] {taskinstance.py:1165} INFO - Dependencies all met for <TaskInstance: get_crypto_dag.MSFT scheduled__2022-12-31T00:00:00+00:00 [queued]>
[2023-01-03T21:14:28.637+0000] {taskinstance.py:1165} INFO - Dependencies all met for <TaskInstance: get_crypto_dag.MSFT scheduled__2022-12-31T00:00:00+00:00 [queued]>
[2023-01-03T21:14:28.638+0000] {taskinstance.py:1362} INFO - 
--------------------------------------------------------------------------------
[2023-01-03T21:14:28.638+0000] {taskinstance.py:1363} INFO - Starting attempt 1 of 1
[2023-01-03T21:14:28.638+0000] {taskinstance.py:1364} INFO - 
--------------------------------------------------------------------------------
[2023-01-03T21:14:28.654+0000] {taskinstance.py:1383} INFO - Executing <Task(_PythonDecoratedOperator): MSFT> on 2022-12-31 00:00:00+00:00
[2023-01-03T21:14:28.658+0000] {standard_task_runner.py:54} INFO - Started process 21 to run task
[2023-01-03T21:14:28.661+0000] {standard_task_runner.py:82} INFO - Running: ['airflow', 'tasks', 'run', 'get_crypto_dag', 'MSFT', 'scheduled__2022-12-31T00:00:00+00:00', '--job-id', '101', '--raw', '--subdir', 'DAGS_FOLDER/get_stocks_dag.py', '--cfg-path', '/tmp/tmpk_xa8euz']
[2023-01-03T21:14:28.662+0000] {standard_task_runner.py:83} INFO - Job 101: Subtask MSFT
[2023-01-03T21:14:28.663+0000] {dagbag.py:525} INFO - Filling up the DagBag from /opt/airflow/dags/get_stocks_dag.py
[2023-01-03T21:14:30.092+0000] {logging_mixin.py:117} WARNING - /home/airflow/.local/lib/python3.7/site-packages/airflow/models/dag.py:3425 RemovedInAirflow3Warning: Param `schedule_interval` is deprecated and will be removed in a future release. Please use `schedule` instead.
[2023-01-03T21:14:30.180+0000] {task_command.py:384} INFO - Running <TaskInstance: get_crypto_dag.MSFT scheduled__2022-12-31T00:00:00+00:00 [running]> on host getcryptodagmsft-d6cc6d0321f0486b93732624829e35bb
[2023-01-03T21:14:30.295+0000] {taskinstance.py:1592} INFO - Exporting the following env vars:
AIRFLOW_CTX_DAG_OWNER=airflow
AIRFLOW_CTX_DAG_ID=get_crypto_dag
AIRFLOW_CTX_TASK_ID=MSFT
AIRFLOW_CTX_EXECUTION_DATE=2022-12-31T00:00:00+00:00
AIRFLOW_CTX_TRY_NUMBER=1
AIRFLOW_CTX_DAG_RUN_ID=scheduled__2022-12-31T00:00:00+00:00
[2023-01-03T21:14:31.057+0000] {python.py:177} INFO - Done. Returned value was: None
[2023-01-03T21:14:31.068+0000] {taskinstance.py:1406} INFO - Marking task as SUCCESS. dag_id=get_crypto_dag, task_id=MSFT, execution_date=20221231T000000, start_date=20230103T211428, end_date=20230103T211431
[2023-01-03T21:14:31.124+0000] {local_task_job.py:164} INFO - Task exited with return code 0
[2023-01-03T21:14:31.143+0000] {local_task_job.py:273} INFO - 0 downstream tasks scheduled from follow-on schedule check
