[2023-01-09T17:32:29.007+0000] {taskinstance.py:1165} INFO - Dependencies all met for <TaskInstance: get_crypto_dag.TSLA scheduled__2023-01-08T00:00:00+00:00 [queued]>
[2023-01-09T17:32:29.022+0000] {taskinstance.py:1165} INFO - Dependencies all met for <TaskInstance: get_crypto_dag.TSLA scheduled__2023-01-08T00:00:00+00:00 [queued]>
[2023-01-09T17:32:29.022+0000] {taskinstance.py:1362} INFO - 
--------------------------------------------------------------------------------
[2023-01-09T17:32:29.023+0000] {taskinstance.py:1363} INFO - Starting attempt 1 of 1
[2023-01-09T17:32:29.023+0000] {taskinstance.py:1364} INFO - 
--------------------------------------------------------------------------------
[2023-01-09T17:32:29.041+0000] {taskinstance.py:1383} INFO - Executing <Task(_PythonDecoratedOperator): TSLA> on 2023-01-08 00:00:00+00:00
[2023-01-09T17:32:29.044+0000] {standard_task_runner.py:54} INFO - Started process 21 to run task
[2023-01-09T17:32:29.047+0000] {standard_task_runner.py:82} INFO - Running: ['airflow', 'tasks', 'run', 'get_crypto_dag', 'TSLA', 'scheduled__2023-01-08T00:00:00+00:00', '--job-id', '119', '--raw', '--subdir', 'DAGS_FOLDER/get_stocks_dag.py', '--cfg-path', '/tmp/tmpfu5x4ied']
[2023-01-09T17:32:29.048+0000] {standard_task_runner.py:83} INFO - Job 119: Subtask TSLA
[2023-01-09T17:32:29.049+0000] {dagbag.py:525} INFO - Filling up the DagBag from /opt/airflow/dags/get_stocks_dag.py
[2023-01-09T17:32:30.122+0000] {logging_mixin.py:117} WARNING - /home/airflow/.local/lib/python3.7/site-packages/airflow/models/dag.py:3425 RemovedInAirflow3Warning: Param `schedule_interval` is deprecated and will be removed in a future release. Please use `schedule` instead.
[2023-01-09T17:32:30.192+0000] {task_command.py:384} INFO - Running <TaskInstance: get_crypto_dag.TSLA scheduled__2023-01-08T00:00:00+00:00 [running]> on host getcryptodagtsla-155b3b677c054dbb8d487b7a5b4e88e7
[2023-01-09T17:32:30.327+0000] {taskinstance.py:1592} INFO - Exporting the following env vars:
AIRFLOW_CTX_DAG_OWNER=airflow
AIRFLOW_CTX_DAG_ID=get_crypto_dag
AIRFLOW_CTX_TASK_ID=TSLA
AIRFLOW_CTX_EXECUTION_DATE=2023-01-08T00:00:00+00:00
AIRFLOW_CTX_TRY_NUMBER=1
AIRFLOW_CTX_DAG_RUN_ID=scheduled__2023-01-08T00:00:00+00:00
[2023-01-09T17:32:31.435+0000] {logging_mixin.py:117} INFO - - TSLA: No data found for this date range, symbol may be delisted
[2023-01-09T17:32:31.439+0000] {python.py:177} INFO - Done. Returned value was: None
[2023-01-09T17:32:31.449+0000] {taskinstance.py:1406} INFO - Marking task as SUCCESS. dag_id=get_crypto_dag, task_id=TSLA, execution_date=20230108T000000, start_date=20230109T173229, end_date=20230109T173231
[2023-01-09T17:32:31.510+0000] {local_task_job.py:164} INFO - Task exited with return code 0
[2023-01-09T17:32:31.529+0000] {local_task_job.py:273} INFO - 0 downstream tasks scheduled from follow-on schedule check
[2023-01-09T17:40:27.986+0000] {taskinstance.py:1165} INFO - Dependencies all met for <TaskInstance: get_crypto_dag.TSLA scheduled__2023-01-08T00:00:00+00:00 [queued]>
[2023-01-09T17:40:27.997+0000] {taskinstance.py:1165} INFO - Dependencies all met for <TaskInstance: get_crypto_dag.TSLA scheduled__2023-01-08T00:00:00+00:00 [queued]>
[2023-01-09T17:40:27.998+0000] {taskinstance.py:1362} INFO - 
--------------------------------------------------------------------------------
[2023-01-09T17:40:27.998+0000] {taskinstance.py:1363} INFO - Starting attempt 1 of 1
[2023-01-09T17:40:27.999+0000] {taskinstance.py:1364} INFO - 
--------------------------------------------------------------------------------
[2023-01-09T17:40:28.014+0000] {taskinstance.py:1383} INFO - Executing <Task(_PythonDecoratedOperator): TSLA> on 2023-01-08 00:00:00+00:00
[2023-01-09T17:40:28.018+0000] {standard_task_runner.py:54} INFO - Started process 21 to run task
[2023-01-09T17:40:28.021+0000] {standard_task_runner.py:82} INFO - Running: ['airflow', 'tasks', 'run', 'get_crypto_dag', 'TSLA', 'scheduled__2023-01-08T00:00:00+00:00', '--job-id', '155', '--raw', '--subdir', 'DAGS_FOLDER/get_stocks_dag.py', '--cfg-path', '/tmp/tmp6trcilb1']
[2023-01-09T17:40:28.022+0000] {standard_task_runner.py:83} INFO - Job 155: Subtask TSLA
[2023-01-09T17:40:28.023+0000] {dagbag.py:525} INFO - Filling up the DagBag from /opt/airflow/dags/get_stocks_dag.py
[2023-01-09T17:40:29.177+0000] {logging_mixin.py:117} WARNING - /home/airflow/.local/lib/python3.7/site-packages/airflow/models/dag.py:3425 RemovedInAirflow3Warning: Param `schedule_interval` is deprecated and will be removed in a future release. Please use `schedule` instead.
[2023-01-09T17:40:29.251+0000] {task_command.py:384} INFO - Running <TaskInstance: get_crypto_dag.TSLA scheduled__2023-01-08T00:00:00+00:00 [running]> on host getcryptodagtsla-64b125ba3e4e4156a5d2f575c1758091
[2023-01-09T17:40:29.356+0000] {taskinstance.py:1592} INFO - Exporting the following env vars:
AIRFLOW_CTX_DAG_OWNER=airflow
AIRFLOW_CTX_DAG_ID=get_crypto_dag
AIRFLOW_CTX_TASK_ID=TSLA
AIRFLOW_CTX_EXECUTION_DATE=2023-01-08T00:00:00+00:00
AIRFLOW_CTX_TRY_NUMBER=1
AIRFLOW_CTX_DAG_RUN_ID=scheduled__2023-01-08T00:00:00+00:00
[2023-01-09T17:40:30.019+0000] {logging_mixin.py:117} INFO - - TSLA: No data found for this date range, symbol may be delisted
[2023-01-09T17:40:30.022+0000] {python.py:177} INFO - Done. Returned value was: None
[2023-01-09T17:40:30.032+0000] {taskinstance.py:1406} INFO - Marking task as SUCCESS. dag_id=get_crypto_dag, task_id=TSLA, execution_date=20230108T000000, start_date=20230109T174027, end_date=20230109T174030
[2023-01-09T17:40:30.073+0000] {local_task_job.py:164} INFO - Task exited with return code 0
[2023-01-09T17:40:30.093+0000] {local_task_job.py:273} INFO - 0 downstream tasks scheduled from follow-on schedule check
[2023-01-09T18:24:02.585+0000] {taskinstance.py:1165} INFO - Dependencies all met for <TaskInstance: get_crypto_dag.TSLA scheduled__2023-01-08T00:00:00+00:00 [queued]>
[2023-01-09T18:24:02.595+0000] {taskinstance.py:1165} INFO - Dependencies all met for <TaskInstance: get_crypto_dag.TSLA scheduled__2023-01-08T00:00:00+00:00 [queued]>
[2023-01-09T18:24:02.595+0000] {taskinstance.py:1362} INFO - 
--------------------------------------------------------------------------------
[2023-01-09T18:24:02.595+0000] {taskinstance.py:1363} INFO - Starting attempt 1 of 1
[2023-01-09T18:24:02.596+0000] {taskinstance.py:1364} INFO - 
--------------------------------------------------------------------------------
[2023-01-09T18:24:02.608+0000] {taskinstance.py:1383} INFO - Executing <Task(_PythonDecoratedOperator): TSLA> on 2023-01-08 00:00:00+00:00
[2023-01-09T18:24:02.611+0000] {standard_task_runner.py:54} INFO - Started process 21 to run task
[2023-01-09T18:24:02.614+0000] {standard_task_runner.py:82} INFO - Running: ['airflow', 'tasks', 'run', 'get_crypto_dag', 'TSLA', 'scheduled__2023-01-08T00:00:00+00:00', '--job-id', '163', '--raw', '--subdir', 'DAGS_FOLDER/get_stocks_dag.py', '--cfg-path', '/tmp/tmpy02e7rmu']
[2023-01-09T18:24:02.615+0000] {standard_task_runner.py:83} INFO - Job 163: Subtask TSLA
[2023-01-09T18:24:02.616+0000] {dagbag.py:525} INFO - Filling up the DagBag from /opt/airflow/dags/get_stocks_dag.py
[2023-01-09T18:24:03.662+0000] {logging_mixin.py:117} WARNING - /home/airflow/.local/lib/python3.7/site-packages/airflow/models/dag.py:3425 RemovedInAirflow3Warning: Param `schedule_interval` is deprecated and will be removed in a future release. Please use `schedule` instead.
[2023-01-09T18:24:03.748+0000] {task_command.py:384} INFO - Running <TaskInstance: get_crypto_dag.TSLA scheduled__2023-01-08T00:00:00+00:00 [running]> on host getcryptodagtsla-35353325704e4291b0df52c6ccf8af05
[2023-01-09T18:24:03.844+0000] {taskinstance.py:1592} INFO - Exporting the following env vars:
AIRFLOW_CTX_DAG_OWNER=airflow
AIRFLOW_CTX_DAG_ID=get_crypto_dag
AIRFLOW_CTX_TASK_ID=TSLA
AIRFLOW_CTX_EXECUTION_DATE=2023-01-08T00:00:00+00:00
AIRFLOW_CTX_TRY_NUMBER=1
AIRFLOW_CTX_DAG_RUN_ID=scheduled__2023-01-08T00:00:00+00:00
[2023-01-09T18:24:04.464+0000] {logging_mixin.py:117} INFO - - TSLA: No data found for this date range, symbol may be delisted
[2023-01-09T18:24:04.468+0000] {python.py:177} INFO - Done. Returned value was: None
[2023-01-09T18:24:04.477+0000] {taskinstance.py:1406} INFO - Marking task as SUCCESS. dag_id=get_crypto_dag, task_id=TSLA, execution_date=20230108T000000, start_date=20230109T182402, end_date=20230109T182404
[2023-01-09T18:24:04.512+0000] {local_task_job.py:164} INFO - Task exited with return code 0
[2023-01-09T18:24:04.530+0000] {local_task_job.py:273} INFO - 0 downstream tasks scheduled from follow-on schedule check
[2023-01-09T18:26:05.165+0000] {taskinstance.py:1165} INFO - Dependencies all met for <TaskInstance: get_crypto_dag.TSLA scheduled__2023-01-08T00:00:00+00:00 [queued]>
[2023-01-09T18:26:05.176+0000] {taskinstance.py:1165} INFO - Dependencies all met for <TaskInstance: get_crypto_dag.TSLA scheduled__2023-01-08T00:00:00+00:00 [queued]>
[2023-01-09T18:26:05.176+0000] {taskinstance.py:1362} INFO - 
--------------------------------------------------------------------------------
[2023-01-09T18:26:05.177+0000] {taskinstance.py:1363} INFO - Starting attempt 1 of 1
[2023-01-09T18:26:05.177+0000] {taskinstance.py:1364} INFO - 
--------------------------------------------------------------------------------
[2023-01-09T18:26:05.191+0000] {taskinstance.py:1383} INFO - Executing <Task(_PythonDecoratedOperator): TSLA> on 2023-01-08 00:00:00+00:00
[2023-01-09T18:26:05.194+0000] {standard_task_runner.py:54} INFO - Started process 21 to run task
[2023-01-09T18:26:05.197+0000] {standard_task_runner.py:82} INFO - Running: ['airflow', 'tasks', 'run', 'get_crypto_dag', 'TSLA', 'scheduled__2023-01-08T00:00:00+00:00', '--job-id', '171', '--raw', '--subdir', 'DAGS_FOLDER/get_stocks_dag.py', '--cfg-path', '/tmp/tmprb9otuuh']
[2023-01-09T18:26:05.198+0000] {standard_task_runner.py:83} INFO - Job 171: Subtask TSLA
[2023-01-09T18:26:05.199+0000] {dagbag.py:525} INFO - Filling up the DagBag from /opt/airflow/dags/get_stocks_dag.py
[2023-01-09T18:26:06.309+0000] {logging_mixin.py:117} WARNING - /home/airflow/.local/lib/python3.7/site-packages/airflow/models/dag.py:3425 RemovedInAirflow3Warning: Param `schedule_interval` is deprecated and will be removed in a future release. Please use `schedule` instead.
[2023-01-09T18:26:06.378+0000] {task_command.py:384} INFO - Running <TaskInstance: get_crypto_dag.TSLA scheduled__2023-01-08T00:00:00+00:00 [running]> on host getcryptodagtsla-ba7737ab4fbe4a4190f3b1b6af7e0948
[2023-01-09T18:26:06.469+0000] {taskinstance.py:1592} INFO - Exporting the following env vars:
AIRFLOW_CTX_DAG_OWNER=airflow
AIRFLOW_CTX_DAG_ID=get_crypto_dag
AIRFLOW_CTX_TASK_ID=TSLA
AIRFLOW_CTX_EXECUTION_DATE=2023-01-08T00:00:00+00:00
AIRFLOW_CTX_TRY_NUMBER=1
AIRFLOW_CTX_DAG_RUN_ID=scheduled__2023-01-08T00:00:00+00:00
[2023-01-09T18:26:07.026+0000] {logging_mixin.py:117} INFO - - TSLA: No data found for this date range, symbol may be delisted
[2023-01-09T18:26:07.029+0000] {python.py:177} INFO - Done. Returned value was: None
[2023-01-09T18:26:07.039+0000] {taskinstance.py:1406} INFO - Marking task as SUCCESS. dag_id=get_crypto_dag, task_id=TSLA, execution_date=20230108T000000, start_date=20230109T182605, end_date=20230109T182607
[2023-01-09T18:26:07.092+0000] {local_task_job.py:164} INFO - Task exited with return code 0
[2023-01-09T18:26:07.109+0000] {local_task_job.py:273} INFO - 0 downstream tasks scheduled from follow-on schedule check
[2023-01-09T19:13:58.799+0000] {taskinstance.py:1165} INFO - Dependencies all met for <TaskInstance: get_crypto_dag.TSLA scheduled__2023-01-08T00:00:00+00:00 [queued]>
[2023-01-09T19:13:58.810+0000] {taskinstance.py:1165} INFO - Dependencies all met for <TaskInstance: get_crypto_dag.TSLA scheduled__2023-01-08T00:00:00+00:00 [queued]>
[2023-01-09T19:13:58.811+0000] {taskinstance.py:1362} INFO - 
--------------------------------------------------------------------------------
[2023-01-09T19:13:58.811+0000] {taskinstance.py:1363} INFO - Starting attempt 1 of 1
[2023-01-09T19:13:58.812+0000] {taskinstance.py:1364} INFO - 
--------------------------------------------------------------------------------
[2023-01-09T19:13:58.828+0000] {taskinstance.py:1383} INFO - Executing <Task(_PythonDecoratedOperator): TSLA> on 2023-01-08 00:00:00+00:00
[2023-01-09T19:13:58.833+0000] {standard_task_runner.py:54} INFO - Started process 21 to run task
[2023-01-09T19:13:58.835+0000] {standard_task_runner.py:82} INFO - Running: ['airflow', 'tasks', 'run', 'get_crypto_dag', 'TSLA', 'scheduled__2023-01-08T00:00:00+00:00', '--job-id', '175', '--raw', '--subdir', 'DAGS_FOLDER/get_stocks_dag.py', '--cfg-path', '/tmp/tmpxosnk_gk']
[2023-01-09T19:13:58.837+0000] {standard_task_runner.py:83} INFO - Job 175: Subtask TSLA
[2023-01-09T19:13:58.838+0000] {dagbag.py:525} INFO - Filling up the DagBag from /opt/airflow/dags/get_stocks_dag.py
[2023-01-09T19:14:00.003+0000] {logging_mixin.py:117} WARNING - /home/airflow/.local/lib/python3.7/site-packages/airflow/models/dag.py:3425 RemovedInAirflow3Warning: Param `schedule_interval` is deprecated and will be removed in a future release. Please use `schedule` instead.
[2023-01-09T19:14:00.078+0000] {task_command.py:384} INFO - Running <TaskInstance: get_crypto_dag.TSLA scheduled__2023-01-08T00:00:00+00:00 [running]> on host getcryptodagtsla-830817a550fa44a8a37ea604872c6bcc
[2023-01-09T19:14:00.181+0000] {taskinstance.py:1592} INFO - Exporting the following env vars:
AIRFLOW_CTX_DAG_OWNER=airflow
AIRFLOW_CTX_DAG_ID=get_crypto_dag
AIRFLOW_CTX_TASK_ID=TSLA
AIRFLOW_CTX_EXECUTION_DATE=2023-01-08T00:00:00+00:00
AIRFLOW_CTX_TRY_NUMBER=1
AIRFLOW_CTX_DAG_RUN_ID=scheduled__2023-01-08T00:00:00+00:00
[2023-01-09T19:14:01.165+0000] {logging_mixin.py:117} INFO - - TSLA: No data found for this date range, symbol may be delisted
[2023-01-09T19:14:01.169+0000] {python.py:177} INFO - Done. Returned value was: None
[2023-01-09T19:14:01.182+0000] {taskinstance.py:1406} INFO - Marking task as SUCCESS. dag_id=get_crypto_dag, task_id=TSLA, execution_date=20230108T000000, start_date=20230109T191358, end_date=20230109T191401
[2023-01-09T19:14:01.234+0000] {local_task_job.py:164} INFO - Task exited with return code 0
[2023-01-09T19:14:01.253+0000] {local_task_job.py:273} INFO - 0 downstream tasks scheduled from follow-on schedule check
