[2023-01-09T17:39:58.168+0000] {taskinstance.py:1165} INFO - Dependencies all met for <TaskInstance: get_crypto_dag.GOOG scheduled__2023-01-07T00:00:00+00:00 [queued]>
[2023-01-09T17:39:58.181+0000] {taskinstance.py:1165} INFO - Dependencies all met for <TaskInstance: get_crypto_dag.GOOG scheduled__2023-01-07T00:00:00+00:00 [queued]>
[2023-01-09T17:39:58.182+0000] {taskinstance.py:1362} INFO - 
--------------------------------------------------------------------------------
[2023-01-09T17:39:58.182+0000] {taskinstance.py:1363} INFO - Starting attempt 1 of 1
[2023-01-09T17:39:58.183+0000] {taskinstance.py:1364} INFO - 
--------------------------------------------------------------------------------
[2023-01-09T17:39:58.239+0000] {taskinstance.py:1383} INFO - Executing <Task(_PythonDecoratedOperator): GOOG> on 2023-01-07 00:00:00+00:00
[2023-01-09T17:39:58.243+0000] {standard_task_runner.py:54} INFO - Started process 21 to run task
[2023-01-09T17:39:58.247+0000] {standard_task_runner.py:82} INFO - Running: ['airflow', 'tasks', 'run', 'get_crypto_dag', 'GOOG', 'scheduled__2023-01-07T00:00:00+00:00', '--job-id', '150', '--raw', '--subdir', 'DAGS_FOLDER/get_stocks_dag.py', '--cfg-path', '/tmp/tmpsfo0xm5n']
[2023-01-09T17:39:58.248+0000] {standard_task_runner.py:83} INFO - Job 150: Subtask GOOG
[2023-01-09T17:39:58.250+0000] {dagbag.py:525} INFO - Filling up the DagBag from /opt/airflow/dags/get_stocks_dag.py
[2023-01-09T17:39:59.935+0000] {logging_mixin.py:117} WARNING - /home/airflow/.local/lib/python3.7/site-packages/airflow/models/dag.py:3425 RemovedInAirflow3Warning: Param `schedule_interval` is deprecated and will be removed in a future release. Please use `schedule` instead.
[2023-01-09T17:40:00.035+0000] {task_command.py:384} INFO - Running <TaskInstance: get_crypto_dag.GOOG scheduled__2023-01-07T00:00:00+00:00 [running]> on host getcryptodaggoog-741e8d597f8b4728aaf4e9f7489efd19
[2023-01-09T17:40:00.161+0000] {taskinstance.py:1592} INFO - Exporting the following env vars:
AIRFLOW_CTX_DAG_OWNER=airflow
AIRFLOW_CTX_DAG_ID=get_crypto_dag
AIRFLOW_CTX_TASK_ID=GOOG
AIRFLOW_CTX_EXECUTION_DATE=2023-01-07T00:00:00+00:00
AIRFLOW_CTX_TRY_NUMBER=1
AIRFLOW_CTX_DAG_RUN_ID=scheduled__2023-01-07T00:00:00+00:00
[2023-01-09T17:40:01.413+0000] {python.py:177} INFO - Done. Returned value was: None
[2023-01-09T17:40:01.423+0000] {taskinstance.py:1406} INFO - Marking task as SUCCESS. dag_id=get_crypto_dag, task_id=GOOG, execution_date=20230107T000000, start_date=20230109T173958, end_date=20230109T174001
[2023-01-09T17:40:01.475+0000] {local_task_job.py:164} INFO - Task exited with return code 0
[2023-01-09T17:40:01.503+0000] {local_task_job.py:273} INFO - 0 downstream tasks scheduled from follow-on schedule check
[2023-01-09T18:23:31.571+0000] {taskinstance.py:1165} INFO - Dependencies all met for <TaskInstance: get_crypto_dag.GOOG scheduled__2023-01-07T00:00:00+00:00 [queued]>
[2023-01-09T18:23:31.580+0000] {taskinstance.py:1165} INFO - Dependencies all met for <TaskInstance: get_crypto_dag.GOOG scheduled__2023-01-07T00:00:00+00:00 [queued]>
[2023-01-09T18:23:31.581+0000] {taskinstance.py:1362} INFO - 
--------------------------------------------------------------------------------
[2023-01-09T18:23:31.581+0000] {taskinstance.py:1363} INFO - Starting attempt 1 of 1
[2023-01-09T18:23:31.582+0000] {taskinstance.py:1364} INFO - 
--------------------------------------------------------------------------------
[2023-01-09T18:23:31.595+0000] {taskinstance.py:1383} INFO - Executing <Task(_PythonDecoratedOperator): GOOG> on 2023-01-07 00:00:00+00:00
[2023-01-09T18:23:31.598+0000] {standard_task_runner.py:54} INFO - Started process 21 to run task
[2023-01-09T18:23:31.601+0000] {standard_task_runner.py:82} INFO - Running: ['airflow', 'tasks', 'run', 'get_crypto_dag', 'GOOG', 'scheduled__2023-01-07T00:00:00+00:00', '--job-id', '158', '--raw', '--subdir', 'DAGS_FOLDER/get_stocks_dag.py', '--cfg-path', '/tmp/tmpusptmhms']
[2023-01-09T18:23:31.603+0000] {standard_task_runner.py:83} INFO - Job 158: Subtask GOOG
[2023-01-09T18:23:31.604+0000] {dagbag.py:525} INFO - Filling up the DagBag from /opt/airflow/dags/get_stocks_dag.py
[2023-01-09T18:23:33.494+0000] {logging_mixin.py:117} WARNING - /home/airflow/.local/lib/python3.7/site-packages/airflow/models/dag.py:3425 RemovedInAirflow3Warning: Param `schedule_interval` is deprecated and will be removed in a future release. Please use `schedule` instead.
[2023-01-09T18:23:33.571+0000] {task_command.py:384} INFO - Running <TaskInstance: get_crypto_dag.GOOG scheduled__2023-01-07T00:00:00+00:00 [running]> on host getcryptodaggoog-8a44f8e6eeba40bc80fb1cc8c848e485
[2023-01-09T18:23:33.670+0000] {taskinstance.py:1592} INFO - Exporting the following env vars:
AIRFLOW_CTX_DAG_OWNER=airflow
AIRFLOW_CTX_DAG_ID=get_crypto_dag
AIRFLOW_CTX_TASK_ID=GOOG
AIRFLOW_CTX_EXECUTION_DATE=2023-01-07T00:00:00+00:00
AIRFLOW_CTX_TRY_NUMBER=1
AIRFLOW_CTX_DAG_RUN_ID=scheduled__2023-01-07T00:00:00+00:00
[2023-01-09T18:23:34.440+0000] {python.py:177} INFO - Done. Returned value was: None
[2023-01-09T18:23:34.449+0000] {taskinstance.py:1406} INFO - Marking task as SUCCESS. dag_id=get_crypto_dag, task_id=GOOG, execution_date=20230107T000000, start_date=20230109T182331, end_date=20230109T182334
[2023-01-09T18:23:34.490+0000] {local_task_job.py:164} INFO - Task exited with return code 0
[2023-01-09T18:23:34.508+0000] {local_task_job.py:273} INFO - 0 downstream tasks scheduled from follow-on schedule check
[2023-01-09T18:25:35.229+0000] {taskinstance.py:1165} INFO - Dependencies all met for <TaskInstance: get_crypto_dag.GOOG scheduled__2023-01-07T00:00:00+00:00 [queued]>
[2023-01-09T18:25:35.239+0000] {taskinstance.py:1165} INFO - Dependencies all met for <TaskInstance: get_crypto_dag.GOOG scheduled__2023-01-07T00:00:00+00:00 [queued]>
[2023-01-09T18:25:35.240+0000] {taskinstance.py:1362} INFO - 
--------------------------------------------------------------------------------
[2023-01-09T18:25:35.240+0000] {taskinstance.py:1363} INFO - Starting attempt 1 of 1
[2023-01-09T18:25:35.240+0000] {taskinstance.py:1364} INFO - 
--------------------------------------------------------------------------------
[2023-01-09T18:25:35.257+0000] {taskinstance.py:1383} INFO - Executing <Task(_PythonDecoratedOperator): GOOG> on 2023-01-07 00:00:00+00:00
[2023-01-09T18:25:35.259+0000] {standard_task_runner.py:54} INFO - Started process 21 to run task
[2023-01-09T18:25:35.262+0000] {standard_task_runner.py:82} INFO - Running: ['airflow', 'tasks', 'run', 'get_crypto_dag', 'GOOG', 'scheduled__2023-01-07T00:00:00+00:00', '--job-id', '166', '--raw', '--subdir', 'DAGS_FOLDER/get_stocks_dag.py', '--cfg-path', '/tmp/tmp86anvuur']
[2023-01-09T18:25:35.264+0000] {standard_task_runner.py:83} INFO - Job 166: Subtask GOOG
[2023-01-09T18:25:35.265+0000] {dagbag.py:525} INFO - Filling up the DagBag from /opt/airflow/dags/get_stocks_dag.py
[2023-01-09T18:25:37.172+0000] {logging_mixin.py:117} WARNING - /home/airflow/.local/lib/python3.7/site-packages/airflow/models/dag.py:3425 RemovedInAirflow3Warning: Param `schedule_interval` is deprecated and will be removed in a future release. Please use `schedule` instead.
[2023-01-09T18:25:37.254+0000] {task_command.py:384} INFO - Running <TaskInstance: get_crypto_dag.GOOG scheduled__2023-01-07T00:00:00+00:00 [running]> on host getcryptodaggoog-2d83fb00caa24b0bb15c2250bd1ab702
[2023-01-09T18:25:37.369+0000] {taskinstance.py:1592} INFO - Exporting the following env vars:
AIRFLOW_CTX_DAG_OWNER=airflow
AIRFLOW_CTX_DAG_ID=get_crypto_dag
AIRFLOW_CTX_TASK_ID=GOOG
AIRFLOW_CTX_EXECUTION_DATE=2023-01-07T00:00:00+00:00
AIRFLOW_CTX_TRY_NUMBER=1
AIRFLOW_CTX_DAG_RUN_ID=scheduled__2023-01-07T00:00:00+00:00
[2023-01-09T18:25:37.947+0000] {python.py:177} INFO - Done. Returned value was: None
[2023-01-09T18:25:37.958+0000] {taskinstance.py:1406} INFO - Marking task as SUCCESS. dag_id=get_crypto_dag, task_id=GOOG, execution_date=20230107T000000, start_date=20230109T182535, end_date=20230109T182537
[2023-01-09T18:25:38.011+0000] {local_task_job.py:164} INFO - Task exited with return code 0
[2023-01-09T18:25:38.050+0000] {local_task_job.py:273} INFO - 0 downstream tasks scheduled from follow-on schedule check
