[2022-12-28T11:24:53.704+0000] {taskinstance.py:1165} INFO - Dependencies all met for <TaskInstance: get_crypto_dag.GOOG scheduled__2022-12-27T00:00:00+00:00 [queued]>
[2022-12-28T11:24:53.718+0000] {taskinstance.py:1165} INFO - Dependencies all met for <TaskInstance: get_crypto_dag.GOOG scheduled__2022-12-27T00:00:00+00:00 [queued]>
[2022-12-28T11:24:53.719+0000] {taskinstance.py:1362} INFO - 
--------------------------------------------------------------------------------
[2022-12-28T11:24:53.720+0000] {taskinstance.py:1363} INFO - Starting attempt 1 of 1
[2022-12-28T11:24:53.721+0000] {taskinstance.py:1364} INFO - 
--------------------------------------------------------------------------------
[2022-12-28T11:24:53.767+0000] {taskinstance.py:1383} INFO - Executing <Task(_PythonDecoratedOperator): GOOG> on 2022-12-27 00:00:00+00:00
[2022-12-28T11:24:53.770+0000] {standard_task_runner.py:54} INFO - Started process 21 to run task
[2022-12-28T11:24:53.776+0000] {standard_task_runner.py:82} INFO - Running: ['airflow', 'tasks', 'run', 'get_crypto_dag', 'GOOG', 'scheduled__2022-12-27T00:00:00+00:00', '--job-id', '6', '--raw', '--subdir', 'DAGS_FOLDER/get_stocks_dag.py', '--cfg-path', '/tmp/tmp_7u5w4l2']
[2022-12-28T11:24:53.779+0000] {standard_task_runner.py:83} INFO - Job 6: Subtask GOOG
[2022-12-28T11:24:53.781+0000] {dagbag.py:525} INFO - Filling up the DagBag from /opt/airflow/dags/get_stocks_dag.py
[2022-12-28T11:25:00.358+0000] {logging_mixin.py:117} WARNING - /home/airflow/.local/lib/python3.7/site-packages/airflow/models/dag.py:3425 RemovedInAirflow3Warning: Param `schedule_interval` is deprecated and will be removed in a future release. Please use `schedule` instead.
[2022-12-28T11:25:01.954+0000] {task_command.py:384} INFO - Running <TaskInstance: get_crypto_dag.GOOG scheduled__2022-12-27T00:00:00+00:00 [running]> on host getcryptodaggoog-d95f5499b25c4463bd8818e7600b8814
[2022-12-28T11:25:12.280+0000] {taskinstance.py:1592} INFO - Exporting the following env vars:
AIRFLOW_CTX_DAG_OWNER=airflow
AIRFLOW_CTX_DAG_ID=get_crypto_dag
AIRFLOW_CTX_TASK_ID=GOOG
AIRFLOW_CTX_EXECUTION_DATE=2022-12-27T00:00:00+00:00
AIRFLOW_CTX_TRY_NUMBER=1
AIRFLOW_CTX_DAG_RUN_ID=scheduled__2022-12-27T00:00:00+00:00
[2022-12-28T11:25:12.966+0000] {logging_mixin.py:117} INFO - - GOOG: No data found for this date range, symbol may be delisted
[2022-12-28T11:25:12.968+0000] {python.py:177} INFO - Done. Returned value was: None
[2022-12-28T11:25:12.991+0000] {taskinstance.py:1406} INFO - Marking task as SUCCESS. dag_id=get_crypto_dag, task_id=GOOG, execution_date=20221227T000000, start_date=20221228T112453, end_date=20221228T112512
[2022-12-28T11:25:13.028+0000] {local_task_job.py:164} INFO - Task exited with return code 0
[2022-12-28T11:25:13.059+0000] {local_task_job.py:273} INFO - 0 downstream tasks scheduled from follow-on schedule check
[2022-12-28T13:59:02.756+0000] {taskinstance.py:1165} INFO - Dependencies all met for <TaskInstance: get_crypto_dag.GOOG scheduled__2022-12-27T00:00:00+00:00 [queued]>
[2022-12-28T13:59:02.768+0000] {taskinstance.py:1165} INFO - Dependencies all met for <TaskInstance: get_crypto_dag.GOOG scheduled__2022-12-27T00:00:00+00:00 [queued]>
[2022-12-28T13:59:02.769+0000] {taskinstance.py:1362} INFO - 
--------------------------------------------------------------------------------
[2022-12-28T13:59:02.770+0000] {taskinstance.py:1363} INFO - Starting attempt 1 of 1
[2022-12-28T13:59:02.770+0000] {taskinstance.py:1364} INFO - 
--------------------------------------------------------------------------------
[2022-12-28T13:59:02.790+0000] {taskinstance.py:1383} INFO - Executing <Task(_PythonDecoratedOperator): GOOG> on 2022-12-27 00:00:00+00:00
[2022-12-28T13:59:02.792+0000] {standard_task_runner.py:54} INFO - Started process 21 to run task
[2022-12-28T13:59:02.796+0000] {standard_task_runner.py:82} INFO - Running: ['airflow', 'tasks', 'run', 'get_crypto_dag', 'GOOG', 'scheduled__2022-12-27T00:00:00+00:00', '--job-id', '41', '--raw', '--subdir', 'DAGS_FOLDER/get_stocks_dag.py', '--cfg-path', '/tmp/tmp7xmsdeuh']
[2022-12-28T13:59:02.797+0000] {standard_task_runner.py:83} INFO - Job 41: Subtask GOOG
[2022-12-28T13:59:02.798+0000] {dagbag.py:525} INFO - Filling up the DagBag from /opt/airflow/dags/get_stocks_dag.py
[2022-12-28T13:59:04.805+0000] {logging_mixin.py:117} WARNING - /home/airflow/.local/lib/python3.7/site-packages/airflow/models/dag.py:3425 RemovedInAirflow3Warning: Param `schedule_interval` is deprecated and will be removed in a future release. Please use `schedule` instead.
[2022-12-28T13:59:04.898+0000] {task_command.py:384} INFO - Running <TaskInstance: get_crypto_dag.GOOG scheduled__2022-12-27T00:00:00+00:00 [running]> on host getcryptodaggoog-b61af39c63fb4b42a323cac6a5d6b648
[2022-12-28T13:59:06.383+0000] {taskinstance.py:1592} INFO - Exporting the following env vars:
AIRFLOW_CTX_DAG_OWNER=airflow
AIRFLOW_CTX_DAG_ID=get_crypto_dag
AIRFLOW_CTX_TASK_ID=GOOG
AIRFLOW_CTX_EXECUTION_DATE=2022-12-27T00:00:00+00:00
AIRFLOW_CTX_TRY_NUMBER=1
AIRFLOW_CTX_DAG_RUN_ID=scheduled__2022-12-27T00:00:00+00:00
[2022-12-28T13:59:07.323+0000] {logging_mixin.py:117} INFO - - GOOG: No data found for this date range, symbol may be delisted
[2022-12-28T13:59:07.324+0000] {python.py:177} INFO - Done. Returned value was: None
[2022-12-28T13:59:07.337+0000] {taskinstance.py:1406} INFO - Marking task as SUCCESS. dag_id=get_crypto_dag, task_id=GOOG, execution_date=20221227T000000, start_date=20221228T135902, end_date=20221228T135907
[2022-12-28T13:59:07.386+0000] {local_task_job.py:164} INFO - Task exited with return code 0
[2022-12-28T13:59:07.408+0000] {local_task_job.py:273} INFO - 0 downstream tasks scheduled from follow-on schedule check
[2022-12-28T23:33:02.747+0000] {taskinstance.py:1165} INFO - Dependencies all met for <TaskInstance: get_crypto_dag.GOOG scheduled__2022-12-27T00:00:00+00:00 [queued]>
[2022-12-28T23:33:02.760+0000] {taskinstance.py:1165} INFO - Dependencies all met for <TaskInstance: get_crypto_dag.GOOG scheduled__2022-12-27T00:00:00+00:00 [queued]>
[2022-12-28T23:33:02.760+0000] {taskinstance.py:1362} INFO - 
--------------------------------------------------------------------------------
[2022-12-28T23:33:02.760+0000] {taskinstance.py:1363} INFO - Starting attempt 1 of 1
[2022-12-28T23:33:02.761+0000] {taskinstance.py:1364} INFO - 
--------------------------------------------------------------------------------
[2022-12-28T23:33:02.778+0000] {taskinstance.py:1383} INFO - Executing <Task(_PythonDecoratedOperator): GOOG> on 2022-12-27 00:00:00+00:00
[2022-12-28T23:33:02.780+0000] {standard_task_runner.py:54} INFO - Started process 21 to run task
[2022-12-28T23:33:02.783+0000] {standard_task_runner.py:82} INFO - Running: ['airflow', 'tasks', 'run', 'get_crypto_dag', 'GOOG', 'scheduled__2022-12-27T00:00:00+00:00', '--job-id', '47', '--raw', '--subdir', 'DAGS_FOLDER/get_stocks_dag.py', '--cfg-path', '/tmp/tmp9rc6jb19']
[2022-12-28T23:33:02.785+0000] {standard_task_runner.py:83} INFO - Job 47: Subtask GOOG
[2022-12-28T23:33:02.786+0000] {dagbag.py:525} INFO - Filling up the DagBag from /opt/airflow/dags/get_stocks_dag.py
[2022-12-28T23:33:04.418+0000] {logging_mixin.py:117} WARNING - /home/airflow/.local/lib/python3.7/site-packages/airflow/models/dag.py:3425 RemovedInAirflow3Warning: Param `schedule_interval` is deprecated and will be removed in a future release. Please use `schedule` instead.
[2022-12-28T23:33:04.552+0000] {task_command.py:384} INFO - Running <TaskInstance: get_crypto_dag.GOOG scheduled__2022-12-27T00:00:00+00:00 [running]> on host getcryptodaggoog-23f078e7e6d04ef695e0adc0ae4d01c0
[2022-12-28T23:33:04.685+0000] {taskinstance.py:1592} INFO - Exporting the following env vars:
AIRFLOW_CTX_DAG_OWNER=airflow
AIRFLOW_CTX_DAG_ID=get_crypto_dag
AIRFLOW_CTX_TASK_ID=GOOG
AIRFLOW_CTX_EXECUTION_DATE=2022-12-27T00:00:00+00:00
AIRFLOW_CTX_TRY_NUMBER=1
AIRFLOW_CTX_DAG_RUN_ID=scheduled__2022-12-27T00:00:00+00:00
[2022-12-28T23:33:05.194+0000] {logging_mixin.py:117} INFO - - GOOG: No data found for this date range, symbol may be delisted
[2022-12-28T23:33:05.197+0000] {python.py:177} INFO - Done. Returned value was: None
[2022-12-28T23:33:05.214+0000] {taskinstance.py:1406} INFO - Marking task as SUCCESS. dag_id=get_crypto_dag, task_id=GOOG, execution_date=20221227T000000, start_date=20221228T233302, end_date=20221228T233305
[2022-12-28T23:33:05.267+0000] {local_task_job.py:164} INFO - Task exited with return code 0
[2022-12-28T23:33:05.289+0000] {local_task_job.py:273} INFO - 0 downstream tasks scheduled from follow-on schedule check
[2022-12-28T23:40:34.561+0000] {taskinstance.py:1165} INFO - Dependencies all met for <TaskInstance: get_crypto_dag.GOOG scheduled__2022-12-27T00:00:00+00:00 [queued]>
[2022-12-28T23:40:34.571+0000] {taskinstance.py:1165} INFO - Dependencies all met for <TaskInstance: get_crypto_dag.GOOG scheduled__2022-12-27T00:00:00+00:00 [queued]>
[2022-12-28T23:40:34.571+0000] {taskinstance.py:1362} INFO - 
--------------------------------------------------------------------------------
[2022-12-28T23:40:34.571+0000] {taskinstance.py:1363} INFO - Starting attempt 1 of 1
[2022-12-28T23:40:34.572+0000] {taskinstance.py:1364} INFO - 
--------------------------------------------------------------------------------
[2022-12-28T23:40:34.588+0000] {taskinstance.py:1383} INFO - Executing <Task(_PythonDecoratedOperator): GOOG> on 2022-12-27 00:00:00+00:00
[2022-12-28T23:40:34.591+0000] {standard_task_runner.py:54} INFO - Started process 21 to run task
[2022-12-28T23:40:34.594+0000] {standard_task_runner.py:82} INFO - Running: ['airflow', 'tasks', 'run', 'get_crypto_dag', 'GOOG', 'scheduled__2022-12-27T00:00:00+00:00', '--job-id', '55', '--raw', '--subdir', 'DAGS_FOLDER/get_stocks_dag.py', '--cfg-path', '/tmp/tmp9l2di8qm']
[2022-12-28T23:40:34.595+0000] {standard_task_runner.py:83} INFO - Job 55: Subtask GOOG
[2022-12-28T23:40:34.596+0000] {dagbag.py:525} INFO - Filling up the DagBag from /opt/airflow/dags/get_stocks_dag.py
[2022-12-28T23:40:36.530+0000] {logging_mixin.py:117} WARNING - /home/airflow/.local/lib/python3.7/site-packages/airflow/models/dag.py:3425 RemovedInAirflow3Warning: Param `schedule_interval` is deprecated and will be removed in a future release. Please use `schedule` instead.
[2022-12-28T23:40:36.613+0000] {task_command.py:384} INFO - Running <TaskInstance: get_crypto_dag.GOOG scheduled__2022-12-27T00:00:00+00:00 [running]> on host getcryptodaggoog-b79e32d962a348e1b571cef28f5d0e55
[2022-12-28T23:40:36.749+0000] {taskinstance.py:1592} INFO - Exporting the following env vars:
AIRFLOW_CTX_DAG_OWNER=airflow
AIRFLOW_CTX_DAG_ID=get_crypto_dag
AIRFLOW_CTX_TASK_ID=GOOG
AIRFLOW_CTX_EXECUTION_DATE=2022-12-27T00:00:00+00:00
AIRFLOW_CTX_TRY_NUMBER=1
AIRFLOW_CTX_DAG_RUN_ID=scheduled__2022-12-27T00:00:00+00:00
[2022-12-28T23:40:37.341+0000] {logging_mixin.py:117} INFO - - GOOG: No data found for this date range, symbol may be delisted
[2022-12-28T23:40:37.344+0000] {python.py:177} INFO - Done. Returned value was: None
[2022-12-28T23:40:37.356+0000] {taskinstance.py:1406} INFO - Marking task as SUCCESS. dag_id=get_crypto_dag, task_id=GOOG, execution_date=20221227T000000, start_date=20221228T234034, end_date=20221228T234037
[2022-12-28T23:40:37.404+0000] {local_task_job.py:164} INFO - Task exited with return code 0
[2022-12-28T23:40:37.442+0000] {local_task_job.py:273} INFO - 0 downstream tasks scheduled from follow-on schedule check
[2022-12-28T23:47:07.557+0000] {taskinstance.py:1165} INFO - Dependencies all met for <TaskInstance: get_crypto_dag.GOOG scheduled__2022-12-27T00:00:00+00:00 [queued]>
[2022-12-28T23:47:07.568+0000] {taskinstance.py:1165} INFO - Dependencies all met for <TaskInstance: get_crypto_dag.GOOG scheduled__2022-12-27T00:00:00+00:00 [queued]>
[2022-12-28T23:47:07.568+0000] {taskinstance.py:1362} INFO - 
--------------------------------------------------------------------------------
[2022-12-28T23:47:07.568+0000] {taskinstance.py:1363} INFO - Starting attempt 1 of 1
[2022-12-28T23:47:07.569+0000] {taskinstance.py:1364} INFO - 
--------------------------------------------------------------------------------
[2022-12-28T23:47:07.584+0000] {taskinstance.py:1383} INFO - Executing <Task(_PythonDecoratedOperator): GOOG> on 2022-12-27 00:00:00+00:00
[2022-12-28T23:47:07.587+0000] {standard_task_runner.py:54} INFO - Started process 21 to run task
[2022-12-28T23:47:07.591+0000] {standard_task_runner.py:82} INFO - Running: ['airflow', 'tasks', 'run', 'get_crypto_dag', 'GOOG', 'scheduled__2022-12-27T00:00:00+00:00', '--job-id', '59', '--raw', '--subdir', 'DAGS_FOLDER/get_stocks_dag.py', '--cfg-path', '/tmp/tmp8t6qim2q']
[2022-12-28T23:47:07.593+0000] {standard_task_runner.py:83} INFO - Job 59: Subtask GOOG
[2022-12-28T23:47:07.594+0000] {dagbag.py:525} INFO - Filling up the DagBag from /opt/airflow/dags/get_stocks_dag.py
[2022-12-28T23:47:07.645+0000] {logging_mixin.py:117} WARNING - /home/airflow/.local/lib/python3.7/site-packages/airflow/models/dag.py:3425 RemovedInAirflow3Warning: Param `schedule_interval` is deprecated and will be removed in a future release. Please use `schedule` instead.
[2022-12-28T23:47:07.756+0000] {task_command.py:384} INFO - Running <TaskInstance: get_crypto_dag.GOOG scheduled__2022-12-27T00:00:00+00:00 [running]> on host getcryptodaggoog-d9f50a6c813a468e82496dee04cf125a
[2022-12-28T23:47:07.881+0000] {taskinstance.py:1592} INFO - Exporting the following env vars:
AIRFLOW_CTX_DAG_OWNER=airflow
AIRFLOW_CTX_DAG_ID=get_crypto_dag
AIRFLOW_CTX_TASK_ID=GOOG
AIRFLOW_CTX_EXECUTION_DATE=2022-12-27T00:00:00+00:00
AIRFLOW_CTX_TRY_NUMBER=1
AIRFLOW_CTX_DAG_RUN_ID=scheduled__2022-12-27T00:00:00+00:00
[2022-12-28T23:47:10.462+0000] {logging_mixin.py:117} INFO - - GOOG: No data found for this date range, symbol may be delisted
[2022-12-28T23:47:10.466+0000] {python.py:177} INFO - Done. Returned value was: None
[2022-12-28T23:47:10.476+0000] {taskinstance.py:1406} INFO - Marking task as SUCCESS. dag_id=get_crypto_dag, task_id=GOOG, execution_date=20221227T000000, start_date=20221228T234707, end_date=20221228T234710
[2022-12-28T23:47:10.526+0000] {local_task_job.py:164} INFO - Task exited with return code 0
[2022-12-28T23:47:10.544+0000] {local_task_job.py:273} INFO - 0 downstream tasks scheduled from follow-on schedule check
