[2023-01-09T17:32:22.885+0000] {taskinstance.py:1165} INFO - Dependencies all met for <TaskInstance: get_crypto_dag.GOOG scheduled__2023-01-08T00:00:00+00:00 [queued]>
[2023-01-09T17:32:22.895+0000] {taskinstance.py:1165} INFO - Dependencies all met for <TaskInstance: get_crypto_dag.GOOG scheduled__2023-01-08T00:00:00+00:00 [queued]>
[2023-01-09T17:32:22.896+0000] {taskinstance.py:1362} INFO - 
--------------------------------------------------------------------------------
[2023-01-09T17:32:22.896+0000] {taskinstance.py:1363} INFO - Starting attempt 1 of 1
[2023-01-09T17:32:22.897+0000] {taskinstance.py:1364} INFO - 
--------------------------------------------------------------------------------
[2023-01-09T17:32:22.912+0000] {taskinstance.py:1383} INFO - Executing <Task(_PythonDecoratedOperator): GOOG> on 2023-01-08 00:00:00+00:00
[2023-01-09T17:32:22.915+0000] {standard_task_runner.py:54} INFO - Started process 21 to run task
[2023-01-09T17:32:22.917+0000] {standard_task_runner.py:82} INFO - Running: ['airflow', 'tasks', 'run', 'get_crypto_dag', 'GOOG', 'scheduled__2023-01-08T00:00:00+00:00', '--job-id', '118', '--raw', '--subdir', 'DAGS_FOLDER/get_stocks_dag.py', '--cfg-path', '/tmp/tmpek01gj0r']
[2023-01-09T17:32:22.918+0000] {standard_task_runner.py:83} INFO - Job 118: Subtask GOOG
[2023-01-09T17:32:22.920+0000] {dagbag.py:525} INFO - Filling up the DagBag from /opt/airflow/dags/get_stocks_dag.py
[2023-01-09T17:32:24.411+0000] {logging_mixin.py:117} WARNING - /home/airflow/.local/lib/python3.7/site-packages/airflow/models/dag.py:3425 RemovedInAirflow3Warning: Param `schedule_interval` is deprecated and will be removed in a future release. Please use `schedule` instead.
[2023-01-09T17:32:24.488+0000] {task_command.py:384} INFO - Running <TaskInstance: get_crypto_dag.GOOG scheduled__2023-01-08T00:00:00+00:00 [running]> on host getcryptodaggoog-acdc657bf4e54438aa57b41c68adb878
[2023-01-09T17:32:24.643+0000] {taskinstance.py:1592} INFO - Exporting the following env vars:
AIRFLOW_CTX_DAG_OWNER=airflow
AIRFLOW_CTX_DAG_ID=get_crypto_dag
AIRFLOW_CTX_TASK_ID=GOOG
AIRFLOW_CTX_EXECUTION_DATE=2023-01-08T00:00:00+00:00
AIRFLOW_CTX_TRY_NUMBER=1
AIRFLOW_CTX_DAG_RUN_ID=scheduled__2023-01-08T00:00:00+00:00
[2023-01-09T17:32:25.306+0000] {logging_mixin.py:117} INFO - - GOOG: No data found for this date range, symbol may be delisted
[2023-01-09T17:32:25.309+0000] {python.py:177} INFO - Done. Returned value was: None
[2023-01-09T17:32:25.319+0000] {taskinstance.py:1406} INFO - Marking task as SUCCESS. dag_id=get_crypto_dag, task_id=GOOG, execution_date=20230108T000000, start_date=20230109T173222, end_date=20230109T173225
[2023-01-09T17:32:25.352+0000] {local_task_job.py:164} INFO - Task exited with return code 0
[2023-01-09T17:32:25.371+0000] {local_task_job.py:273} INFO - 0 downstream tasks scheduled from follow-on schedule check
[2023-01-09T17:40:21.852+0000] {taskinstance.py:1165} INFO - Dependencies all met for <TaskInstance: get_crypto_dag.GOOG scheduled__2023-01-08T00:00:00+00:00 [queued]>
[2023-01-09T17:40:21.861+0000] {taskinstance.py:1165} INFO - Dependencies all met for <TaskInstance: get_crypto_dag.GOOG scheduled__2023-01-08T00:00:00+00:00 [queued]>
[2023-01-09T17:40:21.861+0000] {taskinstance.py:1362} INFO - 
--------------------------------------------------------------------------------
[2023-01-09T17:40:21.862+0000] {taskinstance.py:1363} INFO - Starting attempt 1 of 1
[2023-01-09T17:40:21.862+0000] {taskinstance.py:1364} INFO - 
--------------------------------------------------------------------------------
[2023-01-09T17:40:21.873+0000] {taskinstance.py:1383} INFO - Executing <Task(_PythonDecoratedOperator): GOOG> on 2023-01-08 00:00:00+00:00
[2023-01-09T17:40:21.877+0000] {standard_task_runner.py:54} INFO - Started process 21 to run task
[2023-01-09T17:40:21.879+0000] {standard_task_runner.py:82} INFO - Running: ['airflow', 'tasks', 'run', 'get_crypto_dag', 'GOOG', 'scheduled__2023-01-08T00:00:00+00:00', '--job-id', '154', '--raw', '--subdir', 'DAGS_FOLDER/get_stocks_dag.py', '--cfg-path', '/tmp/tmpjxz3nle9']
[2023-01-09T17:40:21.881+0000] {standard_task_runner.py:83} INFO - Job 154: Subtask GOOG
[2023-01-09T17:40:21.882+0000] {dagbag.py:525} INFO - Filling up the DagBag from /opt/airflow/dags/get_stocks_dag.py
[2023-01-09T17:40:23.266+0000] {logging_mixin.py:117} WARNING - /home/airflow/.local/lib/python3.7/site-packages/airflow/models/dag.py:3425 RemovedInAirflow3Warning: Param `schedule_interval` is deprecated and will be removed in a future release. Please use `schedule` instead.
[2023-01-09T17:40:23.377+0000] {task_command.py:384} INFO - Running <TaskInstance: get_crypto_dag.GOOG scheduled__2023-01-08T00:00:00+00:00 [running]> on host getcryptodaggoog-bec209f982fc4e4492d503398027bf36
[2023-01-09T17:40:23.532+0000] {taskinstance.py:1592} INFO - Exporting the following env vars:
AIRFLOW_CTX_DAG_OWNER=airflow
AIRFLOW_CTX_DAG_ID=get_crypto_dag
AIRFLOW_CTX_TASK_ID=GOOG
AIRFLOW_CTX_EXECUTION_DATE=2023-01-08T00:00:00+00:00
AIRFLOW_CTX_TRY_NUMBER=1
AIRFLOW_CTX_DAG_RUN_ID=scheduled__2023-01-08T00:00:00+00:00
[2023-01-09T17:40:24.348+0000] {logging_mixin.py:117} INFO - - GOOG: No data found for this date range, symbol may be delisted
[2023-01-09T17:40:24.352+0000] {python.py:177} INFO - Done. Returned value was: None
[2023-01-09T17:40:24.362+0000] {taskinstance.py:1406} INFO - Marking task as SUCCESS. dag_id=get_crypto_dag, task_id=GOOG, execution_date=20230108T000000, start_date=20230109T174021, end_date=20230109T174024
[2023-01-09T17:40:24.409+0000] {local_task_job.py:164} INFO - Task exited with return code 0
[2023-01-09T17:40:24.428+0000] {local_task_job.py:273} INFO - 0 downstream tasks scheduled from follow-on schedule check
[2023-01-09T18:23:56.763+0000] {taskinstance.py:1165} INFO - Dependencies all met for <TaskInstance: get_crypto_dag.GOOG scheduled__2023-01-08T00:00:00+00:00 [queued]>
[2023-01-09T18:23:56.771+0000] {taskinstance.py:1165} INFO - Dependencies all met for <TaskInstance: get_crypto_dag.GOOG scheduled__2023-01-08T00:00:00+00:00 [queued]>
[2023-01-09T18:23:56.771+0000] {taskinstance.py:1362} INFO - 
--------------------------------------------------------------------------------
[2023-01-09T18:23:56.771+0000] {taskinstance.py:1363} INFO - Starting attempt 1 of 1
[2023-01-09T18:23:56.772+0000] {taskinstance.py:1364} INFO - 
--------------------------------------------------------------------------------
[2023-01-09T18:23:56.784+0000] {taskinstance.py:1383} INFO - Executing <Task(_PythonDecoratedOperator): GOOG> on 2023-01-08 00:00:00+00:00
[2023-01-09T18:23:56.787+0000] {standard_task_runner.py:54} INFO - Started process 21 to run task
[2023-01-09T18:23:56.790+0000] {standard_task_runner.py:82} INFO - Running: ['airflow', 'tasks', 'run', 'get_crypto_dag', 'GOOG', 'scheduled__2023-01-08T00:00:00+00:00', '--job-id', '162', '--raw', '--subdir', 'DAGS_FOLDER/get_stocks_dag.py', '--cfg-path', '/tmp/tmptrojjs55']
[2023-01-09T18:23:56.791+0000] {standard_task_runner.py:83} INFO - Job 162: Subtask GOOG
[2023-01-09T18:23:56.792+0000] {dagbag.py:525} INFO - Filling up the DagBag from /opt/airflow/dags/get_stocks_dag.py
[2023-01-09T18:23:58.354+0000] {logging_mixin.py:117} WARNING - /home/airflow/.local/lib/python3.7/site-packages/airflow/models/dag.py:3425 RemovedInAirflow3Warning: Param `schedule_interval` is deprecated and will be removed in a future release. Please use `schedule` instead.
[2023-01-09T18:23:58.438+0000] {task_command.py:384} INFO - Running <TaskInstance: get_crypto_dag.GOOG scheduled__2023-01-08T00:00:00+00:00 [running]> on host getcryptodaggoog-5758abe1d001424ea5b5b86ad924aea5
[2023-01-09T18:23:58.541+0000] {taskinstance.py:1592} INFO - Exporting the following env vars:
AIRFLOW_CTX_DAG_OWNER=airflow
AIRFLOW_CTX_DAG_ID=get_crypto_dag
AIRFLOW_CTX_TASK_ID=GOOG
AIRFLOW_CTX_EXECUTION_DATE=2023-01-08T00:00:00+00:00
AIRFLOW_CTX_TRY_NUMBER=1
AIRFLOW_CTX_DAG_RUN_ID=scheduled__2023-01-08T00:00:00+00:00
[2023-01-09T18:23:59.508+0000] {logging_mixin.py:117} INFO - - GOOG: No data found for this date range, symbol may be delisted
[2023-01-09T18:23:59.512+0000] {python.py:177} INFO - Done. Returned value was: None
[2023-01-09T18:23:59.522+0000] {taskinstance.py:1406} INFO - Marking task as SUCCESS. dag_id=get_crypto_dag, task_id=GOOG, execution_date=20230108T000000, start_date=20230109T182356, end_date=20230109T182359
[2023-01-09T18:23:59.570+0000] {local_task_job.py:164} INFO - Task exited with return code 0
[2023-01-09T18:23:59.587+0000] {local_task_job.py:273} INFO - 0 downstream tasks scheduled from follow-on schedule check
[2023-01-09T18:25:58.418+0000] {taskinstance.py:1165} INFO - Dependencies all met for <TaskInstance: get_crypto_dag.GOOG scheduled__2023-01-08T00:00:00+00:00 [queued]>
[2023-01-09T18:25:58.426+0000] {taskinstance.py:1165} INFO - Dependencies all met for <TaskInstance: get_crypto_dag.GOOG scheduled__2023-01-08T00:00:00+00:00 [queued]>
[2023-01-09T18:25:58.427+0000] {taskinstance.py:1362} INFO - 
--------------------------------------------------------------------------------
[2023-01-09T18:25:58.427+0000] {taskinstance.py:1363} INFO - Starting attempt 1 of 1
[2023-01-09T18:25:58.427+0000] {taskinstance.py:1364} INFO - 
--------------------------------------------------------------------------------
[2023-01-09T18:25:58.445+0000] {taskinstance.py:1383} INFO - Executing <Task(_PythonDecoratedOperator): GOOG> on 2023-01-08 00:00:00+00:00
[2023-01-09T18:25:58.449+0000] {standard_task_runner.py:54} INFO - Started process 21 to run task
[2023-01-09T18:25:58.452+0000] {standard_task_runner.py:82} INFO - Running: ['airflow', 'tasks', 'run', 'get_crypto_dag', 'GOOG', 'scheduled__2023-01-08T00:00:00+00:00', '--job-id', '170', '--raw', '--subdir', 'DAGS_FOLDER/get_stocks_dag.py', '--cfg-path', '/tmp/tmpdm_rzpd4']
[2023-01-09T18:25:58.453+0000] {standard_task_runner.py:83} INFO - Job 170: Subtask GOOG
[2023-01-09T18:25:58.455+0000] {dagbag.py:525} INFO - Filling up the DagBag from /opt/airflow/dags/get_stocks_dag.py
[2023-01-09T18:26:00.461+0000] {logging_mixin.py:117} WARNING - /home/airflow/.local/lib/python3.7/site-packages/airflow/models/dag.py:3425 RemovedInAirflow3Warning: Param `schedule_interval` is deprecated and will be removed in a future release. Please use `schedule` instead.
[2023-01-09T18:26:00.570+0000] {task_command.py:384} INFO - Running <TaskInstance: get_crypto_dag.GOOG scheduled__2023-01-08T00:00:00+00:00 [running]> on host getcryptodaggoog-aae84e4b5f76441eadb32bbde9b100d0
[2023-01-09T18:26:00.705+0000] {taskinstance.py:1592} INFO - Exporting the following env vars:
AIRFLOW_CTX_DAG_OWNER=airflow
AIRFLOW_CTX_DAG_ID=get_crypto_dag
AIRFLOW_CTX_TASK_ID=GOOG
AIRFLOW_CTX_EXECUTION_DATE=2023-01-08T00:00:00+00:00
AIRFLOW_CTX_TRY_NUMBER=1
AIRFLOW_CTX_DAG_RUN_ID=scheduled__2023-01-08T00:00:00+00:00
[2023-01-09T18:26:01.394+0000] {logging_mixin.py:117} INFO - - GOOG: No data found for this date range, symbol may be delisted
[2023-01-09T18:26:01.397+0000] {python.py:177} INFO - Done. Returned value was: None
[2023-01-09T18:26:01.433+0000] {taskinstance.py:1406} INFO - Marking task as SUCCESS. dag_id=get_crypto_dag, task_id=GOOG, execution_date=20230108T000000, start_date=20230109T182558, end_date=20230109T182601
[2023-01-09T18:26:01.467+0000] {local_task_job.py:164} INFO - Task exited with return code 0
[2023-01-09T18:26:01.485+0000] {local_task_job.py:273} INFO - 0 downstream tasks scheduled from follow-on schedule check
[2023-01-09T19:13:53.543+0000] {taskinstance.py:1165} INFO - Dependencies all met for <TaskInstance: get_crypto_dag.GOOG scheduled__2023-01-08T00:00:00+00:00 [queued]>
[2023-01-09T19:13:53.555+0000] {taskinstance.py:1165} INFO - Dependencies all met for <TaskInstance: get_crypto_dag.GOOG scheduled__2023-01-08T00:00:00+00:00 [queued]>
[2023-01-09T19:13:53.556+0000] {taskinstance.py:1362} INFO - 
--------------------------------------------------------------------------------
[2023-01-09T19:13:53.556+0000] {taskinstance.py:1363} INFO - Starting attempt 1 of 1
[2023-01-09T19:13:53.557+0000] {taskinstance.py:1364} INFO - 
--------------------------------------------------------------------------------
[2023-01-09T19:13:53.573+0000] {taskinstance.py:1383} INFO - Executing <Task(_PythonDecoratedOperator): GOOG> on 2023-01-08 00:00:00+00:00
[2023-01-09T19:13:53.577+0000] {standard_task_runner.py:54} INFO - Started process 22 to run task
[2023-01-09T19:13:53.627+0000] {standard_task_runner.py:82} INFO - Running: ['airflow', 'tasks', 'run', 'get_crypto_dag', 'GOOG', 'scheduled__2023-01-08T00:00:00+00:00', '--job-id', '174', '--raw', '--subdir', 'DAGS_FOLDER/get_stocks_dag.py', '--cfg-path', '/tmp/tmpez6o106o']
[2023-01-09T19:13:53.630+0000] {standard_task_runner.py:83} INFO - Job 174: Subtask GOOG
[2023-01-09T19:13:53.632+0000] {dagbag.py:525} INFO - Filling up the DagBag from /opt/airflow/dags/get_stocks_dag.py
[2023-01-09T19:13:55.403+0000] {logging_mixin.py:117} WARNING - /home/airflow/.local/lib/python3.7/site-packages/airflow/models/dag.py:3425 RemovedInAirflow3Warning: Param `schedule_interval` is deprecated and will be removed in a future release. Please use `schedule` instead.
[2023-01-09T19:13:55.489+0000] {task_command.py:384} INFO - Running <TaskInstance: get_crypto_dag.GOOG scheduled__2023-01-08T00:00:00+00:00 [running]> on host getcryptodaggoog-d7aef464d36e4552a81b0d6a1c834cb0
[2023-01-09T19:13:55.666+0000] {taskinstance.py:1592} INFO - Exporting the following env vars:
AIRFLOW_CTX_DAG_OWNER=airflow
AIRFLOW_CTX_DAG_ID=get_crypto_dag
AIRFLOW_CTX_TASK_ID=GOOG
AIRFLOW_CTX_EXECUTION_DATE=2023-01-08T00:00:00+00:00
AIRFLOW_CTX_TRY_NUMBER=1
AIRFLOW_CTX_DAG_RUN_ID=scheduled__2023-01-08T00:00:00+00:00
[2023-01-09T19:13:56.561+0000] {logging_mixin.py:117} INFO - - GOOG: No data found for this date range, symbol may be delisted
[2023-01-09T19:13:56.565+0000] {python.py:177} INFO - Done. Returned value was: None
[2023-01-09T19:13:56.576+0000] {taskinstance.py:1406} INFO - Marking task as SUCCESS. dag_id=get_crypto_dag, task_id=GOOG, execution_date=20230108T000000, start_date=20230109T191353, end_date=20230109T191356
[2023-01-09T19:13:56.633+0000] {local_task_job.py:164} INFO - Task exited with return code 0
[2023-01-09T19:13:56.654+0000] {local_task_job.py:273} INFO - 0 downstream tasks scheduled from follow-on schedule check
