[2023-01-03T21:13:45.580+0000] {taskinstance.py:1165} INFO - Dependencies all met for <TaskInstance: get_crypto_dag.AAPL scheduled__2022-12-30T00:00:00+00:00 [queued]>
[2023-01-03T21:13:45.589+0000] {taskinstance.py:1165} INFO - Dependencies all met for <TaskInstance: get_crypto_dag.AAPL scheduled__2022-12-30T00:00:00+00:00 [queued]>
[2023-01-03T21:13:45.589+0000] {taskinstance.py:1362} INFO - 
--------------------------------------------------------------------------------
[2023-01-03T21:13:45.589+0000] {taskinstance.py:1363} INFO - Starting attempt 1 of 1
[2023-01-03T21:13:45.590+0000] {taskinstance.py:1364} INFO - 
--------------------------------------------------------------------------------
[2023-01-03T21:13:45.603+0000] {taskinstance.py:1383} INFO - Executing <Task(_PythonDecoratedOperator): AAPL> on 2022-12-30 00:00:00+00:00
[2023-01-03T21:13:45.605+0000] {standard_task_runner.py:54} INFO - Started process 21 to run task
[2023-01-03T21:13:45.608+0000] {standard_task_runner.py:82} INFO - Running: ['airflow', 'tasks', 'run', 'get_crypto_dag', 'AAPL', 'scheduled__2022-12-30T00:00:00+00:00', '--job-id', '94', '--raw', '--subdir', 'DAGS_FOLDER/get_stocks_dag.py', '--cfg-path', '/tmp/tmp8_68t4g8']
[2023-01-03T21:13:45.610+0000] {standard_task_runner.py:83} INFO - Job 94: Subtask AAPL
[2023-01-03T21:13:45.611+0000] {dagbag.py:525} INFO - Filling up the DagBag from /opt/airflow/dags/get_stocks_dag.py
[2023-01-03T21:13:47.173+0000] {logging_mixin.py:117} WARNING - /home/airflow/.local/lib/python3.7/site-packages/airflow/models/dag.py:3425 RemovedInAirflow3Warning: Param `schedule_interval` is deprecated and will be removed in a future release. Please use `schedule` instead.
[2023-01-03T21:13:47.260+0000] {task_command.py:384} INFO - Running <TaskInstance: get_crypto_dag.AAPL scheduled__2022-12-30T00:00:00+00:00 [running]> on host getcryptodagaapl-f731b3c9f5af4ee89b1b51a74603aa8b
[2023-01-03T21:13:47.370+0000] {taskinstance.py:1592} INFO - Exporting the following env vars:
AIRFLOW_CTX_DAG_OWNER=airflow
AIRFLOW_CTX_DAG_ID=get_crypto_dag
AIRFLOW_CTX_TASK_ID=AAPL
AIRFLOW_CTX_EXECUTION_DATE=2022-12-30T00:00:00+00:00
AIRFLOW_CTX_TRY_NUMBER=1
AIRFLOW_CTX_DAG_RUN_ID=scheduled__2022-12-30T00:00:00+00:00
[2023-01-03T21:13:48.270+0000] {python.py:177} INFO - Done. Returned value was: None
[2023-01-03T21:13:48.279+0000] {taskinstance.py:1406} INFO - Marking task as SUCCESS. dag_id=get_crypto_dag, task_id=AAPL, execution_date=20221230T000000, start_date=20230103T211345, end_date=20230103T211348
[2023-01-03T21:13:48.321+0000] {local_task_job.py:164} INFO - Task exited with return code 0
[2023-01-03T21:13:48.339+0000] {local_task_job.py:273} INFO - 0 downstream tasks scheduled from follow-on schedule check
