[2023-01-03T20:23:51.908+0000] {taskinstance.py:1165} INFO - Dependencies all met for <TaskInstance: get_crypto_dag.AAPL scheduled__2023-01-02T00:00:00+00:00 [queued]>
[2023-01-03T20:23:51.917+0000] {taskinstance.py:1165} INFO - Dependencies all met for <TaskInstance: get_crypto_dag.AAPL scheduled__2023-01-02T00:00:00+00:00 [queued]>
[2023-01-03T20:23:51.918+0000] {taskinstance.py:1362} INFO - 
--------------------------------------------------------------------------------
[2023-01-03T20:23:51.918+0000] {taskinstance.py:1363} INFO - Starting attempt 1 of 1
[2023-01-03T20:23:51.919+0000] {taskinstance.py:1364} INFO - 
--------------------------------------------------------------------------------
[2023-01-03T20:23:51.941+0000] {taskinstance.py:1383} INFO - Executing <Task(_PythonDecoratedOperator): AAPL> on 2023-01-02 00:00:00+00:00
[2023-01-03T20:23:51.944+0000] {standard_task_runner.py:54} INFO - Started process 22 to run task
[2023-01-03T20:23:51.948+0000] {standard_task_runner.py:82} INFO - Running: ['airflow', 'tasks', 'run', 'get_crypto_dag', 'AAPL', 'scheduled__2023-01-02T00:00:00+00:00', '--job-id', '82', '--raw', '--subdir', 'DAGS_FOLDER/get_stocks_dag.py', '--cfg-path', '/tmp/tmpuwypj3oe']
[2023-01-03T20:23:51.950+0000] {standard_task_runner.py:83} INFO - Job 82: Subtask AAPL
[2023-01-03T20:23:51.951+0000] {dagbag.py:525} INFO - Filling up the DagBag from /opt/airflow/dags/get_stocks_dag.py
[2023-01-03T20:23:53.258+0000] {logging_mixin.py:117} WARNING - /home/airflow/.local/lib/python3.7/site-packages/airflow/models/dag.py:3425 RemovedInAirflow3Warning: Param `schedule_interval` is deprecated and will be removed in a future release. Please use `schedule` instead.
[2023-01-03T20:23:53.348+0000] {task_command.py:384} INFO - Running <TaskInstance: get_crypto_dag.AAPL scheduled__2023-01-02T00:00:00+00:00 [running]> on host getcryptodagaapl-ba306cec392141319ae4641a8d53aa17
[2023-01-03T20:23:53.455+0000] {taskinstance.py:1592} INFO - Exporting the following env vars:
AIRFLOW_CTX_DAG_OWNER=airflow
AIRFLOW_CTX_DAG_ID=get_crypto_dag
AIRFLOW_CTX_TASK_ID=AAPL
AIRFLOW_CTX_EXECUTION_DATE=2023-01-02T00:00:00+00:00
AIRFLOW_CTX_TRY_NUMBER=1
AIRFLOW_CTX_DAG_RUN_ID=scheduled__2023-01-02T00:00:00+00:00
[2023-01-03T20:23:54.525+0000] {logging_mixin.py:117} INFO - - AAPL: No data found for this date range, symbol may be delisted
[2023-01-03T20:23:54.529+0000] {python.py:177} INFO - Done. Returned value was: None
[2023-01-03T20:23:54.539+0000] {taskinstance.py:1406} INFO - Marking task as SUCCESS. dag_id=get_crypto_dag, task_id=AAPL, execution_date=20230102T000000, start_date=20230103T202351, end_date=20230103T202354
[2023-01-03T20:23:54.585+0000] {local_task_job.py:164} INFO - Task exited with return code 0
[2023-01-03T20:23:54.603+0000] {local_task_job.py:273} INFO - 0 downstream tasks scheduled from follow-on schedule check
[2023-01-03T20:29:31.946+0000] {taskinstance.py:1165} INFO - Dependencies all met for <TaskInstance: get_crypto_dag.AAPL scheduled__2023-01-02T00:00:00+00:00 [queued]>
[2023-01-03T20:29:31.956+0000] {taskinstance.py:1165} INFO - Dependencies all met for <TaskInstance: get_crypto_dag.AAPL scheduled__2023-01-02T00:00:00+00:00 [queued]>
[2023-01-03T20:29:31.957+0000] {taskinstance.py:1362} INFO - 
--------------------------------------------------------------------------------
[2023-01-03T20:29:31.957+0000] {taskinstance.py:1363} INFO - Starting attempt 1 of 1
[2023-01-03T20:29:31.958+0000] {taskinstance.py:1364} INFO - 
--------------------------------------------------------------------------------
[2023-01-03T20:29:31.972+0000] {taskinstance.py:1383} INFO - Executing <Task(_PythonDecoratedOperator): AAPL> on 2023-01-02 00:00:00+00:00
[2023-01-03T20:29:31.975+0000] {standard_task_runner.py:54} INFO - Started process 21 to run task
[2023-01-03T20:29:31.977+0000] {standard_task_runner.py:82} INFO - Running: ['airflow', 'tasks', 'run', 'get_crypto_dag', 'AAPL', 'scheduled__2023-01-02T00:00:00+00:00', '--job-id', '86', '--raw', '--subdir', 'DAGS_FOLDER/get_stocks_dag.py', '--cfg-path', '/tmp/tmpivpfty4c']
[2023-01-03T20:29:31.979+0000] {standard_task_runner.py:83} INFO - Job 86: Subtask AAPL
[2023-01-03T20:29:31.980+0000] {dagbag.py:525} INFO - Filling up the DagBag from /opt/airflow/dags/get_stocks_dag.py
[2023-01-03T20:29:33.565+0000] {logging_mixin.py:117} WARNING - /home/airflow/.local/lib/python3.7/site-packages/airflow/models/dag.py:3425 RemovedInAirflow3Warning: Param `schedule_interval` is deprecated and will be removed in a future release. Please use `schedule` instead.
[2023-01-03T20:29:33.643+0000] {task_command.py:384} INFO - Running <TaskInstance: get_crypto_dag.AAPL scheduled__2023-01-02T00:00:00+00:00 [running]> on host getcryptodagaapl-d44dae1d40474f69b756c19b9b51e99e
[2023-01-03T20:29:33.758+0000] {taskinstance.py:1592} INFO - Exporting the following env vars:
AIRFLOW_CTX_DAG_OWNER=airflow
AIRFLOW_CTX_DAG_ID=get_crypto_dag
AIRFLOW_CTX_TASK_ID=AAPL
AIRFLOW_CTX_EXECUTION_DATE=2023-01-02T00:00:00+00:00
AIRFLOW_CTX_TRY_NUMBER=1
AIRFLOW_CTX_DAG_RUN_ID=scheduled__2023-01-02T00:00:00+00:00
[2023-01-03T20:29:34.410+0000] {logging_mixin.py:117} INFO - - AAPL: No data found for this date range, symbol may be delisted
[2023-01-03T20:29:34.414+0000] {python.py:177} INFO - Done. Returned value was: None
[2023-01-03T20:29:34.424+0000] {taskinstance.py:1406} INFO - Marking task as SUCCESS. dag_id=get_crypto_dag, task_id=AAPL, execution_date=20230102T000000, start_date=20230103T202931, end_date=20230103T202934
[2023-01-03T20:29:34.463+0000] {local_task_job.py:164} INFO - Task exited with return code 0
[2023-01-03T20:29:34.486+0000] {local_task_job.py:273} INFO - 0 downstream tasks scheduled from follow-on schedule check
[2023-01-03T20:35:22.443+0000] {taskinstance.py:1165} INFO - Dependencies all met for <TaskInstance: get_crypto_dag.AAPL scheduled__2023-01-02T00:00:00+00:00 [queued]>
[2023-01-03T20:35:22.453+0000] {taskinstance.py:1165} INFO - Dependencies all met for <TaskInstance: get_crypto_dag.AAPL scheduled__2023-01-02T00:00:00+00:00 [queued]>
[2023-01-03T20:35:22.453+0000] {taskinstance.py:1362} INFO - 
--------------------------------------------------------------------------------
[2023-01-03T20:35:22.454+0000] {taskinstance.py:1363} INFO - Starting attempt 1 of 1
[2023-01-03T20:35:22.454+0000] {taskinstance.py:1364} INFO - 
--------------------------------------------------------------------------------
[2023-01-03T20:35:22.468+0000] {taskinstance.py:1383} INFO - Executing <Task(_PythonDecoratedOperator): AAPL> on 2023-01-02 00:00:00+00:00
[2023-01-03T20:35:22.471+0000] {standard_task_runner.py:54} INFO - Started process 21 to run task
[2023-01-03T20:35:22.474+0000] {standard_task_runner.py:82} INFO - Running: ['airflow', 'tasks', 'run', 'get_crypto_dag', 'AAPL', 'scheduled__2023-01-02T00:00:00+00:00', '--job-id', '92', '--raw', '--subdir', 'DAGS_FOLDER/get_stocks_dag.py', '--cfg-path', '/tmp/tmpc_0o9yr1']
[2023-01-03T20:35:22.475+0000] {standard_task_runner.py:83} INFO - Job 92: Subtask AAPL
[2023-01-03T20:35:22.476+0000] {dagbag.py:525} INFO - Filling up the DagBag from /opt/airflow/dags/get_stocks_dag.py
[2023-01-03T20:35:23.717+0000] {logging_mixin.py:117} WARNING - /home/airflow/.local/lib/python3.7/site-packages/airflow/models/dag.py:3425 RemovedInAirflow3Warning: Param `schedule_interval` is deprecated and will be removed in a future release. Please use `schedule` instead.
[2023-01-03T20:35:23.798+0000] {task_command.py:384} INFO - Running <TaskInstance: get_crypto_dag.AAPL scheduled__2023-01-02T00:00:00+00:00 [running]> on host getcryptodagaapl-01d7b7d6332b42e2920b36c2d704ca3a
[2023-01-03T20:35:23.914+0000] {taskinstance.py:1592} INFO - Exporting the following env vars:
AIRFLOW_CTX_DAG_OWNER=airflow
AIRFLOW_CTX_DAG_ID=get_crypto_dag
AIRFLOW_CTX_TASK_ID=AAPL
AIRFLOW_CTX_EXECUTION_DATE=2023-01-02T00:00:00+00:00
AIRFLOW_CTX_TRY_NUMBER=1
AIRFLOW_CTX_DAG_RUN_ID=scheduled__2023-01-02T00:00:00+00:00
[2023-01-03T20:35:24.642+0000] {logging_mixin.py:117} INFO - - AAPL: No data found for this date range, symbol may be delisted
[2023-01-03T20:35:24.645+0000] {python.py:177} INFO - Done. Returned value was: None
[2023-01-03T20:35:24.656+0000] {taskinstance.py:1406} INFO - Marking task as SUCCESS. dag_id=get_crypto_dag, task_id=AAPL, execution_date=20230102T000000, start_date=20230103T203522, end_date=20230103T203524
[2023-01-03T20:35:24.684+0000] {local_task_job.py:164} INFO - Task exited with return code 0
[2023-01-03T20:35:24.702+0000] {local_task_job.py:273} INFO - 0 downstream tasks scheduled from follow-on schedule check
[2023-01-03T21:14:59.877+0000] {taskinstance.py:1165} INFO - Dependencies all met for <TaskInstance: get_crypto_dag.AAPL scheduled__2023-01-02T00:00:00+00:00 [queued]>
[2023-01-03T21:14:59.886+0000] {taskinstance.py:1165} INFO - Dependencies all met for <TaskInstance: get_crypto_dag.AAPL scheduled__2023-01-02T00:00:00+00:00 [queued]>
[2023-01-03T21:14:59.886+0000] {taskinstance.py:1362} INFO - 
--------------------------------------------------------------------------------
[2023-01-03T21:14:59.887+0000] {taskinstance.py:1363} INFO - Starting attempt 1 of 1
[2023-01-03T21:14:59.887+0000] {taskinstance.py:1364} INFO - 
--------------------------------------------------------------------------------
[2023-01-03T21:14:59.900+0000] {taskinstance.py:1383} INFO - Executing <Task(_PythonDecoratedOperator): AAPL> on 2023-01-02 00:00:00+00:00
[2023-01-03T21:14:59.905+0000] {standard_task_runner.py:54} INFO - Started process 21 to run task
[2023-01-03T21:14:59.908+0000] {standard_task_runner.py:82} INFO - Running: ['airflow', 'tasks', 'run', 'get_crypto_dag', 'AAPL', 'scheduled__2023-01-02T00:00:00+00:00', '--job-id', '106', '--raw', '--subdir', 'DAGS_FOLDER/get_stocks_dag.py', '--cfg-path', '/tmp/tmpyjp_q_54']
[2023-01-03T21:14:59.909+0000] {standard_task_runner.py:83} INFO - Job 106: Subtask AAPL
[2023-01-03T21:14:59.911+0000] {dagbag.py:525} INFO - Filling up the DagBag from /opt/airflow/dags/get_stocks_dag.py
[2023-01-03T21:15:01.677+0000] {logging_mixin.py:117} WARNING - /home/airflow/.local/lib/python3.7/site-packages/airflow/models/dag.py:3425 RemovedInAirflow3Warning: Param `schedule_interval` is deprecated and will be removed in a future release. Please use `schedule` instead.
[2023-01-03T21:15:01.779+0000] {task_command.py:384} INFO - Running <TaskInstance: get_crypto_dag.AAPL scheduled__2023-01-02T00:00:00+00:00 [running]> on host getcryptodagaapl-aed82d69ca424aeab953fde145421ede
[2023-01-03T21:15:01.888+0000] {taskinstance.py:1592} INFO - Exporting the following env vars:
AIRFLOW_CTX_DAG_OWNER=airflow
AIRFLOW_CTX_DAG_ID=get_crypto_dag
AIRFLOW_CTX_TASK_ID=AAPL
AIRFLOW_CTX_EXECUTION_DATE=2023-01-02T00:00:00+00:00
AIRFLOW_CTX_TRY_NUMBER=1
AIRFLOW_CTX_DAG_RUN_ID=scheduled__2023-01-02T00:00:00+00:00
[2023-01-03T21:15:02.665+0000] {logging_mixin.py:117} INFO - - AAPL: No data found for this date range, symbol may be delisted
[2023-01-03T21:15:02.668+0000] {python.py:177} INFO - Done. Returned value was: None
[2023-01-03T21:15:02.678+0000] {taskinstance.py:1406} INFO - Marking task as SUCCESS. dag_id=get_crypto_dag, task_id=AAPL, execution_date=20230102T000000, start_date=20230103T211459, end_date=20230103T211502
[2023-01-03T21:15:02.721+0000] {local_task_job.py:164} INFO - Task exited with return code 0
[2023-01-03T21:15:02.739+0000] {local_task_job.py:273} INFO - 0 downstream tasks scheduled from follow-on schedule check
