[2023-01-09T17:32:12.603+0000] {taskinstance.py:1165} INFO - Dependencies all met for <TaskInstance: get_crypto_dag.AAPL scheduled__2023-01-08T00:00:00+00:00 [queued]>
[2023-01-09T17:32:12.628+0000] {taskinstance.py:1165} INFO - Dependencies all met for <TaskInstance: get_crypto_dag.AAPL scheduled__2023-01-08T00:00:00+00:00 [queued]>
[2023-01-09T17:32:12.629+0000] {taskinstance.py:1362} INFO - 
--------------------------------------------------------------------------------
[2023-01-09T17:32:12.630+0000] {taskinstance.py:1363} INFO - Starting attempt 1 of 1
[2023-01-09T17:32:12.630+0000] {taskinstance.py:1364} INFO - 
--------------------------------------------------------------------------------
[2023-01-09T17:32:12.646+0000] {taskinstance.py:1383} INFO - Executing <Task(_PythonDecoratedOperator): AAPL> on 2023-01-08 00:00:00+00:00
[2023-01-09T17:32:12.648+0000] {standard_task_runner.py:54} INFO - Started process 21 to run task
[2023-01-09T17:32:12.651+0000] {standard_task_runner.py:82} INFO - Running: ['airflow', 'tasks', 'run', 'get_crypto_dag', 'AAPL', 'scheduled__2023-01-08T00:00:00+00:00', '--job-id', '116', '--raw', '--subdir', 'DAGS_FOLDER/get_stocks_dag.py', '--cfg-path', '/tmp/tmpi7fg_jwc']
[2023-01-09T17:32:12.652+0000] {standard_task_runner.py:83} INFO - Job 116: Subtask AAPL
[2023-01-09T17:32:12.654+0000] {dagbag.py:525} INFO - Filling up the DagBag from /opt/airflow/dags/get_stocks_dag.py
[2023-01-09T17:32:14.045+0000] {logging_mixin.py:117} WARNING - /home/airflow/.local/lib/python3.7/site-packages/airflow/models/dag.py:3425 RemovedInAirflow3Warning: Param `schedule_interval` is deprecated and will be removed in a future release. Please use `schedule` instead.
[2023-01-09T17:32:14.232+0000] {task_command.py:384} INFO - Running <TaskInstance: get_crypto_dag.AAPL scheduled__2023-01-08T00:00:00+00:00 [running]> on host getcryptodagaapl-9ad8b0438d3140af8edce8519971f569
[2023-01-09T17:32:14.346+0000] {taskinstance.py:1592} INFO - Exporting the following env vars:
AIRFLOW_CTX_DAG_OWNER=airflow
AIRFLOW_CTX_DAG_ID=get_crypto_dag
AIRFLOW_CTX_TASK_ID=AAPL
AIRFLOW_CTX_EXECUTION_DATE=2023-01-08T00:00:00+00:00
AIRFLOW_CTX_TRY_NUMBER=1
AIRFLOW_CTX_DAG_RUN_ID=scheduled__2023-01-08T00:00:00+00:00
[2023-01-09T17:32:15.104+0000] {logging_mixin.py:117} INFO - - AAPL: No data found for this date range, symbol may be delisted
[2023-01-09T17:32:15.108+0000] {python.py:177} INFO - Done. Returned value was: None
[2023-01-09T17:32:15.118+0000] {taskinstance.py:1406} INFO - Marking task as SUCCESS. dag_id=get_crypto_dag, task_id=AAPL, execution_date=20230108T000000, start_date=20230109T173212, end_date=20230109T173215
[2023-01-09T17:32:15.149+0000] {local_task_job.py:164} INFO - Task exited with return code 0
[2023-01-09T17:32:15.168+0000] {local_task_job.py:273} INFO - 0 downstream tasks scheduled from follow-on schedule check
[2023-01-09T17:40:11.229+0000] {taskinstance.py:1165} INFO - Dependencies all met for <TaskInstance: get_crypto_dag.AAPL scheduled__2023-01-08T00:00:00+00:00 [queued]>
[2023-01-09T17:40:11.238+0000] {taskinstance.py:1165} INFO - Dependencies all met for <TaskInstance: get_crypto_dag.AAPL scheduled__2023-01-08T00:00:00+00:00 [queued]>
[2023-01-09T17:40:11.238+0000] {taskinstance.py:1362} INFO - 
--------------------------------------------------------------------------------
[2023-01-09T17:40:11.239+0000] {taskinstance.py:1363} INFO - Starting attempt 1 of 1
[2023-01-09T17:40:11.239+0000] {taskinstance.py:1364} INFO - 
--------------------------------------------------------------------------------
[2023-01-09T17:40:11.255+0000] {taskinstance.py:1383} INFO - Executing <Task(_PythonDecoratedOperator): AAPL> on 2023-01-08 00:00:00+00:00
[2023-01-09T17:40:11.259+0000] {standard_task_runner.py:54} INFO - Started process 21 to run task
[2023-01-09T17:40:11.261+0000] {standard_task_runner.py:82} INFO - Running: ['airflow', 'tasks', 'run', 'get_crypto_dag', 'AAPL', 'scheduled__2023-01-08T00:00:00+00:00', '--job-id', '152', '--raw', '--subdir', 'DAGS_FOLDER/get_stocks_dag.py', '--cfg-path', '/tmp/tmpmqdmkgp2']
[2023-01-09T17:40:11.263+0000] {standard_task_runner.py:83} INFO - Job 152: Subtask AAPL
[2023-01-09T17:40:11.264+0000] {dagbag.py:525} INFO - Filling up the DagBag from /opt/airflow/dags/get_stocks_dag.py
[2023-01-09T17:40:12.530+0000] {logging_mixin.py:117} WARNING - /home/airflow/.local/lib/python3.7/site-packages/airflow/models/dag.py:3425 RemovedInAirflow3Warning: Param `schedule_interval` is deprecated and will be removed in a future release. Please use `schedule` instead.
[2023-01-09T17:40:12.612+0000] {task_command.py:384} INFO - Running <TaskInstance: get_crypto_dag.AAPL scheduled__2023-01-08T00:00:00+00:00 [running]> on host getcryptodagaapl-94508463856a4750ac1260e92e752337
[2023-01-09T17:40:12.718+0000] {taskinstance.py:1592} INFO - Exporting the following env vars:
AIRFLOW_CTX_DAG_OWNER=airflow
AIRFLOW_CTX_DAG_ID=get_crypto_dag
AIRFLOW_CTX_TASK_ID=AAPL
AIRFLOW_CTX_EXECUTION_DATE=2023-01-08T00:00:00+00:00
AIRFLOW_CTX_TRY_NUMBER=1
AIRFLOW_CTX_DAG_RUN_ID=scheduled__2023-01-08T00:00:00+00:00
[2023-01-09T17:40:13.486+0000] {logging_mixin.py:117} INFO - - AAPL: No data found for this date range, symbol may be delisted
[2023-01-09T17:40:13.489+0000] {python.py:177} INFO - Done. Returned value was: None
[2023-01-09T17:40:13.501+0000] {taskinstance.py:1406} INFO - Marking task as SUCCESS. dag_id=get_crypto_dag, task_id=AAPL, execution_date=20230108T000000, start_date=20230109T174011, end_date=20230109T174013
[2023-01-09T17:40:13.553+0000] {local_task_job.py:164} INFO - Task exited with return code 0
[2023-01-09T17:40:13.574+0000] {local_task_job.py:273} INFO - 0 downstream tasks scheduled from follow-on schedule check
[2023-01-09T18:23:43.427+0000] {taskinstance.py:1165} INFO - Dependencies all met for <TaskInstance: get_crypto_dag.AAPL scheduled__2023-01-08T00:00:00+00:00 [queued]>
[2023-01-09T18:23:43.437+0000] {taskinstance.py:1165} INFO - Dependencies all met for <TaskInstance: get_crypto_dag.AAPL scheduled__2023-01-08T00:00:00+00:00 [queued]>
[2023-01-09T18:23:43.438+0000] {taskinstance.py:1362} INFO - 
--------------------------------------------------------------------------------
[2023-01-09T18:23:43.438+0000] {taskinstance.py:1363} INFO - Starting attempt 1 of 1
[2023-01-09T18:23:43.438+0000] {taskinstance.py:1364} INFO - 
--------------------------------------------------------------------------------
[2023-01-09T18:23:43.454+0000] {taskinstance.py:1383} INFO - Executing <Task(_PythonDecoratedOperator): AAPL> on 2023-01-08 00:00:00+00:00
[2023-01-09T18:23:43.457+0000] {standard_task_runner.py:54} INFO - Started process 22 to run task
[2023-01-09T18:23:43.459+0000] {standard_task_runner.py:82} INFO - Running: ['airflow', 'tasks', 'run', 'get_crypto_dag', 'AAPL', 'scheduled__2023-01-08T00:00:00+00:00', '--job-id', '160', '--raw', '--subdir', 'DAGS_FOLDER/get_stocks_dag.py', '--cfg-path', '/tmp/tmpdb73np8p']
[2023-01-09T18:23:43.461+0000] {standard_task_runner.py:83} INFO - Job 160: Subtask AAPL
[2023-01-09T18:23:43.462+0000] {dagbag.py:525} INFO - Filling up the DagBag from /opt/airflow/dags/get_stocks_dag.py
[2023-01-09T18:23:45.851+0000] {logging_mixin.py:117} WARNING - /home/airflow/.local/lib/python3.7/site-packages/airflow/models/dag.py:3425 RemovedInAirflow3Warning: Param `schedule_interval` is deprecated and will be removed in a future release. Please use `schedule` instead.
[2023-01-09T18:23:46.027+0000] {task_command.py:384} INFO - Running <TaskInstance: get_crypto_dag.AAPL scheduled__2023-01-08T00:00:00+00:00 [running]> on host getcryptodagaapl-e9b2d8f7729245e4b304434f3bbc570f
[2023-01-09T18:23:46.135+0000] {taskinstance.py:1592} INFO - Exporting the following env vars:
AIRFLOW_CTX_DAG_OWNER=airflow
AIRFLOW_CTX_DAG_ID=get_crypto_dag
AIRFLOW_CTX_TASK_ID=AAPL
AIRFLOW_CTX_EXECUTION_DATE=2023-01-08T00:00:00+00:00
AIRFLOW_CTX_TRY_NUMBER=1
AIRFLOW_CTX_DAG_RUN_ID=scheduled__2023-01-08T00:00:00+00:00
[2023-01-09T18:23:46.801+0000] {logging_mixin.py:117} INFO - - AAPL: No data found for this date range, symbol may be delisted
[2023-01-09T18:23:46.804+0000] {python.py:177} INFO - Done. Returned value was: None
[2023-01-09T18:23:46.814+0000] {taskinstance.py:1406} INFO - Marking task as SUCCESS. dag_id=get_crypto_dag, task_id=AAPL, execution_date=20230108T000000, start_date=20230109T182343, end_date=20230109T182346
[2023-01-09T18:23:46.852+0000] {local_task_job.py:164} INFO - Task exited with return code 0
[2023-01-09T18:23:46.870+0000] {local_task_job.py:273} INFO - 0 downstream tasks scheduled from follow-on schedule check
[2023-01-09T18:25:48.238+0000] {taskinstance.py:1165} INFO - Dependencies all met for <TaskInstance: get_crypto_dag.AAPL scheduled__2023-01-08T00:00:00+00:00 [queued]>
[2023-01-09T18:25:48.247+0000] {taskinstance.py:1165} INFO - Dependencies all met for <TaskInstance: get_crypto_dag.AAPL scheduled__2023-01-08T00:00:00+00:00 [queued]>
[2023-01-09T18:25:48.247+0000] {taskinstance.py:1362} INFO - 
--------------------------------------------------------------------------------
[2023-01-09T18:25:48.248+0000] {taskinstance.py:1363} INFO - Starting attempt 1 of 1
[2023-01-09T18:25:48.248+0000] {taskinstance.py:1364} INFO - 
--------------------------------------------------------------------------------
[2023-01-09T18:25:48.263+0000] {taskinstance.py:1383} INFO - Executing <Task(_PythonDecoratedOperator): AAPL> on 2023-01-08 00:00:00+00:00
[2023-01-09T18:25:48.266+0000] {standard_task_runner.py:54} INFO - Started process 21 to run task
[2023-01-09T18:25:48.269+0000] {standard_task_runner.py:82} INFO - Running: ['airflow', 'tasks', 'run', 'get_crypto_dag', 'AAPL', 'scheduled__2023-01-08T00:00:00+00:00', '--job-id', '168', '--raw', '--subdir', 'DAGS_FOLDER/get_stocks_dag.py', '--cfg-path', '/tmp/tmpme031gux']
[2023-01-09T18:25:48.270+0000] {standard_task_runner.py:83} INFO - Job 168: Subtask AAPL
[2023-01-09T18:25:48.271+0000] {dagbag.py:525} INFO - Filling up the DagBag from /opt/airflow/dags/get_stocks_dag.py
[2023-01-09T18:25:49.701+0000] {logging_mixin.py:117} WARNING - /home/airflow/.local/lib/python3.7/site-packages/airflow/models/dag.py:3425 RemovedInAirflow3Warning: Param `schedule_interval` is deprecated and will be removed in a future release. Please use `schedule` instead.
[2023-01-09T18:25:49.778+0000] {task_command.py:384} INFO - Running <TaskInstance: get_crypto_dag.AAPL scheduled__2023-01-08T00:00:00+00:00 [running]> on host getcryptodagaapl-6dafe0dd265442f0bf809286478f4b7e
[2023-01-09T18:25:49.931+0000] {taskinstance.py:1592} INFO - Exporting the following env vars:
AIRFLOW_CTX_DAG_OWNER=airflow
AIRFLOW_CTX_DAG_ID=get_crypto_dag
AIRFLOW_CTX_TASK_ID=AAPL
AIRFLOW_CTX_EXECUTION_DATE=2023-01-08T00:00:00+00:00
AIRFLOW_CTX_TRY_NUMBER=1
AIRFLOW_CTX_DAG_RUN_ID=scheduled__2023-01-08T00:00:00+00:00
[2023-01-09T18:25:50.683+0000] {logging_mixin.py:117} INFO - - AAPL: No data found for this date range, symbol may be delisted
[2023-01-09T18:25:50.686+0000] {python.py:177} INFO - Done. Returned value was: None
[2023-01-09T18:25:50.696+0000] {taskinstance.py:1406} INFO - Marking task as SUCCESS. dag_id=get_crypto_dag, task_id=AAPL, execution_date=20230108T000000, start_date=20230109T182548, end_date=20230109T182550
[2023-01-09T18:25:50.728+0000] {local_task_job.py:164} INFO - Task exited with return code 0
[2023-01-09T18:25:50.746+0000] {local_task_job.py:273} INFO - 0 downstream tasks scheduled from follow-on schedule check
[2023-01-09T19:13:39.902+0000] {taskinstance.py:1165} INFO - Dependencies all met for <TaskInstance: get_crypto_dag.AAPL scheduled__2023-01-08T00:00:00+00:00 [queued]>
[2023-01-09T19:13:39.911+0000] {taskinstance.py:1165} INFO - Dependencies all met for <TaskInstance: get_crypto_dag.AAPL scheduled__2023-01-08T00:00:00+00:00 [queued]>
[2023-01-09T19:13:39.911+0000] {taskinstance.py:1362} INFO - 
--------------------------------------------------------------------------------
[2023-01-09T19:13:39.912+0000] {taskinstance.py:1363} INFO - Starting attempt 1 of 1
[2023-01-09T19:13:39.912+0000] {taskinstance.py:1364} INFO - 
--------------------------------------------------------------------------------
[2023-01-09T19:13:39.929+0000] {taskinstance.py:1383} INFO - Executing <Task(_PythonDecoratedOperator): AAPL> on 2023-01-08 00:00:00+00:00
[2023-01-09T19:13:39.932+0000] {standard_task_runner.py:54} INFO - Started process 21 to run task
[2023-01-09T19:13:39.935+0000] {standard_task_runner.py:82} INFO - Running: ['airflow', 'tasks', 'run', 'get_crypto_dag', 'AAPL', 'scheduled__2023-01-08T00:00:00+00:00', '--job-id', '172', '--raw', '--subdir', 'DAGS_FOLDER/get_stocks_dag.py', '--cfg-path', '/tmp/tmp74ibxmr2']
[2023-01-09T19:13:39.937+0000] {standard_task_runner.py:83} INFO - Job 172: Subtask AAPL
[2023-01-09T19:13:39.938+0000] {dagbag.py:525} INFO - Filling up the DagBag from /opt/airflow/dags/get_stocks_dag.py
[2023-01-09T19:13:41.586+0000] {logging_mixin.py:117} WARNING - /home/airflow/.local/lib/python3.7/site-packages/airflow/models/dag.py:3425 RemovedInAirflow3Warning: Param `schedule_interval` is deprecated and will be removed in a future release. Please use `schedule` instead.
[2023-01-09T19:13:41.687+0000] {task_command.py:384} INFO - Running <TaskInstance: get_crypto_dag.AAPL scheduled__2023-01-08T00:00:00+00:00 [running]> on host getcryptodagaapl-83656629eca84b1296adc5fa6b435c4a
[2023-01-09T19:13:41.839+0000] {taskinstance.py:1592} INFO - Exporting the following env vars:
AIRFLOW_CTX_DAG_OWNER=airflow
AIRFLOW_CTX_DAG_ID=get_crypto_dag
AIRFLOW_CTX_TASK_ID=AAPL
AIRFLOW_CTX_EXECUTION_DATE=2023-01-08T00:00:00+00:00
AIRFLOW_CTX_TRY_NUMBER=1
AIRFLOW_CTX_DAG_RUN_ID=scheduled__2023-01-08T00:00:00+00:00
[2023-01-09T19:13:42.614+0000] {logging_mixin.py:117} INFO - - AAPL: No data found for this date range, symbol may be delisted
[2023-01-09T19:13:42.619+0000] {python.py:177} INFO - Done. Returned value was: None
[2023-01-09T19:13:42.630+0000] {taskinstance.py:1406} INFO - Marking task as SUCCESS. dag_id=get_crypto_dag, task_id=AAPL, execution_date=20230108T000000, start_date=20230109T191339, end_date=20230109T191342
[2023-01-09T19:13:42.655+0000] {local_task_job.py:164} INFO - Task exited with return code 0
[2023-01-09T19:13:42.674+0000] {local_task_job.py:273} INFO - 0 downstream tasks scheduled from follow-on schedule check
