[2023-01-03T20:23:56.154+0000] {taskinstance.py:1165} INFO - Dependencies all met for <TaskInstance: get_crypto_dag.MSFT scheduled__2023-01-02T00:00:00+00:00 [queued]>
[2023-01-03T20:23:56.163+0000] {taskinstance.py:1165} INFO - Dependencies all met for <TaskInstance: get_crypto_dag.MSFT scheduled__2023-01-02T00:00:00+00:00 [queued]>
[2023-01-03T20:23:56.163+0000] {taskinstance.py:1362} INFO - 
--------------------------------------------------------------------------------
[2023-01-03T20:23:56.164+0000] {taskinstance.py:1363} INFO - Starting attempt 1 of 1
[2023-01-03T20:23:56.164+0000] {taskinstance.py:1364} INFO - 
--------------------------------------------------------------------------------
[2023-01-03T20:23:56.176+0000] {taskinstance.py:1383} INFO - Executing <Task(_PythonDecoratedOperator): MSFT> on 2023-01-02 00:00:00+00:00
[2023-01-03T20:23:56.178+0000] {standard_task_runner.py:54} INFO - Started process 21 to run task
[2023-01-03T20:23:56.181+0000] {standard_task_runner.py:82} INFO - Running: ['airflow', 'tasks', 'run', 'get_crypto_dag', 'MSFT', 'scheduled__2023-01-02T00:00:00+00:00', '--job-id', '83', '--raw', '--subdir', 'DAGS_FOLDER/get_stocks_dag.py', '--cfg-path', '/tmp/tmpxqlct05w']
[2023-01-03T20:23:56.182+0000] {standard_task_runner.py:83} INFO - Job 83: Subtask MSFT
[2023-01-03T20:23:56.183+0000] {dagbag.py:525} INFO - Filling up the DagBag from /opt/airflow/dags/get_stocks_dag.py
[2023-01-03T20:23:57.522+0000] {logging_mixin.py:117} WARNING - /home/airflow/.local/lib/python3.7/site-packages/airflow/models/dag.py:3425 RemovedInAirflow3Warning: Param `schedule_interval` is deprecated and will be removed in a future release. Please use `schedule` instead.
[2023-01-03T20:23:57.605+0000] {task_command.py:384} INFO - Running <TaskInstance: get_crypto_dag.MSFT scheduled__2023-01-02T00:00:00+00:00 [running]> on host getcryptodagmsft-713f55dc6ccc4c5db069576e624c346d
[2023-01-03T20:23:57.790+0000] {taskinstance.py:1592} INFO - Exporting the following env vars:
AIRFLOW_CTX_DAG_OWNER=airflow
AIRFLOW_CTX_DAG_ID=get_crypto_dag
AIRFLOW_CTX_TASK_ID=MSFT
AIRFLOW_CTX_EXECUTION_DATE=2023-01-02T00:00:00+00:00
AIRFLOW_CTX_TRY_NUMBER=1
AIRFLOW_CTX_DAG_RUN_ID=scheduled__2023-01-02T00:00:00+00:00
[2023-01-03T20:23:58.670+0000] {logging_mixin.py:117} INFO - - MSFT: No data found for this date range, symbol may be delisted
[2023-01-03T20:23:58.673+0000] {python.py:177} INFO - Done. Returned value was: None
[2023-01-03T20:23:58.684+0000] {taskinstance.py:1406} INFO - Marking task as SUCCESS. dag_id=get_crypto_dag, task_id=MSFT, execution_date=20230102T000000, start_date=20230103T202356, end_date=20230103T202358
[2023-01-03T20:23:58.745+0000] {local_task_job.py:164} INFO - Task exited with return code 0
[2023-01-03T20:23:58.764+0000] {local_task_job.py:273} INFO - 0 downstream tasks scheduled from follow-on schedule check
[2023-01-03T20:29:35.017+0000] {taskinstance.py:1165} INFO - Dependencies all met for <TaskInstance: get_crypto_dag.MSFT scheduled__2023-01-02T00:00:00+00:00 [queued]>
[2023-01-03T20:29:35.026+0000] {taskinstance.py:1165} INFO - Dependencies all met for <TaskInstance: get_crypto_dag.MSFT scheduled__2023-01-02T00:00:00+00:00 [queued]>
[2023-01-03T20:29:35.027+0000] {taskinstance.py:1362} INFO - 
--------------------------------------------------------------------------------
[2023-01-03T20:29:35.027+0000] {taskinstance.py:1363} INFO - Starting attempt 1 of 1
[2023-01-03T20:29:35.027+0000] {taskinstance.py:1364} INFO - 
--------------------------------------------------------------------------------
[2023-01-03T20:29:35.040+0000] {taskinstance.py:1383} INFO - Executing <Task(_PythonDecoratedOperator): MSFT> on 2023-01-02 00:00:00+00:00
[2023-01-03T20:29:35.043+0000] {standard_task_runner.py:54} INFO - Started process 21 to run task
[2023-01-03T20:29:35.045+0000] {standard_task_runner.py:82} INFO - Running: ['airflow', 'tasks', 'run', 'get_crypto_dag', 'MSFT', 'scheduled__2023-01-02T00:00:00+00:00', '--job-id', '87', '--raw', '--subdir', 'DAGS_FOLDER/get_stocks_dag.py', '--cfg-path', '/tmp/tmphqd2jbt2']
[2023-01-03T20:29:35.047+0000] {standard_task_runner.py:83} INFO - Job 87: Subtask MSFT
[2023-01-03T20:29:35.048+0000] {dagbag.py:525} INFO - Filling up the DagBag from /opt/airflow/dags/get_stocks_dag.py
[2023-01-03T20:29:36.213+0000] {logging_mixin.py:117} WARNING - /home/airflow/.local/lib/python3.7/site-packages/airflow/models/dag.py:3425 RemovedInAirflow3Warning: Param `schedule_interval` is deprecated and will be removed in a future release. Please use `schedule` instead.
[2023-01-03T20:29:36.286+0000] {task_command.py:384} INFO - Running <TaskInstance: get_crypto_dag.MSFT scheduled__2023-01-02T00:00:00+00:00 [running]> on host getcryptodagmsft-065b489502474cfca60eaa51281d2399
[2023-01-03T20:29:36.412+0000] {taskinstance.py:1592} INFO - Exporting the following env vars:
AIRFLOW_CTX_DAG_OWNER=airflow
AIRFLOW_CTX_DAG_ID=get_crypto_dag
AIRFLOW_CTX_TASK_ID=MSFT
AIRFLOW_CTX_EXECUTION_DATE=2023-01-02T00:00:00+00:00
AIRFLOW_CTX_TRY_NUMBER=1
AIRFLOW_CTX_DAG_RUN_ID=scheduled__2023-01-02T00:00:00+00:00
[2023-01-03T20:29:37.029+0000] {logging_mixin.py:117} INFO - - MSFT: No data found for this date range, symbol may be delisted
[2023-01-03T20:29:37.033+0000] {python.py:177} INFO - Done. Returned value was: None
[2023-01-03T20:29:37.043+0000] {taskinstance.py:1406} INFO - Marking task as SUCCESS. dag_id=get_crypto_dag, task_id=MSFT, execution_date=20230102T000000, start_date=20230103T202935, end_date=20230103T202937
[2023-01-03T20:29:37.059+0000] {local_task_job.py:164} INFO - Task exited with return code 0
[2023-01-03T20:29:37.079+0000] {local_task_job.py:273} INFO - 0 downstream tasks scheduled from follow-on schedule check
[2023-01-03T20:35:26.131+0000] {taskinstance.py:1165} INFO - Dependencies all met for <TaskInstance: get_crypto_dag.MSFT scheduled__2023-01-02T00:00:00+00:00 [queued]>
[2023-01-03T20:35:26.145+0000] {taskinstance.py:1165} INFO - Dependencies all met for <TaskInstance: get_crypto_dag.MSFT scheduled__2023-01-02T00:00:00+00:00 [queued]>
[2023-01-03T20:35:26.145+0000] {taskinstance.py:1362} INFO - 
--------------------------------------------------------------------------------
[2023-01-03T20:35:26.146+0000] {taskinstance.py:1363} INFO - Starting attempt 1 of 1
[2023-01-03T20:35:26.146+0000] {taskinstance.py:1364} INFO - 
--------------------------------------------------------------------------------
[2023-01-03T20:35:26.164+0000] {taskinstance.py:1383} INFO - Executing <Task(_PythonDecoratedOperator): MSFT> on 2023-01-02 00:00:00+00:00
[2023-01-03T20:35:26.167+0000] {standard_task_runner.py:54} INFO - Started process 21 to run task
[2023-01-03T20:35:26.170+0000] {standard_task_runner.py:82} INFO - Running: ['airflow', 'tasks', 'run', 'get_crypto_dag', 'MSFT', 'scheduled__2023-01-02T00:00:00+00:00', '--job-id', '93', '--raw', '--subdir', 'DAGS_FOLDER/get_stocks_dag.py', '--cfg-path', '/tmp/tmpg0bgc0ge']
[2023-01-03T20:35:26.171+0000] {standard_task_runner.py:83} INFO - Job 93: Subtask MSFT
[2023-01-03T20:35:26.173+0000] {dagbag.py:525} INFO - Filling up the DagBag from /opt/airflow/dags/get_stocks_dag.py
[2023-01-03T20:35:27.284+0000] {logging_mixin.py:117} WARNING - /home/airflow/.local/lib/python3.7/site-packages/airflow/models/dag.py:3425 RemovedInAirflow3Warning: Param `schedule_interval` is deprecated and will be removed in a future release. Please use `schedule` instead.
[2023-01-03T20:35:27.351+0000] {task_command.py:384} INFO - Running <TaskInstance: get_crypto_dag.MSFT scheduled__2023-01-02T00:00:00+00:00 [running]> on host getcryptodagmsft-f2dd8f9afae54c0a9eec9ff2c9382e5f
[2023-01-03T20:35:27.442+0000] {taskinstance.py:1592} INFO - Exporting the following env vars:
AIRFLOW_CTX_DAG_OWNER=airflow
AIRFLOW_CTX_DAG_ID=get_crypto_dag
AIRFLOW_CTX_TASK_ID=MSFT
AIRFLOW_CTX_EXECUTION_DATE=2023-01-02T00:00:00+00:00
AIRFLOW_CTX_TRY_NUMBER=1
AIRFLOW_CTX_DAG_RUN_ID=scheduled__2023-01-02T00:00:00+00:00
[2023-01-03T20:35:28.118+0000] {logging_mixin.py:117} INFO - - MSFT: No data found for this date range, symbol may be delisted
[2023-01-03T20:35:28.122+0000] {python.py:177} INFO - Done. Returned value was: None
[2023-01-03T20:35:28.131+0000] {taskinstance.py:1406} INFO - Marking task as SUCCESS. dag_id=get_crypto_dag, task_id=MSFT, execution_date=20230102T000000, start_date=20230103T203526, end_date=20230103T203528
[2023-01-03T20:35:28.183+0000] {local_task_job.py:164} INFO - Task exited with return code 0
[2023-01-03T20:35:28.201+0000] {local_task_job.py:273} INFO - 0 downstream tasks scheduled from follow-on schedule check
[2023-01-03T21:15:05.542+0000] {taskinstance.py:1165} INFO - Dependencies all met for <TaskInstance: get_crypto_dag.MSFT scheduled__2023-01-02T00:00:00+00:00 [queued]>
[2023-01-03T21:15:05.553+0000] {taskinstance.py:1165} INFO - Dependencies all met for <TaskInstance: get_crypto_dag.MSFT scheduled__2023-01-02T00:00:00+00:00 [queued]>
[2023-01-03T21:15:05.554+0000] {taskinstance.py:1362} INFO - 
--------------------------------------------------------------------------------
[2023-01-03T21:15:05.554+0000] {taskinstance.py:1363} INFO - Starting attempt 1 of 1
[2023-01-03T21:15:05.554+0000] {taskinstance.py:1364} INFO - 
--------------------------------------------------------------------------------
[2023-01-03T21:15:05.569+0000] {taskinstance.py:1383} INFO - Executing <Task(_PythonDecoratedOperator): MSFT> on 2023-01-02 00:00:00+00:00
[2023-01-03T21:15:05.573+0000] {standard_task_runner.py:54} INFO - Started process 21 to run task
[2023-01-03T21:15:05.576+0000] {standard_task_runner.py:82} INFO - Running: ['airflow', 'tasks', 'run', 'get_crypto_dag', 'MSFT', 'scheduled__2023-01-02T00:00:00+00:00', '--job-id', '107', '--raw', '--subdir', 'DAGS_FOLDER/get_stocks_dag.py', '--cfg-path', '/tmp/tmplkviztt7']
[2023-01-03T21:15:05.577+0000] {standard_task_runner.py:83} INFO - Job 107: Subtask MSFT
[2023-01-03T21:15:05.578+0000] {dagbag.py:525} INFO - Filling up the DagBag from /opt/airflow/dags/get_stocks_dag.py
[2023-01-03T21:15:06.856+0000] {logging_mixin.py:117} WARNING - /home/airflow/.local/lib/python3.7/site-packages/airflow/models/dag.py:3425 RemovedInAirflow3Warning: Param `schedule_interval` is deprecated and will be removed in a future release. Please use `schedule` instead.
[2023-01-03T21:15:06.965+0000] {task_command.py:384} INFO - Running <TaskInstance: get_crypto_dag.MSFT scheduled__2023-01-02T00:00:00+00:00 [running]> on host getcryptodagmsft-159bc9ec8e7f4d8682191e022b799037
[2023-01-03T21:15:07.175+0000] {taskinstance.py:1592} INFO - Exporting the following env vars:
AIRFLOW_CTX_DAG_OWNER=airflow
AIRFLOW_CTX_DAG_ID=get_crypto_dag
AIRFLOW_CTX_TASK_ID=MSFT
AIRFLOW_CTX_EXECUTION_DATE=2023-01-02T00:00:00+00:00
AIRFLOW_CTX_TRY_NUMBER=1
AIRFLOW_CTX_DAG_RUN_ID=scheduled__2023-01-02T00:00:00+00:00
[2023-01-03T21:15:07.872+0000] {logging_mixin.py:117} INFO - - MSFT: No data found for this date range, symbol may be delisted
[2023-01-03T21:15:07.876+0000] {python.py:177} INFO - Done. Returned value was: None
[2023-01-03T21:15:07.888+0000] {taskinstance.py:1406} INFO - Marking task as SUCCESS. dag_id=get_crypto_dag, task_id=MSFT, execution_date=20230102T000000, start_date=20230103T211505, end_date=20230103T211507
[2023-01-03T21:15:07.941+0000] {local_task_job.py:164} INFO - Task exited with return code 0
[2023-01-03T21:15:07.967+0000] {local_task_job.py:273} INFO - 0 downstream tasks scheduled from follow-on schedule check
