[2022-12-28T23:40:02.624+0000] {taskinstance.py:1165} INFO - Dependencies all met for <TaskInstance: get_crypto_dag.AAPL scheduled__2022-12-26T00:00:00+00:00 [queued]>
[2022-12-28T23:40:02.635+0000] {taskinstance.py:1165} INFO - Dependencies all met for <TaskInstance: get_crypto_dag.AAPL scheduled__2022-12-26T00:00:00+00:00 [queued]>
[2022-12-28T23:40:02.635+0000] {taskinstance.py:1362} INFO - 
--------------------------------------------------------------------------------
[2022-12-28T23:40:02.636+0000] {taskinstance.py:1363} INFO - Starting attempt 1 of 1
[2022-12-28T23:40:02.636+0000] {taskinstance.py:1364} INFO - 
--------------------------------------------------------------------------------
[2022-12-28T23:40:02.651+0000] {taskinstance.py:1383} INFO - Executing <Task(_PythonDecoratedOperator): AAPL> on 2022-12-26 00:00:00+00:00
[2022-12-28T23:40:02.654+0000] {standard_task_runner.py:54} INFO - Started process 21 to run task
[2022-12-28T23:40:02.658+0000] {standard_task_runner.py:82} INFO - Running: ['airflow', 'tasks', 'run', 'get_crypto_dag', 'AAPL', 'scheduled__2022-12-26T00:00:00+00:00', '--job-id', '50', '--raw', '--subdir', 'DAGS_FOLDER/get_stocks_dag.py', '--cfg-path', '/tmp/tmpwl963g4a']
[2022-12-28T23:40:02.659+0000] {standard_task_runner.py:83} INFO - Job 50: Subtask AAPL
[2022-12-28T23:40:02.660+0000] {dagbag.py:525} INFO - Filling up the DagBag from /opt/airflow/dags/get_stocks_dag.py
[2022-12-28T23:40:04.444+0000] {logging_mixin.py:117} WARNING - /home/airflow/.local/lib/python3.7/site-packages/airflow/models/dag.py:3425 RemovedInAirflow3Warning: Param `schedule_interval` is deprecated and will be removed in a future release. Please use `schedule` instead.
[2022-12-28T23:40:04.524+0000] {task_command.py:384} INFO - Running <TaskInstance: get_crypto_dag.AAPL scheduled__2022-12-26T00:00:00+00:00 [running]> on host getcryptodagaapl-325495040c1e4345b46b2d01812c1664
[2022-12-28T23:40:04.656+0000] {taskinstance.py:1592} INFO - Exporting the following env vars:
AIRFLOW_CTX_DAG_OWNER=airflow
AIRFLOW_CTX_DAG_ID=get_crypto_dag
AIRFLOW_CTX_TASK_ID=AAPL
AIRFLOW_CTX_EXECUTION_DATE=2022-12-26T00:00:00+00:00
AIRFLOW_CTX_TRY_NUMBER=1
AIRFLOW_CTX_DAG_RUN_ID=scheduled__2022-12-26T00:00:00+00:00
[2022-12-28T23:40:05.216+0000] {logging_mixin.py:117} INFO - - AAPL: No data found for this date range, symbol may be delisted
[2022-12-28T23:40:05.219+0000] {python.py:177} INFO - Done. Returned value was: None
[2022-12-28T23:40:05.249+0000] {taskinstance.py:1406} INFO - Marking task as SUCCESS. dag_id=get_crypto_dag, task_id=AAPL, execution_date=20221226T000000, start_date=20221228T234002, end_date=20221228T234005
[2022-12-28T23:40:05.304+0000] {local_task_job.py:164} INFO - Task exited with return code 0
[2022-12-28T23:40:05.323+0000] {local_task_job.py:273} INFO - 0 downstream tasks scheduled from follow-on schedule check
