[2023-01-09T17:33:59.530+0000] {taskinstance.py:1165} INFO - Dependencies all met for <TaskInstance: get_crypto_dag.AVAX scheduled__2023-01-08T00:00:00+00:00 [queued]>
[2023-01-09T17:33:59.539+0000] {taskinstance.py:1165} INFO - Dependencies all met for <TaskInstance: get_crypto_dag.AVAX scheduled__2023-01-08T00:00:00+00:00 [queued]>
[2023-01-09T17:33:59.540+0000] {taskinstance.py:1362} INFO - 
--------------------------------------------------------------------------------
[2023-01-09T17:33:59.540+0000] {taskinstance.py:1363} INFO - Starting attempt 1 of 1
[2023-01-09T17:33:59.540+0000] {taskinstance.py:1364} INFO - 
--------------------------------------------------------------------------------
[2023-01-09T17:33:59.554+0000] {taskinstance.py:1383} INFO - Executing <Task(_PythonDecoratedOperator): AVAX> on 2023-01-08 00:00:00+00:00
[2023-01-09T17:33:59.557+0000] {standard_task_runner.py:54} INFO - Started process 21 to run task
[2023-01-09T17:33:59.560+0000] {standard_task_runner.py:82} INFO - Running: ['airflow', 'tasks', 'run', 'get_crypto_dag', 'AVAX', 'scheduled__2023-01-08T00:00:00+00:00', '--job-id', '123', '--raw', '--subdir', 'DAGS_FOLDER/get_stocks_dag.py', '--cfg-path', '/tmp/tmpxh9_4plw']
[2023-01-09T17:33:59.561+0000] {standard_task_runner.py:83} INFO - Job 123: Subtask AVAX
[2023-01-09T17:33:59.562+0000] {dagbag.py:525} INFO - Filling up the DagBag from /opt/airflow/dags/get_stocks_dag.py
[2023-01-09T17:34:00.699+0000] {logging_mixin.py:117} WARNING - /home/airflow/.local/lib/python3.7/site-packages/airflow/models/dag.py:3425 RemovedInAirflow3Warning: Param `schedule_interval` is deprecated and will be removed in a future release. Please use `schedule` instead.
[2023-01-09T17:34:00.767+0000] {task_command.py:384} INFO - Running <TaskInstance: get_crypto_dag.AVAX scheduled__2023-01-08T00:00:00+00:00 [running]> on host getcryptodagavax-d14ae5528aff4760be7913ec605614c3
[2023-01-09T17:34:00.855+0000] {taskinstance.py:1592} INFO - Exporting the following env vars:
AIRFLOW_CTX_DAG_OWNER=airflow
AIRFLOW_CTX_DAG_ID=get_crypto_dag
AIRFLOW_CTX_TASK_ID=AVAX
AIRFLOW_CTX_EXECUTION_DATE=2023-01-08T00:00:00+00:00
AIRFLOW_CTX_TRY_NUMBER=1
AIRFLOW_CTX_DAG_RUN_ID=scheduled__2023-01-08T00:00:00+00:00
[2023-01-09T17:34:01.132+0000] {logging_mixin.py:117} INFO - Got error from yahoo api for ticker AVAX, Error: {'code': 'Not Found', 'description': 'No data found, symbol may be delisted'}
[2023-01-09T17:34:01.133+0000] {logging_mixin.py:117} INFO - - AVAX: No data found for this date range, symbol may be delisted
[2023-01-09T17:34:01.138+0000] {python.py:177} INFO - Done. Returned value was: None
[2023-01-09T17:34:01.147+0000] {taskinstance.py:1406} INFO - Marking task as SUCCESS. dag_id=get_crypto_dag, task_id=AVAX, execution_date=20230108T000000, start_date=20230109T173359, end_date=20230109T173401
[2023-01-09T17:34:01.171+0000] {local_task_job.py:164} INFO - Task exited with return code 0
[2023-01-09T17:34:01.188+0000] {local_task_job.py:273} INFO - 0 downstream tasks scheduled from follow-on schedule check
[2023-01-09T17:37:12.260+0000] {taskinstance.py:1165} INFO - Dependencies all met for <TaskInstance: get_crypto_dag.AVAX scheduled__2023-01-08T00:00:00+00:00 [queued]>
[2023-01-09T17:37:12.272+0000] {taskinstance.py:1165} INFO - Dependencies all met for <TaskInstance: get_crypto_dag.AVAX scheduled__2023-01-08T00:00:00+00:00 [queued]>
[2023-01-09T17:37:12.272+0000] {taskinstance.py:1362} INFO - 
--------------------------------------------------------------------------------
[2023-01-09T17:37:12.273+0000] {taskinstance.py:1363} INFO - Starting attempt 1 of 1
[2023-01-09T17:37:12.273+0000] {taskinstance.py:1364} INFO - 
--------------------------------------------------------------------------------
[2023-01-09T17:37:12.286+0000] {taskinstance.py:1383} INFO - Executing <Task(_PythonDecoratedOperator): AVAX> on 2023-01-08 00:00:00+00:00
[2023-01-09T17:37:12.290+0000] {standard_task_runner.py:54} INFO - Started process 21 to run task
[2023-01-09T17:37:12.293+0000] {standard_task_runner.py:82} INFO - Running: ['airflow', 'tasks', 'run', 'get_crypto_dag', 'AVAX', 'scheduled__2023-01-08T00:00:00+00:00', '--job-id', '139', '--raw', '--subdir', 'DAGS_FOLDER/get_stocks_dag.py', '--cfg-path', '/tmp/tmp9nmc8sz3']
[2023-01-09T17:37:12.294+0000] {standard_task_runner.py:83} INFO - Job 139: Subtask AVAX
[2023-01-09T17:37:12.295+0000] {dagbag.py:525} INFO - Filling up the DagBag from /opt/airflow/dags/get_stocks_dag.py
[2023-01-09T17:37:13.408+0000] {logging_mixin.py:117} WARNING - /home/airflow/.local/lib/python3.7/site-packages/airflow/models/dag.py:3425 RemovedInAirflow3Warning: Param `schedule_interval` is deprecated and will be removed in a future release. Please use `schedule` instead.
[2023-01-09T17:37:13.482+0000] {task_command.py:384} INFO - Running <TaskInstance: get_crypto_dag.AVAX scheduled__2023-01-08T00:00:00+00:00 [running]> on host getcryptodagavax-7d3567bc7ac34bb88c8a56c20271c25f
[2023-01-09T17:37:13.582+0000] {taskinstance.py:1592} INFO - Exporting the following env vars:
AIRFLOW_CTX_DAG_OWNER=airflow
AIRFLOW_CTX_DAG_ID=get_crypto_dag
AIRFLOW_CTX_TASK_ID=AVAX
AIRFLOW_CTX_EXECUTION_DATE=2023-01-08T00:00:00+00:00
AIRFLOW_CTX_TRY_NUMBER=1
AIRFLOW_CTX_DAG_RUN_ID=scheduled__2023-01-08T00:00:00+00:00
[2023-01-09T17:37:13.951+0000] {logging_mixin.py:117} INFO - Got error from yahoo api for ticker AVAX, Error: {'code': 'Not Found', 'description': 'No data found, symbol may be delisted'}
[2023-01-09T17:37:13.953+0000] {logging_mixin.py:117} INFO - - AVAX: No data found for this date range, symbol may be delisted
[2023-01-09T17:37:13.960+0000] {python.py:177} INFO - Done. Returned value was: None
[2023-01-09T17:37:13.971+0000] {taskinstance.py:1406} INFO - Marking task as SUCCESS. dag_id=get_crypto_dag, task_id=AVAX, execution_date=20230108T000000, start_date=20230109T173712, end_date=20230109T173713
[2023-01-09T17:37:14.032+0000] {local_task_job.py:164} INFO - Task exited with return code 0
[2023-01-09T17:37:14.054+0000] {local_task_job.py:273} INFO - 0 downstream tasks scheduled from follow-on schedule check
