[2022-12-28T23:40:03.708+0000] {taskinstance.py:1165} INFO - Dependencies all met for <TaskInstance: get_crypto_dag.GOOG scheduled__2022-12-26T00:00:00+00:00 [queued]>
[2022-12-28T23:40:03.719+0000] {taskinstance.py:1165} INFO - Dependencies all met for <TaskInstance: get_crypto_dag.GOOG scheduled__2022-12-26T00:00:00+00:00 [queued]>
[2022-12-28T23:40:03.720+0000] {taskinstance.py:1362} INFO - 
--------------------------------------------------------------------------------
[2022-12-28T23:40:03.720+0000] {taskinstance.py:1363} INFO - Starting attempt 1 of 1
[2022-12-28T23:40:03.720+0000] {taskinstance.py:1364} INFO - 
--------------------------------------------------------------------------------
[2022-12-28T23:40:03.741+0000] {taskinstance.py:1383} INFO - Executing <Task(_PythonDecoratedOperator): GOOG> on 2022-12-26 00:00:00+00:00
[2022-12-28T23:40:03.743+0000] {standard_task_runner.py:54} INFO - Started process 21 to run task
[2022-12-28T23:40:03.746+0000] {standard_task_runner.py:82} INFO - Running: ['airflow', 'tasks', 'run', 'get_crypto_dag', 'GOOG', 'scheduled__2022-12-26T00:00:00+00:00', '--job-id', '51', '--raw', '--subdir', 'DAGS_FOLDER/get_stocks_dag.py', '--cfg-path', '/tmp/tmp8zpmzz2g']
[2022-12-28T23:40:03.748+0000] {standard_task_runner.py:83} INFO - Job 51: Subtask GOOG
[2022-12-28T23:40:03.750+0000] {dagbag.py:525} INFO - Filling up the DagBag from /opt/airflow/dags/get_stocks_dag.py
[2022-12-28T23:40:05.307+0000] {logging_mixin.py:117} WARNING - /home/airflow/.local/lib/python3.7/site-packages/airflow/models/dag.py:3425 RemovedInAirflow3Warning: Param `schedule_interval` is deprecated and will be removed in a future release. Please use `schedule` instead.
[2022-12-28T23:40:05.387+0000] {task_command.py:384} INFO - Running <TaskInstance: get_crypto_dag.GOOG scheduled__2022-12-26T00:00:00+00:00 [running]> on host getcryptodaggoog-39dc8cd2f3d0474580350d84f569df96
[2022-12-28T23:40:05.502+0000] {taskinstance.py:1592} INFO - Exporting the following env vars:
AIRFLOW_CTX_DAG_OWNER=airflow
AIRFLOW_CTX_DAG_ID=get_crypto_dag
AIRFLOW_CTX_TASK_ID=GOOG
AIRFLOW_CTX_EXECUTION_DATE=2022-12-26T00:00:00+00:00
AIRFLOW_CTX_TRY_NUMBER=1
AIRFLOW_CTX_DAG_RUN_ID=scheduled__2022-12-26T00:00:00+00:00
[2022-12-28T23:40:06.066+0000] {logging_mixin.py:117} INFO - - GOOG: No data found for this date range, symbol may be delisted
[2022-12-28T23:40:06.071+0000] {python.py:177} INFO - Done. Returned value was: None
[2022-12-28T23:40:06.084+0000] {taskinstance.py:1406} INFO - Marking task as SUCCESS. dag_id=get_crypto_dag, task_id=GOOG, execution_date=20221226T000000, start_date=20221228T234003, end_date=20221228T234006
[2022-12-28T23:40:06.107+0000] {local_task_job.py:164} INFO - Task exited with return code 0
[2022-12-28T23:40:06.127+0000] {local_task_job.py:273} INFO - 0 downstream tasks scheduled from follow-on schedule check
