[2023-01-09T17:39:45.940+0000] {taskinstance.py:1165} INFO - Dependencies all met for <TaskInstance: get_crypto_dag.AAPL scheduled__2023-01-07T00:00:00+00:00 [queued]>
[2023-01-09T17:39:45.950+0000] {taskinstance.py:1165} INFO - Dependencies all met for <TaskInstance: get_crypto_dag.AAPL scheduled__2023-01-07T00:00:00+00:00 [queued]>
[2023-01-09T17:39:45.950+0000] {taskinstance.py:1362} INFO - 
--------------------------------------------------------------------------------
[2023-01-09T17:39:45.951+0000] {taskinstance.py:1363} INFO - Starting attempt 1 of 1
[2023-01-09T17:39:45.951+0000] {taskinstance.py:1364} INFO - 
--------------------------------------------------------------------------------
[2023-01-09T17:39:45.971+0000] {taskinstance.py:1383} INFO - Executing <Task(_PythonDecoratedOperator): AAPL> on 2023-01-07 00:00:00+00:00
[2023-01-09T17:39:45.975+0000] {standard_task_runner.py:54} INFO - Started process 21 to run task
[2023-01-09T17:39:45.978+0000] {standard_task_runner.py:82} INFO - Running: ['airflow', 'tasks', 'run', 'get_crypto_dag', 'AAPL', 'scheduled__2023-01-07T00:00:00+00:00', '--job-id', '148', '--raw', '--subdir', 'DAGS_FOLDER/get_stocks_dag.py', '--cfg-path', '/tmp/tmpd4djajzd']
[2023-01-09T17:39:45.980+0000] {standard_task_runner.py:83} INFO - Job 148: Subtask AAPL
[2023-01-09T17:39:45.981+0000] {dagbag.py:525} INFO - Filling up the DagBag from /opt/airflow/dags/get_stocks_dag.py
[2023-01-09T17:39:47.439+0000] {logging_mixin.py:117} WARNING - /home/airflow/.local/lib/python3.7/site-packages/airflow/models/dag.py:3425 RemovedInAirflow3Warning: Param `schedule_interval` is deprecated and will be removed in a future release. Please use `schedule` instead.
[2023-01-09T17:39:47.509+0000] {task_command.py:384} INFO - Running <TaskInstance: get_crypto_dag.AAPL scheduled__2023-01-07T00:00:00+00:00 [running]> on host getcryptodagaapl-de463acc410446fa9487ea612828f5a7
[2023-01-09T17:39:47.616+0000] {taskinstance.py:1592} INFO - Exporting the following env vars:
AIRFLOW_CTX_DAG_OWNER=airflow
AIRFLOW_CTX_DAG_ID=get_crypto_dag
AIRFLOW_CTX_TASK_ID=AAPL
AIRFLOW_CTX_EXECUTION_DATE=2023-01-07T00:00:00+00:00
AIRFLOW_CTX_TRY_NUMBER=1
AIRFLOW_CTX_DAG_RUN_ID=scheduled__2023-01-07T00:00:00+00:00
[2023-01-09T17:39:48.284+0000] {python.py:177} INFO - Done. Returned value was: None
[2023-01-09T17:39:48.294+0000] {taskinstance.py:1406} INFO - Marking task as SUCCESS. dag_id=get_crypto_dag, task_id=AAPL, execution_date=20230107T000000, start_date=20230109T173945, end_date=20230109T173948
[2023-01-09T17:39:48.353+0000] {local_task_job.py:164} INFO - Task exited with return code 0
[2023-01-09T17:39:48.377+0000] {local_task_job.py:273} INFO - 0 downstream tasks scheduled from follow-on schedule check
[2023-01-09T18:23:21.181+0000] {taskinstance.py:1165} INFO - Dependencies all met for <TaskInstance: get_crypto_dag.AAPL scheduled__2023-01-07T00:00:00+00:00 [queued]>
[2023-01-09T18:23:21.188+0000] {taskinstance.py:1165} INFO - Dependencies all met for <TaskInstance: get_crypto_dag.AAPL scheduled__2023-01-07T00:00:00+00:00 [queued]>
[2023-01-09T18:23:21.189+0000] {taskinstance.py:1362} INFO - 
--------------------------------------------------------------------------------
[2023-01-09T18:23:21.189+0000] {taskinstance.py:1363} INFO - Starting attempt 1 of 1
[2023-01-09T18:23:21.190+0000] {taskinstance.py:1364} INFO - 
--------------------------------------------------------------------------------
[2023-01-09T18:23:21.203+0000] {taskinstance.py:1383} INFO - Executing <Task(_PythonDecoratedOperator): AAPL> on 2023-01-07 00:00:00+00:00
[2023-01-09T18:23:21.205+0000] {standard_task_runner.py:54} INFO - Started process 21 to run task
[2023-01-09T18:23:21.209+0000] {standard_task_runner.py:82} INFO - Running: ['airflow', 'tasks', 'run', 'get_crypto_dag', 'AAPL', 'scheduled__2023-01-07T00:00:00+00:00', '--job-id', '156', '--raw', '--subdir', 'DAGS_FOLDER/get_stocks_dag.py', '--cfg-path', '/tmp/tmp8b0tcime']
[2023-01-09T18:23:21.227+0000] {standard_task_runner.py:83} INFO - Job 156: Subtask AAPL
[2023-01-09T18:23:21.228+0000] {dagbag.py:525} INFO - Filling up the DagBag from /opt/airflow/dags/get_stocks_dag.py
[2023-01-09T18:23:22.461+0000] {logging_mixin.py:117} WARNING - /home/airflow/.local/lib/python3.7/site-packages/airflow/models/dag.py:3425 RemovedInAirflow3Warning: Param `schedule_interval` is deprecated and will be removed in a future release. Please use `schedule` instead.
[2023-01-09T18:23:22.562+0000] {task_command.py:384} INFO - Running <TaskInstance: get_crypto_dag.AAPL scheduled__2023-01-07T00:00:00+00:00 [running]> on host getcryptodagaapl-99552e952a4d4000b37d3f33b3d3e09a
[2023-01-09T18:23:22.670+0000] {taskinstance.py:1592} INFO - Exporting the following env vars:
AIRFLOW_CTX_DAG_OWNER=airflow
AIRFLOW_CTX_DAG_ID=get_crypto_dag
AIRFLOW_CTX_TASK_ID=AAPL
AIRFLOW_CTX_EXECUTION_DATE=2023-01-07T00:00:00+00:00
AIRFLOW_CTX_TRY_NUMBER=1
AIRFLOW_CTX_DAG_RUN_ID=scheduled__2023-01-07T00:00:00+00:00
[2023-01-09T18:23:23.608+0000] {python.py:177} INFO - Done. Returned value was: None
[2023-01-09T18:23:23.618+0000] {taskinstance.py:1406} INFO - Marking task as SUCCESS. dag_id=get_crypto_dag, task_id=AAPL, execution_date=20230107T000000, start_date=20230109T182321, end_date=20230109T182323
[2023-01-09T18:23:23.673+0000] {local_task_job.py:164} INFO - Task exited with return code 0
[2023-01-09T18:23:23.693+0000] {local_task_job.py:273} INFO - 0 downstream tasks scheduled from follow-on schedule check
[2023-01-09T18:25:25.962+0000] {taskinstance.py:1165} INFO - Dependencies all met for <TaskInstance: get_crypto_dag.AAPL scheduled__2023-01-07T00:00:00+00:00 [queued]>
[2023-01-09T18:25:25.970+0000] {taskinstance.py:1165} INFO - Dependencies all met for <TaskInstance: get_crypto_dag.AAPL scheduled__2023-01-07T00:00:00+00:00 [queued]>
[2023-01-09T18:25:25.971+0000] {taskinstance.py:1362} INFO - 
--------------------------------------------------------------------------------
[2023-01-09T18:25:25.971+0000] {taskinstance.py:1363} INFO - Starting attempt 1 of 1
[2023-01-09T18:25:25.972+0000] {taskinstance.py:1364} INFO - 
--------------------------------------------------------------------------------
[2023-01-09T18:25:25.984+0000] {taskinstance.py:1383} INFO - Executing <Task(_PythonDecoratedOperator): AAPL> on 2023-01-07 00:00:00+00:00
[2023-01-09T18:25:25.987+0000] {standard_task_runner.py:54} INFO - Started process 21 to run task
[2023-01-09T18:25:25.989+0000] {standard_task_runner.py:82} INFO - Running: ['airflow', 'tasks', 'run', 'get_crypto_dag', 'AAPL', 'scheduled__2023-01-07T00:00:00+00:00', '--job-id', '164', '--raw', '--subdir', 'DAGS_FOLDER/get_stocks_dag.py', '--cfg-path', '/tmp/tmpaf8ebpkx']
[2023-01-09T18:25:25.991+0000] {standard_task_runner.py:83} INFO - Job 164: Subtask AAPL
[2023-01-09T18:25:25.992+0000] {dagbag.py:525} INFO - Filling up the DagBag from /opt/airflow/dags/get_stocks_dag.py
[2023-01-09T18:25:27.184+0000] {logging_mixin.py:117} WARNING - /home/airflow/.local/lib/python3.7/site-packages/airflow/models/dag.py:3425 RemovedInAirflow3Warning: Param `schedule_interval` is deprecated and will be removed in a future release. Please use `schedule` instead.
[2023-01-09T18:25:27.265+0000] {task_command.py:384} INFO - Running <TaskInstance: get_crypto_dag.AAPL scheduled__2023-01-07T00:00:00+00:00 [running]> on host getcryptodagaapl-4d54bbc6c567490b804ba212f199008e
[2023-01-09T18:25:27.376+0000] {taskinstance.py:1592} INFO - Exporting the following env vars:
AIRFLOW_CTX_DAG_OWNER=airflow
AIRFLOW_CTX_DAG_ID=get_crypto_dag
AIRFLOW_CTX_TASK_ID=AAPL
AIRFLOW_CTX_EXECUTION_DATE=2023-01-07T00:00:00+00:00
AIRFLOW_CTX_TRY_NUMBER=1
AIRFLOW_CTX_DAG_RUN_ID=scheduled__2023-01-07T00:00:00+00:00
[2023-01-09T18:25:28.040+0000] {python.py:177} INFO - Done. Returned value was: None
[2023-01-09T18:25:28.050+0000] {taskinstance.py:1406} INFO - Marking task as SUCCESS. dag_id=get_crypto_dag, task_id=AAPL, execution_date=20230107T000000, start_date=20230109T182525, end_date=20230109T182528
[2023-01-09T18:25:28.092+0000] {local_task_job.py:164} INFO - Task exited with return code 0
[2023-01-09T18:25:28.111+0000] {local_task_job.py:273} INFO - 0 downstream tasks scheduled from follow-on schedule check
