[2022-12-28T23:40:22.078+0000] {taskinstance.py:1165} INFO - Dependencies all met for <TaskInstance: get_crypto_dag.TSLA scheduled__2022-12-26T00:00:00+00:00 [queued]>
[2022-12-28T23:40:22.090+0000] {taskinstance.py:1165} INFO - Dependencies all met for <TaskInstance: get_crypto_dag.TSLA scheduled__2022-12-26T00:00:00+00:00 [queued]>
[2022-12-28T23:40:22.090+0000] {taskinstance.py:1362} INFO - 
--------------------------------------------------------------------------------
[2022-12-28T23:40:22.091+0000] {taskinstance.py:1363} INFO - Starting attempt 1 of 1
[2022-12-28T23:40:22.091+0000] {taskinstance.py:1364} INFO - 
--------------------------------------------------------------------------------
[2022-12-28T23:40:22.107+0000] {taskinstance.py:1383} INFO - Executing <Task(_PythonDecoratedOperator): TSLA> on 2022-12-26 00:00:00+00:00
[2022-12-28T23:40:22.109+0000] {standard_task_runner.py:54} INFO - Started process 21 to run task
[2022-12-28T23:40:22.112+0000] {standard_task_runner.py:82} INFO - Running: ['airflow', 'tasks', 'run', 'get_crypto_dag', 'TSLA', 'scheduled__2022-12-26T00:00:00+00:00', '--job-id', '53', '--raw', '--subdir', 'DAGS_FOLDER/get_stocks_dag.py', '--cfg-path', '/tmp/tmpqildxu2z']
[2022-12-28T23:40:22.113+0000] {standard_task_runner.py:83} INFO - Job 53: Subtask TSLA
[2022-12-28T23:40:22.114+0000] {dagbag.py:525} INFO - Filling up the DagBag from /opt/airflow/dags/get_stocks_dag.py
[2022-12-28T23:40:24.370+0000] {logging_mixin.py:117} WARNING - /home/airflow/.local/lib/python3.7/site-packages/airflow/models/dag.py:3425 RemovedInAirflow3Warning: Param `schedule_interval` is deprecated and will be removed in a future release. Please use `schedule` instead.
[2022-12-28T23:40:24.459+0000] {task_command.py:384} INFO - Running <TaskInstance: get_crypto_dag.TSLA scheduled__2022-12-26T00:00:00+00:00 [running]> on host getcryptodagtsla-581bb6aed7ce4e98a62b769fdc014571
[2022-12-28T23:40:24.595+0000] {taskinstance.py:1592} INFO - Exporting the following env vars:
AIRFLOW_CTX_DAG_OWNER=airflow
AIRFLOW_CTX_DAG_ID=get_crypto_dag
AIRFLOW_CTX_TASK_ID=TSLA
AIRFLOW_CTX_EXECUTION_DATE=2022-12-26T00:00:00+00:00
AIRFLOW_CTX_TRY_NUMBER=1
AIRFLOW_CTX_DAG_RUN_ID=scheduled__2022-12-26T00:00:00+00:00
[2022-12-28T23:40:25.121+0000] {logging_mixin.py:117} INFO - - TSLA: No data found for this date range, symbol may be delisted
[2022-12-28T23:40:25.123+0000] {python.py:177} INFO - Done. Returned value was: None
[2022-12-28T23:40:25.135+0000] {taskinstance.py:1406} INFO - Marking task as SUCCESS. dag_id=get_crypto_dag, task_id=TSLA, execution_date=20221226T000000, start_date=20221228T234022, end_date=20221228T234025
[2022-12-28T23:40:25.183+0000] {local_task_job.py:164} INFO - Task exited with return code 0
[2022-12-28T23:40:25.203+0000] {local_task_job.py:273} INFO - 0 downstream tasks scheduled from follow-on schedule check
